This is pdfTeX, Version 3.14159265-2.6-1.40.15 (TeX Live 2014) (preloaded format=pdflatex 2015.3.29)  24 JAN 2017 15:49
entering extended mode
 restricted \write18 enabled.
 file:line:error style messages enabled.
 %&-line parsing enabled.
**thesis.tex
(./thesis.tex
LaTeX2e <2014/05/01>
Babel <3.9k> and hyphenation patterns for 78 languages loaded.
(./preface/begin.tex
(/usr/local/texlive/2014/texmf-dist/tex/latex/base/book.cls
Document Class: book 2007/10/19 v1.4h Standard LaTeX document class
(/usr/local/texlive/2014/texmf-dist/tex/latex/base/bk11.clo
File: bk11.clo 2007/10/19 v1.4h Standard LaTeX file (size option)
)
\c@part=\count79
\c@chapter=\count80
\c@section=\count81
\c@subsection=\count82
\c@subsubsection=\count83
\c@paragraph=\count84
\c@subparagraph=\count85
\c@figure=\count86
\c@table=\count87
\abovecaptionskip=\skip41
\belowcaptionskip=\skip42
\bibindent=\dimen102
)
(/usr/local/texlive/2014/texmf-dist/tex/latex/graphics/lscape.sty
Package: lscape 2000/10/22 v3.01 Landscape Pages (DPC)

(/usr/local/texlive/2014/texmf-dist/tex/latex/graphics/graphics.sty
Package: graphics 2009/02/05 v1.0o Standard LaTeX Graphics (DPC,SPQR)

(/usr/local/texlive/2014/texmf-dist/tex/latex/graphics/trig.sty
Package: trig 1999/03/16 v1.09 sin cos tan (DPC)
)
(/usr/local/texlive/2014/texmf-dist/tex/latex/latexconfig/graphics.cfg
File: graphics.cfg 2010/04/23 v1.9 graphics configuration of TeX Live
)
Package graphics Info: Driver file: pdftex.def on input line 91.

(/usr/local/texlive/2014/texmf-dist/tex/latex/pdftex-def/pdftex.def
File: pdftex.def 2011/05/27 v0.06d Graphics/color for pdfTeX

(/usr/local/texlive/2014/texmf-dist/tex/generic/oberdiek/infwarerr.sty
Package: infwarerr 2010/04/08 v1.3 Providing info/warning/error messages (HO)
)
(/usr/local/texlive/2014/texmf-dist/tex/generic/oberdiek/ltxcmds.sty
Package: ltxcmds 2011/11/09 v1.22 LaTeX kernel commands for general use (HO)
)
\Gread@gobject=\count88
)))
(/usr/local/texlive/2014/texmf-dist/tex/latex/natbib/natbib.sty
Package: natbib 2010/09/13 8.31b (PWD, AO)
\bibhang=\skip43
\bibsep=\skip44
LaTeX Info: Redefining \cite on input line 694.
\c@NAT@ctr=\count89
)
(/usr/local/texlive/2014/texmf-dist/tex/latex/graphics/graphicx.sty
Package: graphicx 2014/04/25 v1.0g Enhanced LaTeX Graphics (DPC,SPQR)

(/usr/local/texlive/2014/texmf-dist/tex/latex/graphics/keyval.sty
Package: keyval 2014/05/08 v1.15 key=value parser (DPC)
\KV@toks@=\toks14
)
\Gin@req@height=\dimen103
\Gin@req@width=\dimen104
)
(/usr/local/texlive/2014/texmf-dist/tex/latex/amsmath/amsmath.sty
Package: amsmath 2013/01/14 v2.14 AMS math features
\@mathmargin=\skip45

For additional information on amsmath, use the `?' option.
(/usr/local/texlive/2014/texmf-dist/tex/latex/amsmath/amstext.sty
Package: amstext 2000/06/29 v2.01

(/usr/local/texlive/2014/texmf-dist/tex/latex/amsmath/amsgen.sty
File: amsgen.sty 1999/11/30 v2.0
\@emptytoks=\toks15
\ex@=\dimen105
))
(/usr/local/texlive/2014/texmf-dist/tex/latex/amsmath/amsbsy.sty
Package: amsbsy 1999/11/29 v1.2d
\pmbraise@=\dimen106
)
(/usr/local/texlive/2014/texmf-dist/tex/latex/amsmath/amsopn.sty
Package: amsopn 1999/12/14 v2.01 operator names
)
\inf@bad=\count90
LaTeX Info: Redefining \frac on input line 210.
\uproot@=\count91
\leftroot@=\count92
LaTeX Info: Redefining \overline on input line 306.
\classnum@=\count93
\DOTSCASE@=\count94
LaTeX Info: Redefining \ldots on input line 378.
LaTeX Info: Redefining \dots on input line 381.
LaTeX Info: Redefining \cdots on input line 466.
\Mathstrutbox@=\box26
\strutbox@=\box27
\big@size=\dimen107
LaTeX Font Info:    Redeclaring font encoding OML on input line 566.
LaTeX Font Info:    Redeclaring font encoding OMS on input line 567.
\macc@depth=\count95
\c@MaxMatrixCols=\count96
\dotsspace@=\muskip10
\c@parentequation=\count97
\dspbrk@lvl=\count98
\tag@help=\toks16
\row@=\count99
\column@=\count100
\maxfields@=\count101
\andhelp@=\toks17
\eqnshift@=\dimen108
\alignsep@=\dimen109
\tagshift@=\dimen110
\tagwidth@=\dimen111
\totwidth@=\dimen112
\lineht@=\dimen113
\@envbody=\toks18
\multlinegap=\skip46
\multlinetaggap=\skip47
\mathdisplay@stack=\toks19
LaTeX Info: Redefining \[ on input line 2665.
LaTeX Info: Redefining \] on input line 2666.
)
(/usr/local/texlive/2014/texmf-dist/tex/latex/base/latexsym.sty
Package: latexsym 1998/08/17 v2.2e Standard LaTeX package (lasy symbols)
\symlasy=\mathgroup4
LaTeX Font Info:    Overwriting symbol font `lasy' in version `bold'
(Font)                  U/lasy/m/n --> U/lasy/b/n on input line 47.
)
(/usr/local/texlive/2014/texmf-dist/tex/latex/base/flafter.sty
Package: flafter 2014/04/24 v1.2n Standard LaTeX floats after reference (FMi)
)
(/usr/local/texlive/2014/texmf-dist/tex/latex/tools/afterpage.sty
Package: afterpage 1995/10/27 v1.08 After-Page Package (DPC)
\AP@output=\toks20
\AP@partial=\box28
\AP@footins=\box29
)
(/usr/local/texlive/2014/texmf-dist/tex/latex/amsfonts/amssymb.sty
Package: amssymb 2013/01/14 v3.01 AMS font symbols

(/usr/local/texlive/2014/texmf-dist/tex/latex/amsfonts/amsfonts.sty
Package: amsfonts 2013/01/14 v3.01 Basic AMSFonts support
\symAMSa=\mathgroup5
\symAMSb=\mathgroup6
LaTeX Font Info:    Overwriting math alphabet `\mathfrak' in version `bold'
(Font)                  U/euf/m/n --> U/euf/b/n on input line 106.
))
(/usr/local/texlive/2014/texmf-dist/tex/latex/graphics/color.sty
Package: color 2014/04/23 v1.1a Standard LaTeX Color (DPC)

(/usr/local/texlive/2014/texmf-dist/tex/latex/latexconfig/color.cfg
File: color.cfg 2007/01/18 v1.5 color configuration of teTeX/TeXLive
)
Package color Info: Driver file: pdftex.def on input line 137.
)
(/usr/local/texlive/2014/texmf-dist/tex/latex/tools/verbatim.sty
Package: verbatim 2003/08/22 v1.5q LaTeX2e package for verbatim enhancements
\every@verbatim=\toks21
\verbatim@line=\toks22
\verbatim@in@stream=\read1
)
(/usr/local/texlive/2014/texmf-dist/tex/latex/rotating/rotating.sty
Package: rotating 2009/03/28 v2.16a rotated objects in LaTeX

(/usr/local/texlive/2014/texmf-dist/tex/latex/base/ifthen.sty
Package: ifthen 2001/05/26 v1.1c Standard LaTeX ifthen package (DPC)
)
\c@r@tfl@t=\count102
\rotFPtop=\skip48
\rotFPbot=\skip49
\rot@float@box=\box30
\rot@mess@toks=\toks23
)
(/usr/local/texlive/2014/texmf-dist/tex/latex/setspace/setspace.sty
Package: setspace 2011/12/19 v6.7a set line spacing
)
(/usr/local/texlive/2014/texmf-dist/tex/latex/caption/caption.sty
Package: caption 2013/05/02 v3.3-89 Customizing captions (AR)

(/usr/local/texlive/2014/texmf-dist/tex/latex/caption/caption3.sty
Package: caption3 2013/05/02 v1.6-88 caption3 kernel (AR)
Package caption3 Info: TeX engine: e-TeX on input line 57.
\captionmargin=\dimen114
\captionmargin@=\dimen115
\captionwidth=\dimen116
\caption@tempdima=\dimen117
\caption@indent=\dimen118
\caption@parindent=\dimen119
\caption@hangindent=\dimen120
)
\c@ContinuedFloat=\count103
Package caption Info: rotating package is loaded.
)
(/usr/local/texlive/2014/texmf-dist/tex/latex/fancyhdr/fancyhdr.sty
\fancy@headwidth=\skip50
\f@ncyO@elh=\skip51
\f@ncyO@erh=\skip52
\f@ncyO@olh=\skip53
\f@ncyO@orh=\skip54
\f@ncyO@elf=\skip55
\f@ncyO@erf=\skip56
\f@ncyO@olf=\skip57
\f@ncyO@orf=\skip58
)
(/usr/local/texlive/2014/texmf-dist/tex/latex/tools/bm.sty
Package: bm 2004/02/26 v1.1c Bold Symbol Support (DPC/FMi)
\symboldoperators=\mathgroup7
\symboldletters=\mathgroup8
\symboldsymbols=\mathgroup9
\symboldlasy=\mathgroup10
LaTeX Font Info:    Redeclaring math alphabet \mathbf on input line 137.
LaTeX Info: Redefining \bm on input line 203.
)
(/usr/local/texlive/2014/texmf-dist/tex/latex/caption/subcaption.sty
Package: subcaption 2013/02/03 v1.1-62 Sub-captions (AR)
\c@subfigure=\count104
\c@subtable=\count105
)
(/usr/local/texlive/2014/texmf-dist/tex/latex/amscls/amsthm.sty
Package: amsthm 2004/08/06 v2.20
\thm@style=\toks24
\thm@bodyfont=\toks25
\thm@headfont=\toks26
\thm@notefont=\toks27
\thm@headpunct=\toks28
\thm@preskip=\skip59
\thm@postskip=\skip60
\thm@headsep=\skip61
\dth@everypar=\toks29
)
(/usr/local/texlive/2014/texmf-dist/tex/latex/psnfss/mathptmx.sty
Package: mathptmx 2005/04/12 PSNFSS-v9.2a Times w/ Math, improved (SPQR, WaS) 
LaTeX Font Info:    Redeclaring symbol font `operators' on input line 28.
LaTeX Font Info:    Overwriting symbol font `operators' in version `normal'
(Font)                  OT1/cmr/m/n --> OT1/ztmcm/m/n on input line 28.
LaTeX Font Info:    Overwriting symbol font `operators' in version `bold'
(Font)                  OT1/cmr/bx/n --> OT1/ztmcm/m/n on input line 28.
LaTeX Font Info:    Redeclaring symbol font `letters' on input line 29.
LaTeX Font Info:    Overwriting symbol font `letters' in version `normal'
(Font)                  OML/cmm/m/it --> OML/ztmcm/m/it on input line 29.
LaTeX Font Info:    Overwriting symbol font `letters' in version `bold'
(Font)                  OML/cmm/b/it --> OML/ztmcm/m/it on input line 29.
LaTeX Font Info:    Redeclaring symbol font `symbols' on input line 30.
LaTeX Font Info:    Overwriting symbol font `symbols' in version `normal'
(Font)                  OMS/cmsy/m/n --> OMS/ztmcm/m/n on input line 30.
LaTeX Font Info:    Overwriting symbol font `symbols' in version `bold'
(Font)                  OMS/cmsy/b/n --> OMS/ztmcm/m/n on input line 30.
LaTeX Font Info:    Redeclaring symbol font `largesymbols' on input line 31.
LaTeX Font Info:    Overwriting symbol font `largesymbols' in version `normal'
(Font)                  OMX/cmex/m/n --> OMX/ztmcm/m/n on input line 31.
LaTeX Font Info:    Overwriting symbol font `largesymbols' in version `bold'
(Font)                  OMX/cmex/m/n --> OMX/ztmcm/m/n on input line 31.
\symbold=\mathgroup11
\symitalic=\mathgroup12
LaTeX Font Info:    Redeclaring math alphabet \mathbf on input line 34.
LaTeX Font Info:    Redeclaring math alphabet \mathit on input line 35.
LaTeX Font Info:    Overwriting math alphabet `\mathit' in version `normal'
(Font)                  OT1/cmr/m/it --> OT1/ptm/m/it on input line 35.
LaTeX Font Info:    Overwriting math alphabet `\mathit' in version `bold'
(Font)                  OT1/cmr/bx/it --> OT1/ptm/m/it on input line 35.
LaTeX Info: Redefining \hbar on input line 50.
)
(/usr/local/texlive/2014/texmf-dist/tex/latex/pbox/pbox.sty
Package: pbox 2011/12/07 v1.2 Dynamic parboxes

(/usr/local/texlive/2014/texmf-dist/tex/latex/tools/calc.sty
Package: calc 2007/08/22 v4.3 Infix arithmetic (KKT,FJ)
\calc@Acount=\count106
\calc@Bcount=\count107
\calc@Adimen=\dimen121
\calc@Bdimen=\dimen122
\calc@Askip=\skip62
\calc@Bskip=\skip63
LaTeX Info: Redefining \setlength on input line 75.
LaTeX Info: Redefining \addtolength on input line 76.
\calc@Ccount=\count108
\calc@Cskip=\skip64
)
\pb@xlen=\skip65
)
(/usr/local/texlive/2014/texmf-dist/tex/latex/natbib/bibentry.sty
Package: bibentry 2007/10/30 1.5 (PWD)
)
(/usr/local/texlive/2014/texmf-dist/tex/latex/filecontents/filecontents.sty
Package: filecontents 2011/10/08 v1.3 Create an external file from within a LaT
eX document
)
\c@theorem=\count109

(/usr/local/texlive/2014/texmf-dist/tex/latex/mh/mathtools.sty
Package: mathtools 2014/05/21 v1.14 mathematical typesetting tools

(/usr/local/texlive/2014/texmf-dist/tex/latex/mh/mhsetup.sty
Package: mhsetup 2010/01/21 v1.2a programming setup (MH)
)
LaTeX Info: Thecontrolsequence`\['isalreadyrobust on input line 129.
LaTeX Info: Thecontrolsequence`\]'isalreadyrobust on input line 129.
\g_MT_multlinerow_int=\count110
\l_MT_multwidth_dim=\dimen123
\origjot=\skip66
\l_MT_shortvdotswithinadjustabove_dim=\dimen124
\l_MT_shortvdotswithinadjustbelow_dim=\dimen125
\l_MT_above_intertext_sep=\dimen126
\l_MT_below_intertext_sep=\dimen127
\l_MT_above_shortintertext_sep=\dimen128
\l_MT_below_shortintertext_sep=\dimen129
)
(/usr/local/texlive/2014/texmf-dist/tex/latex/placeins/placeins.sty
Package: placeins 2005/04/18  v 2.2
)
(/usr/local/texlive/2014/texmf-dist/tex/latex/psnfss/palatino.sty
Package: palatino 2005/04/12 PSNFSS-v9.2a (SPQR) 
)
(/usr/local/texlive/2014/texmf-dist/tex/latex/multirow/multirow.sty
\bigstrutjot=\dimen130
)
(/usr/local/texlive/2014/texmf-dist/tex/latex/colortbl/colortbl.sty
Package: colortbl 2012/02/13 v1.0a Color table columns (DPC)

(/usr/local/texlive/2014/texmf-dist/tex/latex/tools/array.sty
Package: array 2008/09/09 v2.4c Tabular extension package (FMi)
\col@sep=\dimen131
\extrarowheight=\dimen132
\NC@list=\toks30
\extratabsurround=\skip67
\backup@length=\skip68
)
\everycr=\toks31
\minrowclearance=\skip69
)
(/usr/local/texlive/2014/texmf-dist/tex/latex/tools/longtable.sty
Package: longtable 2004/02/01 v4.11 Multi-page Table package (DPC)
\LTleft=\skip70
\LTright=\skip71
\LTpre=\skip72
\LTpost=\skip73
\LTchunksize=\count111
\LTcapwidth=\dimen133
\LT@head=\box31
\LT@firsthead=\box32
\LT@foot=\box33
\LT@lastfoot=\box34
\LT@cols=\count112
\LT@rows=\count113
\c@LT@tables=\count114
\c@LT@chunks=\count115
\LT@p@ftn=\toks32
)
\rulewidth=\skip74

(./thesis.aux (./preface/title.aux) (./preface/declaration.aux)
(./preface/publications.aux) (./preface/abstract.aux)
(./preface/acknowledgements.aux)

LaTeX Warning: Label `fig:DALEC_mod' multiply defined.


LaTeX Warning: Label `dalec1' multiply defined.


LaTeX Warning: Label `dalec5' multiply defined.


LaTeX Warning: Label `chap6:fig:broke4dvar' multiply defined.

)
\openout1 = `thesis.aux'.

LaTeX Font Info:    Checking defaults for OML/cmm/m/it on input line 61.
LaTeX Font Info:    ... okay on input line 61.
LaTeX Font Info:    Checking defaults for T1/cmr/m/n on input line 61.
LaTeX Font Info:    ... okay on input line 61.
LaTeX Font Info:    Checking defaults for OT1/cmr/m/n on input line 61.
LaTeX Font Info:    ... okay on input line 61.
LaTeX Font Info:    Checking defaults for OMS/cmsy/m/n on input line 61.
LaTeX Font Info:    ... okay on input line 61.
LaTeX Font Info:    Checking defaults for OMX/cmex/m/n on input line 61.
LaTeX Font Info:    ... okay on input line 61.
LaTeX Font Info:    Checking defaults for U/cmr/m/n on input line 61.
LaTeX Font Info:    ... okay on input line 61.
LaTeX Font Info:    Try loading font information for OT1+ppl on input line 61.
 (/usr/local/texlive/2014/texmf-dist/tex/latex/psnfss/ot1ppl.fd
File: ot1ppl.fd 2001/06/04 font definitions for OT1/ppl.
)
(/usr/local/texlive/2014/texmf-dist/tex/context/base/supp-pdf.mkii
[Loading MPS to PDF converter (version 2006.09.02).]
\scratchcounter=\count116
\scratchdimen=\dimen134
\scratchbox=\box35
\nofMPsegments=\count117
\nofMParguments=\count118
\everyMPshowfont=\toks33
\MPscratchCnt=\count119
\MPscratchDim=\dimen135
\MPnumerator=\count120
\makeMPintoPDFobject=\count121
\everyMPtoPDFconversion=\toks34
) (/usr/local/texlive/2014/texmf-dist/tex/generic/oberdiek/pdftexcmds.sty
Package: pdftexcmds 2011/11/29 v0.20 Utility functions of pdfTeX for LuaTeX (HO
)

(/usr/local/texlive/2014/texmf-dist/tex/generic/oberdiek/ifluatex.sty
Package: ifluatex 2010/03/01 v1.3 Provides the ifluatex switch (HO)
Package ifluatex Info: LuaTeX not detected.
)
(/usr/local/texlive/2014/texmf-dist/tex/generic/oberdiek/ifpdf.sty
Package: ifpdf 2011/01/30 v2.3 Provides the ifpdf switch (HO)
Package ifpdf Info: pdfTeX in PDF mode is detected.
)
Package pdftexcmds Info: LuaTeX not detected.
Package pdftexcmds Info: \pdf@primitive is available.
Package pdftexcmds Info: \pdf@ifprimitive is available.
Package pdftexcmds Info: \pdfdraftmode found.
)
(/usr/local/texlive/2014/texmf-dist/tex/latex/oberdiek/epstopdf-base.sty
Package: epstopdf-base 2010/02/09 v2.5 Base part for package epstopdf

(/usr/local/texlive/2014/texmf-dist/tex/latex/oberdiek/grfext.sty
Package: grfext 2010/08/19 v1.1 Manage graphics extensions (HO)

(/usr/local/texlive/2014/texmf-dist/tex/generic/oberdiek/kvdefinekeys.sty
Package: kvdefinekeys 2011/04/07 v1.3 Define keys (HO)
))
(/usr/local/texlive/2014/texmf-dist/tex/latex/oberdiek/kvoptions.sty
Package: kvoptions 2011/06/30 v3.11 Key value format for package options (HO)

(/usr/local/texlive/2014/texmf-dist/tex/generic/oberdiek/kvsetkeys.sty
Package: kvsetkeys 2012/04/25 v1.16 Key value parser (HO)

(/usr/local/texlive/2014/texmf-dist/tex/generic/oberdiek/etexcmds.sty
Package: etexcmds 2011/02/16 v1.5 Avoid name clashes with e-TeX commands (HO)
Package etexcmds Info: Could not find \expanded.
(etexcmds)             That can mean that you are not using pdfTeX 1.50 or
(etexcmds)             that some package has redefined \expanded.
(etexcmds)             In the latter case, load this package earlier.
)))
Package grfext Info: Graphics extension search list:
(grfext)             [.png,.pdf,.jpg,.mps,.jpeg,.jbig2,.jb2,.PNG,.PDF,.JPG,.JPE
G,.JBIG2,.JB2,.eps]
(grfext)             \AppendGraphicsExtensions on input line 452.

(/usr/local/texlive/2014/texmf-dist/tex/latex/latexconfig/epstopdf-sys.cfg
File: epstopdf-sys.cfg 2010/07/13 v1.3 Configuration of (r)epstopdf for TeX Liv
e
))
Package caption Info: Begin \AtBeginDocument code.
Package caption Info: longtable package is loaded.

(/usr/local/texlive/2014/texmf-dist/tex/latex/caption/ltcaption.sty
Package: ltcaption 2013/02/03 v1.3-62 longtable captions (AR)
)
Package caption Info: End \AtBeginDocument code.
)
\openout2 = `preface/title.aux'.


(./preface/title.tex
<preface/figures/reading_logo.pdf, id=1, 423.5825pt x 138.5175pt>
File: preface/figures/reading_logo.pdf Graphic file (type pdf)

<use preface/figures/reading_logo.pdf>
Package pdftex.def Info: preface/figures/reading_logo.pdf used on input line 8.

(pdftex.def)             Requested size: 142.26378pt x 46.52254pt.
LaTeX Font Info:    Font shape `OT1/ppl/bx/n' in size <24.88> not available
(Font)              Font shape `OT1/ppl/b/n' tried instead on input line 14.
LaTeX Font Info:    Font shape `OT1/ppl/bx/n' in size <14.4> not available
(Font)              Font shape `OT1/ppl/b/n' tried instead on input line 16.
 [1



{/usr/local/texlive/2014/texmf-var/fonts/map/pdftex/updmap/pdftex.map} <./prefa
ce/figures/reading_logo.pdf>])
\openout2 = `preface/declaration.aux'.


(./preface/declaration.tex [1



])
\openout2 = `preface/publications.aux'.

 (./preface/publications.tex (./thesis.bbl)
LaTeX Font Info:    Font shape `OT1/ppl/bx/n' in size <10.95> not available
(Font)              Font shape `OT1/ppl/b/n' tried instead on input line 10.
Missing character: There is no â in font pplb7t!
Missing character: There is no € in font pplb7t!
Missing character: There is no “ in font pplb7t!

Underfull \hbox (badness 2343) in paragraph at lines 10--11
\OT1/ppl/m/n/10.95 vari-a-tional data as-sim-i-la-tion. \OT1/ppl/m/it/10.95 Agr
i-cul-tural and For-est Me-te-o-rol-ogy\OT1/ppl/m/n/10.95 , \OT1/ppl/b/n/10.95 
228229\OT1/ppl/m/n/10.95 , 299 -- 314, doi:
 []

) [2



]
\openout2 = `preface/abstract.aux'.

 (./preface/abstract.tex) [3



]
\openout2 = `preface/acknowledgements.aux'.

 (./preface/acknowledgements.tex [4



])
(./thesis.toc
LaTeX Font Info:    Try loading font information for OT1+ztmcm on input line 2.

 (/usr/local/texlive/2014/texmf-dist/tex/latex/psnfss/ot1ztmcm.fd
File: ot1ztmcm.fd 2000/01/03 Fontinst v1.801 font definitions for OT1/ztmcm.
)
LaTeX Font Info:    Try loading font information for OML+ztmcm on input line 2.

(/usr/local/texlive/2014/texmf-dist/tex/latex/psnfss/omlztmcm.fd
File: omlztmcm.fd 2000/01/03 Fontinst v1.801 font definitions for OML/ztmcm.
)
LaTeX Font Info:    Try loading font information for OMS+ztmcm on input line 2.


(/usr/local/texlive/2014/texmf-dist/tex/latex/psnfss/omsztmcm.fd
File: omsztmcm.fd 2000/01/03 Fontinst v1.801 font definitions for OMS/ztmcm.
)
LaTeX Font Info:    Try loading font information for OMX+ztmcm on input line 2.


(/usr/local/texlive/2014/texmf-dist/tex/latex/psnfss/omxztmcm.fd
File: omxztmcm.fd 2000/01/03 Fontinst v1.801 font definitions for OMX/ztmcm.
)
LaTeX Font Info:    Try loading font information for U+lasy on input line 2.

(/usr/local/texlive/2014/texmf-dist/tex/latex/base/ulasy.fd
File: ulasy.fd 1998/08/17 v2.2e LaTeX symbol font definitions
)
LaTeX Font Info:    Font shape `U/lasy/b/n' in size <8> not available
(Font)              Font shape `U/lasy/m/n' tried instead on input line 2.
LaTeX Font Info:    Font shape `U/lasy/b/n' in size <6> not available
(Font)              Font shape `U/lasy/m/n' tried instead on input line 2.
LaTeX Font Info:    Try loading font information for OT1+ptm on input line 2.

(/usr/local/texlive/2014/texmf-dist/tex/latex/psnfss/ot1ptm.fd
File: ot1ptm.fd 2001/06/04 font definitions for OT1/ptm.
)
LaTeX Font Info:    Font shape `OT1/ptm/bx/n' in size <10.95> not available
(Font)              Font shape `OT1/ptm/b/n' tried instead on input line 2.
LaTeX Font Info:    Font shape `OT1/ptm/bx/n' in size <8> not available
(Font)              Font shape `OT1/ptm/b/n' tried instead on input line 2.
LaTeX Font Info:    Font shape `OT1/ptm/bx/n' in size <6> not available
(Font)              Font shape `OT1/ptm/b/n' tried instead on input line 2.
 [5


] [6]
[7] [8])
\tf@toc=\write3
\openout3 = `thesis.toc'.

 [1]
Chapter 1.
LaTeX Font Info:    Font shape `OT1/ppl/bx/n' in size <20.74> not available
(Font)              Font shape `OT1/ppl/b/n' tried instead on input line 15.
(./chapter/chapter1/introduction.tex
<chapter/chapter1/ipcc_fig6_1.jpg, id=45, 574.0647pt x 501.7947pt>
File: chapter/chapter1/ipcc_fig6_1.jpg Graphic file (type jpg)

<use chapter/chapter1/ipcc_fig6_1.jpg>
Package pdftex.def Info: chapter/chapter1/ipcc_fig6_1.jpg used on input line 11
.
(pdftex.def)             Requested size: 422.77661pt x 369.5459pt.
 [2

] [3 <./chapter/chapter1/ipcc_fig6_1.jpg>] <chapter/chapter1/ipcc_fig6_8.jpg, i
d=55, 1248.665pt x 1191.45125pt>
File: chapter/chapter1/ipcc_fig6_8.jpg Graphic file (type jpg)

<use chapter/chapter1/ipcc_fig6_8.jpg>
Package pdftex.def Info: chapter/chapter1/ipcc_fig6_8.jpg used on input line 22
.
(pdftex.def)             Requested size: 422.77661pt x 403.39732pt.
 [4]
<chapter/chapter1/flux.pdf, id=62, 626.2919pt x 646.40422pt>
File: chapter/chapter1/flux.pdf Graphic file (type pdf)

<use chapter/chapter1/flux.pdf>
Package pdftex.def Info: chapter/chapter1/flux.pdf used on input line 38.
(pdftex.def)             Requested size: 234.87749pt x 242.4207pt.
 [5 <./chapter/chapter1/ipcc_fig6_8.jpg>]
[6 <./chapter/chapter1/flux.pdf>]
<chapter/chapter1/FluxNetworkMODIS_IGBP_10-2015.png, id=88, 1228.59pt x 794.97p
t>
File: chapter/chapter1/FluxNetworkMODIS_IGBP_10-2015.png Graphic file (type png
)
 <use chapter/chapter1/FluxNetworkMODIS_IGBP_10-2015.png>
Package pdftex.def Info: chapter/chapter1/FluxNetworkMODIS_IGBP_10-2015.png use
d on input line 66.
(pdftex.def)             Requested size: 422.77661pt x 273.56139pt.
 [7 <./chapter/chapter1/FluxNetworkMODIS_IGBP_10-2015.png (PNG copy)>]
<chapter/chapter1/ipcc_fig6_16.jpg, id=92, 948.54375pt x 712.6625pt>
File: chapter/chapter1/ipcc_fig6_16.jpg Graphic file (type jpg)

<use chapter/chapter1/ipcc_fig6_16.jpg>
Package pdftex.def Info: chapter/chapter1/ipcc_fig6_16.jpg used on input line 8
1.
(pdftex.def)             Requested size: 422.77661pt x 317.63947pt.
 [8 <./chapter/chapter1/ipcc_fig6_16.jpg>] [9]) [10]
Chapter 2.
(./chapter/chapter2/aims.tex
LaTeX Font Info:    Try loading font information for OMS+ppl on input line 22.

(/usr/local/texlive/2014/texmf-dist/tex/latex/psnfss/omsppl.fd
File: omsppl.fd 
)
LaTeX Font Info:    Font shape `OMS/ppl/m/n' in size <10.95> not available
(Font)              Font shape `OMS/cmsy/m/n' tried instead on input line 22.
 [11

]) [12]
Chapter 3.
(./chapter/chapter3/chapter3.tex [13

]
LaTeX Font Info:    Font shape `OT1/ppl/bx/n' in size <12> not available
(Font)              Font shape `OT1/ppl/b/n' tried instead on input line 10.
 [14] [15] [16] [17] [18] [19] [20]
[21] [22] [23] [24]) [25]
Chapter 4.
(./chapter/chapter4/chapter4.tex [26

]
<chapter/chapter4/AP1_2013.jpg, id=159, 1194.864pt x 845.559pt>
File: chapter/chapter4/AP1_2013.jpg Graphic file (type jpg)

<use chapter/chapter4/AP1_2013.jpg>
Package pdftex.def Info: chapter/chapter4/AP1_2013.jpg used on input line 17.
(pdftex.def)             Requested size: 375.80542pt x 265.93962pt.
 [27 <./chapter/chapter4/AP1_2013.jpg>]
<chapter/chapter4/straitsmap_threet_10m.png, id=163, 1300.86pt x 669.9429pt>
File: chapter/chapter4/straitsmap_threet_10m.png Graphic file (type png)

<use chapter/chapter4/straitsmap_threet_10m.png>
Package pdftex.def Info: chapter/chapter4/straitsmap_threet_10m.png used on inp
ut line 28.
(pdftex.def)             Requested size: 469.75499pt x 241.92549pt.

<chapter/chapter4/291E.jpg, id=165, 4047.12pt x 3035.34pt>
File: chapter/chapter4/291E.jpg Graphic file (type jpg)

<use chapter/chapter4/291E.jpg>
Package pdftex.def Info: chapter/chapter4/291E.jpg used on input line 34.
(pdftex.def)             Requested size: 375.80542pt x 281.82982pt.
 [28 <./chapter/chapter4/straitsmap_threet_10m.png>] <chapter/chapter4/AH_PAR.p
df, id=171, 650.43pt x 539.01375pt>
File: chapter/chapter4/AH_PAR.pdf Graphic file (type pdf)

<use chapter/chapter4/AH_PAR.pdf>
Package pdftex.def Info: chapter/chapter4/AH_PAR.pdf used on input line 50.
(pdftex.def)             Requested size: 375.80542pt x 311.43561pt.
 [29 <./chapter/chapter4/291E.jpg>]
<chapter/chapter4/lai_cept.pdf, id=175, 845.1575pt x 597.23125pt>
File: chapter/chapter4/lai_cept.pdf Graphic file (type pdf)

<use chapter/chapter4/lai_cept.pdf>
Package pdftex.def Info: chapter/chapter4/lai_cept.pdf used on input line 62.
(pdftex.def)             Requested size: 375.80542pt x 265.57114pt.
 [30 <./chapter/chapter4/AH_PAR.pdf>]
<chapter/chapter4/043exp2.jpg, id=194, 4769.82pt x 3179.88pt>
File: chapter/chapter4/043exp2.jpg Graphic file (type jpg)

<use chapter/chapter4/043exp2.jpg>
Package pdftex.def Info: chapter/chapter4/043exp2.jpg used on input line 74.
(pdftex.def)             Requested size: 211.38829pt x 140.90498pt.

<chapter/chapter4/252exp1.jpg, id=195, 4769.82pt x 3179.88pt>
File: chapter/chapter4/252exp1.jpg Graphic file (type jpg)

<use chapter/chapter4/252exp1.jpg>
Package pdftex.def Info: chapter/chapter4/252exp1.jpg used on input line 80.
(pdftex.def)             Requested size: 211.38829pt x 140.90498pt.
 [31 <./chapter/chapter4/lai_cept.pdf>]
<chapter/chapter4/litter_trap.pdf, id=207, 845.1575pt x 597.23125pt>
File: chapter/chapter4/litter_trap.pdf Graphic file (type pdf)

<use chapter/chapter4/litter_trap.pdf>
Package pdftex.def Info: chapter/chapter4/litter_trap.pdf used on input line 96
.
(pdftex.def)             Requested size: 375.80542pt x 265.57114pt.
 [32 <./chapter/chapter4/043exp2.jpg> <./chapter/chapter4/252exp1.jpg>]
<chapter/chapter4/thinned07.pdf, id=211, 951.34486pt x 531.81657pt>
File: chapter/chapter4/thinned07.pdf Graphic file (type pdf)

<use chapter/chapter4/thinned07.pdf>
Package pdftex.def Info: chapter/chapter4/thinned07.pdf used on input line 109.

(pdftex.def)             Requested size: 375.80542pt x 210.08553pt.

<chapter/chapter4/thinned14.pdf, id=212, 951.34486pt x 531.81657pt>
File: chapter/chapter4/thinned14.pdf Graphic file (type pdf)

<use chapter/chapter4/thinned14.pdf>
Package pdftex.def Info: chapter/chapter4/thinned14.pdf used on input line 115.

(pdftex.def)             Requested size: 375.80542pt x 210.08553pt.
 [33 <./chapter/chapter4/litter_trap.pdf>]
[34 <./chapter/chapter4/thinned07.pdf>]
<chapter/chapter4/dbh_me.pdf, id=264, 500.87125pt x 375.4025pt>
File: chapter/chapter4/dbh_me.pdf Graphic file (type pdf)

<use chapter/chapter4/dbh_me.pdf>
Package pdftex.def Info: chapter/chapter4/dbh_me.pdf used on input line 145.
(pdftex.def)             Requested size: 375.80542pt x 281.6772pt.
 [35 <./chapter/chapter4/thinned14.pdf>]
<chapter/chapter4/top_of_flux.pdf, id=307, 539.01375pt x 405.515pt>
File: chapter/chapter4/top_of_flux.pdf Graphic file (type pdf)

<use chapter/chapter4/top_of_flux.pdf>
Package pdftex.def Info: chapter/chapter4/top_of_flux.pdf used on input line 15
6.
(pdftex.def)             Requested size: 375.80542pt x 282.73239pt.
) [36 <./chapter/chapter4/dbh_me.pdf>]
[37 <./chapter/chapter4/top_of_flux.pdf>]
Chapter 5.
(./chapter/chapter5/chapter5.tex [38

] [39]
<chapter/chapter5/DALECpic.png, id=341, 1357.07pt x 778.91pt>
File: chapter/chapter5/DALECpic.png Graphic file (type png)

<use chapter/chapter5/DALECpic.png>
Package pdftex.def Info: chapter/chapter5/DALECpic.png used on input line 23.
(pdftex.def)             Requested size: 234.87749pt x 134.80186pt.
 [40 <./chapter/chapter5/DALECpic.png>]
[41] [42] [43]
<chapter/chapter5/dalec2diag.pdf, id=356, 758.835pt x 453.695pt>
File: chapter/chapter5/dalec2diag.pdf Graphic file (type pdf)

<use chapter/chapter5/dalec2diag.pdf>
Package pdftex.def Info: chapter/chapter5/dalec2diag.pdf used on input line 154
.
(pdftex.def)             Requested size: 234.87749pt x 140.42938pt.
 [44 <./chapter/chapter5/dalec2diag.pdf>]

LaTeX Warning: Reference `table:xbvars' on page 45 undefined on input line 169.


[45]
LaTeX Font Info:    Font shape `OT1/ppl/bx/it' in size <10.95> not available
(Font)              Font shape `OT1/ppl/b/it' tried instead on input line 181.
 [46] [47] [48] [49] [50]
Underfull \hbox (badness 10000) detected at line 349
 []$[]  [] \OT1/ztmcm/m/n/10.95 = [] = [] \OML/ztmcm/m/it/10.95 ;$ []  
 []

[51] <chapter/chapter5/dalec1_obsrank.pdf, id=387, 433.62pt x 578.16pt>
File: chapter/chapter5/dalec1_obsrank.pdf Graphic file (type pdf)

<use chapter/chapter5/dalec1_obsrank.pdf>
Package pdftex.def Info: chapter/chapter5/dalec1_obsrank.pdf used on input line
 354.
(pdftex.def)             Requested size: 234.87749pt x 313.17216pt.
 [52 <./chapter/chapter5/dalec1_obsrank.pdf>] [53]
<chapter/chapter5/dalec2_obsrank.pdf, id=451, 433.62pt x 578.16pt>
File: chapter/chapter5/dalec2_obsrank.pdf Graphic file (type pdf)

<use chapter/chapter5/dalec2_obsrank.pdf>
Package pdftex.def Info: chapter/chapter5/dalec2_obsrank.pdf used on input line
 416.
(pdftex.def)             Requested size: 187.89912pt x 250.53596pt.
LaTeX Font Info:    Font shape `U/lasy/b/n' in size <7.4> not available
(Font)              Font shape `U/lasy/m/n' tried instead on input line 417.
LaTeX Font Info:    Font shape `OT1/ptm/bx/n' in size <10> not available
(Font)              Font shape `OT1/ptm/b/n' tried instead on input line 417.
LaTeX Font Info:    Font shape `OT1/ptm/bx/n' in size <7.4> not available
(Font)              Font shape `OT1/ptm/b/n' tried instead on input line 417.
LaTeX Font Info:    Font shape `OT1/ppl/bx/n' in size <10> not available
(Font)              Font shape `OT1/ppl/b/n' tried instead on input line 417.

<chapter/chapter5/dalec2_obsrankcond.pdf, id=452, 433.62pt x 578.16pt>
File: chapter/chapter5/dalec2_obsrankcond.pdf Graphic file (type pdf)

<use chapter/chapter5/dalec2_obsrankcond.pdf>
Package pdftex.def Info: chapter/chapter5/dalec2_obsrankcond.pdf used on input 
line 421.
(pdftex.def)             Requested size: 187.89912pt x 250.53596pt.
LaTeX Font Info:    Try loading font information for OT1+pcr on input line 429.


(/usr/local/texlive/2014/texmf-dist/tex/latex/psnfss/ot1pcr.fd
File: ot1pcr.fd 2001/06/04 font definitions for OT1/pcr.
) [54]
<chapter/chapter5/dalec2_obsrankcvt.pdf, id=457, 433.62pt x 578.16pt>
File: chapter/chapter5/dalec2_obsrankcvt.pdf Graphic file (type pdf)

<use chapter/chapter5/dalec2_obsrankcvt.pdf>
Package pdftex.def Info: chapter/chapter5/dalec2_obsrankcvt.pdf used on input l
ine 434.
(pdftex.def)             Requested size: 187.89912pt x 250.53596pt.

<chapter/chapter5/dalec2_obsrankcvtcond.pdf, id=458, 433.62pt x 578.16pt>
File: chapter/chapter5/dalec2_obsrankcvtcond.pdf Graphic file (type pdf)

<use chapter/chapter5/dalec2_obsrankcvtcond.pdf>
Package pdftex.def Info: chapter/chapter5/dalec2_obsrankcvtcond.pdf used on inp
ut line 439.
(pdftex.def)             Requested size: 187.89912pt x 250.53596pt.
 [55 <./chapter/chapter5/dalec2_obsrank.pdf> <./chapter/chapter5/dalec2_obsrank
cond.pdf

pdfTeX warning: /usr/texbin/pdflatex (file ./chapter/chapter5/dalec2_obsrankcon
d.pdf): PDF inclusion: multiple pdfs with page group included in a single page
>] <chapter/chapter5/dalec2_obsrankwind.pdf, id=527, 433.62pt x 578.16pt>
File: chapter/chapter5/dalec2_obsrankwind.pdf Graphic file (type pdf)

<use chapter/chapter5/dalec2_obsrankwind.pdf>
Package pdftex.def Info: chapter/chapter5/dalec2_obsrankwind.pdf used on input 
line 456.
(pdftex.def)             Requested size: 187.89912pt x 250.53596pt.

<chapter/chapter5/dalec2_obsrankcondwind.pdf, id=528, 433.62pt x 578.16pt>
File: chapter/chapter5/dalec2_obsrankcondwind.pdf Graphic file (type pdf)

<use chapter/chapter5/dalec2_obsrankcondwind.pdf>
Package pdftex.def Info: chapter/chapter5/dalec2_obsrankcondwind.pdf used on in
put line 461.
(pdftex.def)             Requested size: 187.89912pt x 250.53596pt.
 [56 <./chapter/chapter5/dalec2_obsrankcvt.pdf> <./chapter/chapter5/dalec2_obsr
ankcvtcond.pdf

pdfTeX warning: /usr/texbin/pdflatex (file ./chapter/chapter5/dalec2_obsrankcvt
cond.pdf): PDF inclusion: multiple pdfs with page group included in a single pa
ge
>] <chapter/chapter5/dalec2_obsrankcvtwind.pdf, id=597, 433.62pt x 578.16pt>
File: chapter/chapter5/dalec2_obsrankcvtwind.pdf Graphic file (type pdf)

<use chapter/chapter5/dalec2_obsrankcvtwind.pdf>
Package pdftex.def Info: chapter/chapter5/dalec2_obsrankcvtwind.pdf used on inp
ut line 478.
(pdftex.def)             Requested size: 187.89912pt x 250.53596pt.

<chapter/chapter5/dalec2_obsrankcondcvtwind.pdf, id=598, 433.62pt x 578.16pt>
File: chapter/chapter5/dalec2_obsrankcondcvtwind.pdf Graphic file (type pdf)

<use chapter/chapter5/dalec2_obsrankcondcvtwind.pdf>
Package pdftex.def Info: chapter/chapter5/dalec2_obsrankcondcvtwind.pdf used on
 input line 483.
(pdftex.def)             Requested size: 187.89912pt x 250.53596pt.
 [57 <./chapter/chapter5/dalec2_obsrankwind.pdf> <./chapter/chapter5/dalec2_obs
rankcondwind.pdf

pdfTeX warning: /usr/texbin/pdflatex (file ./chapter/chapter5/dalec2_obsrankcon
dwind.pdf): PDF inclusion: multiple pdfs with page group included in a single p
age
>] [58 <./chapter/chapter5/dalec2_obsrankcvtwind.pdf> <./chapter/chapter5/dalec
2_obsrankcondcvtwind.pdf

pdfTeX warning: /usr/texbin/pdflatex (file ./chapter/chapter5/dalec2_obsrankcon
dcvtwind.pdf): PDF inclusion: multiple pdfs with page group included in a singl
e page
>] [59]
<chapter/chapter5/oregon2007SICnee.pdf, id=740, 925.05597pt x 635.97598pt>
File: chapter/chapter5/oregon2007SICnee.pdf Graphic file (type pdf)

<use chapter/chapter5/oregon2007SICnee.pdf>
Package pdftex.def Info: chapter/chapter5/oregon2007SICnee.pdf used on input li
ne 575.
(pdftex.def)             Requested size: 211.3883pt x 145.3301pt.

<chapter/chapter5/oregon2007temp.pdf, id=741, 925.05597pt x 635.97598pt>
File: chapter/chapter5/oregon2007temp.pdf Graphic file (type pdf)

<use chapter/chapter5/oregon2007temp.pdf>
Package pdftex.def Info: chapter/chapter5/oregon2007temp.pdf used on input line
 580.
(pdftex.def)             Requested size: 211.3883pt x 145.3301pt.
 [60] [61 <./chapter/chapter5/oregon2007SICnee.pdf> <./chapter/chapter5/oregon2
007temp.pdf

pdfTeX warning: /usr/texbin/pdflatex (file ./chapter/chapter5/oregon2007temp.pd
f): PDF inclusion: multiple pdfs with page group included in a single page
>] [62] [63] [64]
<chapter/chapter5/sic_succ_cf.pdf, id=835, 925.05597pt x 635.97598pt>
File: chapter/chapter5/sic_succ_cf.pdf Graphic file (type pdf)

<use chapter/chapter5/sic_succ_cf.pdf>
Package pdftex.def Info: chapter/chapter5/sic_succ_cf.pdf used on input line 73
2.
(pdftex.def)             Requested size: 211.3883pt x 145.3301pt.

<chapter/chapter5/dfs_succ_cf.pdf, id=836, 925.05597pt x 635.97598pt>
File: chapter/chapter5/dfs_succ_cf.pdf Graphic file (type pdf)

<use chapter/chapter5/dfs_succ_cf.pdf>
Package pdftex.def Info: chapter/chapter5/dfs_succ_cf.pdf used on input line 73
7.
(pdftex.def)             Requested size: 211.3883pt x 145.3301pt.
 [65 <./chapter/chapter5/sic_succ_cf.pdf> <./chapter/chapter5/dfs_succ_cf.pdf

pdfTeX warning: /usr/texbin/pdflatex (file ./chapter/chapter5/dfs_succ_cf.pdf):
 PDF inclusion: multiple pdfs with page group included in a single page
>] <chapter/chapter5/sic_succ_nee.pdf, id=921, 821.71463pt x 602.73962pt>
File: chapter/chapter5/sic_succ_nee.pdf Graphic file (type pdf)

<use chapter/chapter5/sic_succ_nee.pdf>
Package pdftex.def Info: chapter/chapter5/sic_succ_nee.pdf used on input line 7
50.
(pdftex.def)             Requested size: 211.3883pt x 155.05313pt.

<chapter/chapter5/dfs_succ_nee.pdf, id=922, 822.3263pt x 602.73962pt>
File: chapter/chapter5/dfs_succ_nee.pdf Graphic file (type pdf)

<use chapter/chapter5/dfs_succ_nee.pdf>
Package pdftex.def Info: chapter/chapter5/dfs_succ_nee.pdf used on input line 7
55.
(pdftex.def)             Requested size: 211.3883pt x 154.94276pt.

<chapter/chapter5/sic_corr_D1_nee.pdf, id=923, 431.80353pt x 315.09375pt>
File: chapter/chapter5/sic_corr_D1_nee.pdf Graphic file (type pdf)

<use chapter/chapter5/sic_corr_D1_nee.pdf>
Package pdftex.def Info: chapter/chapter5/sic_corr_D1_nee.pdf used on input lin
e 791.
(pdftex.def)             Requested size: 234.87749pt x 171.39334pt.
 [66 <./chapter/chapter5/sic_succ_nee.pdf> <./chapter/chapter5/dfs_succ_nee.pdf


pdfTeX warning: /usr/texbin/pdflatex (file ./chapter/chapter5/dfs_succ_nee.pdf)
: PDF inclusion: multiple pdfs with page group included in a single page
>]
<chapter/chapter5/oregon2007SICneeD2.pdf, id=986, 925.05597pt x 635.97598pt>
File: chapter/chapter5/oregon2007SICneeD2.pdf Graphic file (type pdf)

<use chapter/chapter5/oregon2007SICneeD2.pdf>
Package pdftex.def Info: chapter/chapter5/oregon2007SICneeD2.pdf used on input 
line 808.
(pdftex.def)             Requested size: 211.3883pt x 145.3301pt.
File: chapter/chapter5/oregon2007temp.pdf Graphic file (type pdf)

<use chapter/chapter5/oregon2007temp.pdf>
Package pdftex.def Info: chapter/chapter5/oregon2007temp.pdf used on input line
 813.
(pdftex.def)             Requested size: 211.3883pt x 145.3301pt.
 [67 <./chapter/chapter5/sic_corr_D1_nee.pdf>] <chapter/chapter5/inf_mat_sa.pdf
, id=1027, 617.68382pt x 949.91447pt>
File: chapter/chapter5/inf_mat_sa.pdf Graphic file (type pdf)

<use chapter/chapter5/inf_mat_sa.pdf>
Package pdftex.def Info: chapter/chapter5/inf_mat_sa.pdf used on input line 826
.
(pdftex.def)             Requested size: 216.09044pt x 332.3156pt.

<chapter/chapter5/inf_mat_so.pdf, id=1028, 617.68382pt x 949.91447pt>
File: chapter/chapter5/inf_mat_so.pdf Graphic file (type pdf)

<use chapter/chapter5/inf_mat_so.pdf>
Package pdftex.def Info: chapter/chapter5/inf_mat_so.pdf used on input line 831
.
(pdftex.def)             Requested size: 216.09044pt x 332.3156pt.
 [68 <./chapter/chapter5/oregon2007SICneeD2.pdf>] <chapter/chapter5/ah_pheno.pd
f, id=1072, 925.05597pt x 635.97598pt>
File: chapter/chapter5/ah_pheno.pdf Graphic file (type pdf)

<use chapter/chapter5/ah_pheno.pdf>
Package pdftex.def Info: chapter/chapter5/ah_pheno.pdf used on input line 846.
(pdftex.def)             Requested size: 211.3883pt x 145.3301pt.

<chapter/chapter5/oregon_pheno.pdf, id=1073, 925.05597pt x 635.97598pt>
File: chapter/chapter5/oregon_pheno.pdf Graphic file (type pdf)

<use chapter/chapter5/oregon_pheno.pdf>
Package pdftex.def Info: chapter/chapter5/oregon_pheno.pdf used on input line 8
51.
(pdftex.def)             Requested size: 211.3883pt x 145.3301pt.
 [69 <./chapter/chapter5/inf_mat_sa.pdf> <./chapter/chapter5/inf_mat_so.pdf

pdfTeX warning: /usr/texbin/pdflatex (file ./chapter/chapter5/inf_mat_so.pdf): 
PDF inclusion: multiple pdfs with page group included in a single page
>] <chapter/chapter5/sic_corr_D2_nee.pdf, id=1158, 851.85066pt x 603.66495pt>
File: chapter/chapter5/sic_corr_D2_nee.pdf Graphic file (type pdf)

<use chapter/chapter5/sic_corr_D2_nee.pdf>
Package pdftex.def Info: chapter/chapter5/sic_corr_D2_nee.pdf used on input lin
e 868.
(pdftex.def)             Requested size: 234.87749pt x 166.4459pt.
 [70 <./chapter/chapter5/ah_pheno.pdf> <./chapter/chapter5/oregon_pheno.pdf

pdfTeX warning: /usr/texbin/pdflatex (file ./chapter/chapter5/oregon_pheno.pdf)
: PDF inclusion: multiple pdfs with page group included in a single page
>] [71 <./chapter/chapter5/sic_corr_D2_nee.pdf>]) [72]
Chapter 6.
(./chapter/chapter6/chapter6.tex [73

] [74] [75] [76] [77]
<chapter/chapter6/dalec2diag.pdf, id=1282, 758.835pt x 453.695pt>
File: chapter/chapter6/dalec2diag.pdf Graphic file (type pdf)

<use chapter/chapter6/dalec2diag.pdf>
Package pdftex.def Info: chapter/chapter6/dalec2diag.pdf used on input line 41.

(pdftex.def)             Requested size: 234.87749pt x 140.42938pt.
 [78] [79 <./chapter/chapter6/dalec2diag.pdf>] [80] [81] [82] [83]
Package epstopdf Info: Source file: <chapter/chapter6/linmoderr.eps>
(epstopdf)                    date: 2015-11-27 15:15:35
(epstopdf)                    size: 63822 bytes
(epstopdf)             Output file: <chapter/chapter6/linmoderr-eps-converted-t
o.pdf>
(epstopdf)                    date: 2017-01-22 13:19:50
(epstopdf)                    size: 19144 bytes
(epstopdf)             Command: <repstopdf --outfile=chapter/chapter6/linmoderr
-eps-converted-to.pdf chapter/chapter6/linmoderr.eps>
(epstopdf)             \includegraphics on input line 185.
Package epstopdf Info: Output file is already uptodate.

<chapter/chapter6/linmoderr-eps-converted-to.pdf, id=1305, 847.165pt x 609.2762
5pt>
File: chapter/chapter6/linmoderr-eps-converted-to.pdf Graphic file (type pdf)
 <use chapter/chapter6/linmoderr-eps-converted-to.pdf>
Package pdftex.def Info: chapter/chapter6/linmoderr-eps-converted-to.pdf used o
n input line 185.
(pdftex.def)             Requested size: 234.87749pt x 168.92276pt.
Package epstopdf Info: Source file: <chapter/chapter6/percenterrlinmod.eps>
(epstopdf)                    date: 2015-12-10 12:16:43
(epstopdf)                    size: 50503 bytes
(epstopdf)             Output file: <chapter/chapter6/percenterrlinmod-eps-conv
erted-to.pdf>
(epstopdf)                    date: 2017-01-22 13:19:51
(epstopdf)                    size: 29893 bytes
(epstopdf)             Command: <repstopdf --outfile=chapter/chapter6/percenter
rlinmod-eps-converted-to.pdf chapter/chapter6/percenterrlinmod.eps>
(epstopdf)             \includegraphics on input line 197.
Package epstopdf Info: Output file is already uptodate.

<chapter/chapter6/percenterrlinmod-eps-converted-to.pdf, id=1306, 827.09pt x 58
5.18625pt>
File: chapter/chapter6/percenterrlinmod-eps-converted-to.pdf Graphic file (type
 pdf)
 <use chapter/chapter6/percenterrlinmod-eps-converted-to.pdf>
Package pdftex.def Info: chapter/chapter6/percenterrlinmod-eps-converted-to.pdf
 used on input line 197.
(pdftex.def)             Requested size: 234.87749pt x 166.18155pt.

[84 <./chapter/chapter6/linmoderr-eps-converted-to.pdf>] [85 <./chapter/chapter
6/percenterrlinmod-eps-converted-to.pdf>]
Package epstopdf Info: Source file: <chapter/chapter6/costone_cvt.eps>
(epstopdf)                    date: 2015-11-27 15:56:45
(epstopdf)                    size: 34616 bytes
(epstopdf)             Output file: <chapter/chapter6/costone_cvt-eps-converted
-to.pdf>
(epstopdf)                    date: 2017-01-22 13:19:52
(epstopdf)                    size: 15203 bytes
(epstopdf)             Command: <repstopdf --outfile=chapter/chapter6/costone_c
vt-eps-converted-to.pdf chapter/chapter6/costone_cvt.eps>
(epstopdf)             \includegraphics on input line 230.
Package epstopdf Info: Output file is already uptodate.

<chapter/chapter6/costone_cvt-eps-converted-to.pdf, id=1389, 861.2175pt x 607.2
6875pt>
File: chapter/chapter6/costone_cvt-eps-converted-to.pdf Graphic file (type pdf)

 <use chapter/chapter6/costone_cvt-eps-converted-to.pdf>
Package pdftex.def Info: chapter/chapter6/costone_cvt-eps-converted-to.pdf used
 on input line 230.
(pdftex.def)             Requested size: 230.18251pt x 162.3061pt.
Package epstopdf Info: Source file: <chapter/chapter6/cost_cvt.eps>
(epstopdf)                    date: 2015-11-27 15:57:32
(epstopdf)                    size: 50475 bytes
(epstopdf)             Output file: <chapter/chapter6/cost_cvt-eps-converted-to
.pdf>
(epstopdf)                    date: 2017-01-22 13:19:53
(epstopdf)                    size: 17403 bytes
(epstopdf)             Command: <repstopdf --outfile=chapter/chapter6/cost_cvt-
eps-converted-to.pdf chapter/chapter6/cost_cvt.eps>
(epstopdf)             \includegraphics on input line 235.
Package epstopdf Info: Output file is already uptodate.

<chapter/chapter6/cost_cvt-eps-converted-to.pdf, id=1390, 851.18pt x 609.27625p
t>
File: chapter/chapter6/cost_cvt-eps-converted-to.pdf Graphic file (type pdf)
 <use chapter/chapter6/cost_cvt-eps-converted-to.pdf>
Package pdftex.def Info: chapter/chapter6/cost_cvt-eps-converted-to.pdf used on
 input line 235.
(pdftex.def)             Requested size: 230.18251pt x 164.7578pt.
 [86 <./chapter/chapter6/costone_cvt-eps-converted-to.pdf> <./chapter/chapter6/
cost_cvt-eps-converted-to.pdf>] <chapter/chapter6/bedccor2.pdf, id=1449, 694.29
388pt x 588.20503pt>
File: chapter/chapter6/bedccor2.pdf Graphic file (type pdf)

<use chapter/chapter6/bedccor2.pdf>
Package pdftex.def Info: chapter/chapter6/bedccor2.pdf used on input line 261.
(pdftex.def)             Requested size: 258.36667pt x 218.88898pt.
 [87] [88 <./chapter/chapter6/bedccor2.pdf>]
Package epstopdf Info: Source file: <chapter/chapter6/rcorcor.eps>
(epstopdf)                    date: 2015-10-31 15:43:06
(epstopdf)                    size: 943341 bytes
(epstopdf)             Output file: <chapter/chapter6/rcorcor-eps-converted-to.
pdf>
(epstopdf)                    date: 2017-01-22 13:20:20
(epstopdf)                    size: 79942 bytes
(epstopdf)             Command: <repstopdf --outfile=chapter/chapter6/rcorcor-e
ps-converted-to.pdf chapter/chapter6/rcorcor.eps>
(epstopdf)             \includegraphics on input line 283.
Package epstopdf Info: Output file is already uptodate.

<chapter/chapter6/rcorcor-eps-converted-to.pdf, id=1507, 628.3475pt x 553.06625
pt>
File: chapter/chapter6/rcorcor-eps-converted-to.pdf Graphic file (type pdf)
 <use chapter/chapter6/rcorcor-eps-converted-to.pdf>
Package pdftex.def Info: chapter/chapter6/rcorcor-eps-converted-to.pdf used on 
input line 283.
(pdftex.def)             Requested size: 234.87749pt x 206.73264pt.
 [89 <./chapter/chapter6/rcorcor-eps-converted-to.pdf>] [90] [91] [92] [93]
<chapter/chapter6/A4dvar2.pdf, id=1544, 822.31845pt x 602.44164pt>
File: chapter/chapter6/A4dvar2.pdf Graphic file (type pdf)

<use chapter/chapter6/A4dvar2.pdf>
Package pdftex.def Info: chapter/chapter6/A4dvar2.pdf used on input line 343.
(pdftex.def)             Requested size: 230.18251pt x 168.62735pt.

<chapter/chapter6/B4dvar2.pdf, id=1545, 822.31845pt x 602.44164pt>
File: chapter/chapter6/B4dvar2.pdf Graphic file (type pdf)

<use chapter/chapter6/B4dvar2.pdf>
Package pdftex.def Info: chapter/chapter6/B4dvar2.pdf used on input line 348.
(pdftex.def)             Requested size: 230.18251pt x 168.62735pt.

<chapter/chapter6/C4dvar2.pdf, id=1546, 822.31845pt x 602.44164pt>
File: chapter/chapter6/C4dvar2.pdf Graphic file (type pdf)

<use chapter/chapter6/C4dvar2.pdf>
Package pdftex.def Info: chapter/chapter6/C4dvar2.pdf used on input line 353.
(pdftex.def)             Requested size: 230.18251pt x 168.62735pt.

<chapter/chapter6/D4dvar2.pdf, id=1547, 822.31845pt x 602.44164pt>
File: chapter/chapter6/D4dvar2.pdf Graphic file (type pdf)

<use chapter/chapter6/D4dvar2.pdf>
Package pdftex.def Info: chapter/chapter6/D4dvar2.pdf used on input line 358.
(pdftex.def)             Requested size: 230.18251pt x 168.62735pt.

<chapter/chapter6/Abroke4dvar2.pdf, id=1548, 777.51103pt x 592.81258pt>
File: chapter/chapter6/Abroke4dvar2.pdf Graphic file (type pdf)

<use chapter/chapter6/Abroke4dvar2.pdf>
Package pdftex.def Info: chapter/chapter6/Abroke4dvar2.pdf used on input line 3
68.
(pdftex.def)             Requested size: 230.18251pt x 175.50233pt.

<chapter/chapter6/Bbroke4dvar2.pdf, id=1549, 777.51103pt x 592.81258pt>
File: chapter/chapter6/Bbroke4dvar2.pdf Graphic file (type pdf)

<use chapter/chapter6/Bbroke4dvar2.pdf>
Package pdftex.def Info: chapter/chapter6/Bbroke4dvar2.pdf used on input line 3
73.
(pdftex.def)             Requested size: 230.18251pt x 175.50233pt.

<chapter/chapter6/Cbroke4dvar2.pdf, id=1550, 777.51103pt x 592.81258pt>
File: chapter/chapter6/Cbroke4dvar2.pdf Graphic file (type pdf)

<use chapter/chapter6/Cbroke4dvar2.pdf>
Package pdftex.def Info: chapter/chapter6/Cbroke4dvar2.pdf used on input line 3
78.
(pdftex.def)             Requested size: 230.18251pt x 175.50233pt.

<chapter/chapter6/Dbroke4dvar2.pdf, id=1551, 777.51103pt x 592.81258pt>
File: chapter/chapter6/Dbroke4dvar2.pdf Graphic file (type pdf)

<use chapter/chapter6/Dbroke4dvar2.pdf>
Package pdftex.def Info: chapter/chapter6/Dbroke4dvar2.pdf used on input line 3
83.
(pdftex.def)             Requested size: 230.18251pt x 175.50233pt.

<chapter/chapter6/Amoddat_resid.pdf, id=1552, 822.31845pt x 602.72394pt>
File: chapter/chapter6/Amoddat_resid.pdf Graphic file (type pdf)

<use chapter/chapter6/Amoddat_resid.pdf>
Package pdftex.def Info: chapter/chapter6/Amoddat_resid.pdf used on input line 
393.
(pdftex.def)             Requested size: 230.18251pt x 168.70636pt.

<chapter/chapter6/Bmoddat_resid.pdf, id=1553, 822.31845pt x 602.72394pt>
File: chapter/chapter6/Bmoddat_resid.pdf Graphic file (type pdf)

<use chapter/chapter6/Bmoddat_resid.pdf>
Package pdftex.def Info: chapter/chapter6/Bmoddat_resid.pdf used on input line 
398.
(pdftex.def)             Requested size: 230.18251pt x 168.70636pt.

<chapter/chapter6/Cmoddat_resid.pdf, id=1554, 822.31845pt x 602.72394pt>
File: chapter/chapter6/Cmoddat_resid.pdf Graphic file (type pdf)

<use chapter/chapter6/Cmoddat_resid.pdf>
Package pdftex.def Info: chapter/chapter6/Cmoddat_resid.pdf used on input line 
403.
(pdftex.def)             Requested size: 230.18251pt x 168.70636pt.

<chapter/chapter6/Dmoddat_resid.pdf, id=1555, 822.31845pt x 602.72394pt>
File: chapter/chapter6/Dmoddat_resid.pdf Graphic file (type pdf)

<use chapter/chapter6/Dmoddat_resid.pdf>
Package pdftex.def Info: chapter/chapter6/Dmoddat_resid.pdf used on input line 
408.
(pdftex.def)             Requested size: 230.18251pt x 168.70636pt.

<chapter/chapter6/xbfscat2.pdf, id=1556, 677.09836pt x 678.0629pt>
File: chapter/chapter6/xbfscat2.pdf Graphic file (type pdf)

<use chapter/chapter6/xbfscat2.pdf>
Package pdftex.def Info: chapter/chapter6/xbfscat2.pdf used on input line 418.
(pdftex.def)             Requested size: 187.89912pt x 188.1595pt.

<chapter/chapter6/Afscat2.pdf, id=1557, 677.09836pt x 678.0629pt>
File: chapter/chapter6/Afscat2.pdf Graphic file (type pdf)

<use chapter/chapter6/Afscat2.pdf>
Package pdftex.def Info: chapter/chapter6/Afscat2.pdf used on input line 423.
(pdftex.def)             Requested size: 187.89912pt x 188.1595pt.

<chapter/chapter6/Bfscat2.pdf, id=1558, 677.09836pt x 678.0629pt>
File: chapter/chapter6/Bfscat2.pdf Graphic file (type pdf)

<use chapter/chapter6/Bfscat2.pdf>
Package pdftex.def Info: chapter/chapter6/Bfscat2.pdf used on input line 428.
(pdftex.def)             Requested size: 187.89912pt x 188.1595pt.

<chapter/chapter6/Cfscat2.pdf, id=1559, 677.09836pt x 678.0629pt>
File: chapter/chapter6/Cfscat2.pdf Graphic file (type pdf)

<use chapter/chapter6/Cfscat2.pdf>
Package pdftex.def Info: chapter/chapter6/Cfscat2.pdf used on input line 433.
(pdftex.def)             Requested size: 187.89912pt x 188.1595pt.

<chapter/chapter6/Dfscat2.pdf, id=1560, 677.09836pt x 678.0629pt>
File: chapter/chapter6/Dfscat2.pdf Graphic file (type pdf)

<use chapter/chapter6/Dfscat2.pdf>
Package pdftex.def Info: chapter/chapter6/Dfscat2.pdf used on input line 438.
(pdftex.def)             Requested size: 187.89912pt x 188.1595pt.

<chapter/chapter6/inccvt2.pdf, id=1561, 946.29156pt x 414.63345pt>
File: chapter/chapter6/inccvt2.pdf Graphic file (type pdf)

<use chapter/chapter6/inccvt2.pdf>
Package pdftex.def Info: chapter/chapter6/inccvt2.pdf used on input line 447.
(pdftex.def)             Requested size: 375.80542pt x 164.661pt.
 [94] [95 <./chapter/chapter6/A4dvar2.pdf> <./chapter/chapter6/B4dvar2.pdf

pdfTeX warning: /usr/texbin/pdflatex (file ./chapter/chapter6/B4dvar2.pdf): PDF
 inclusion: multiple pdfs with page group included in a single page
> <./chapter/chapter6/C4dvar2.pdf

pdfTeX warning: /usr/texbin/pdflatex (file ./chapter/chapter6/C4dvar2.pdf): PDF
 inclusion: multiple pdfs with page group included in a single page
> <./chapter/chapter6/D4dvar2.pdf

pdfTeX warning: /usr/texbin/pdflatex (file ./chapter/chapter6/D4dvar2.pdf): PDF
 inclusion: multiple pdfs with page group included in a single page
>] [96 <./chapter/chapter6/Abroke4dvar2.pdf> <./chapter/chapter6/Bbroke4dvar2.p
df

pdfTeX warning: /usr/texbin/pdflatex (file ./chapter/chapter6/Bbroke4dvar2.pdf)
: PDF inclusion: multiple pdfs with page group included in a single page
> <./chapter/chapter6/Cbroke4dvar2.pdf

pdfTeX warning: /usr/texbin/pdflatex (file ./chapter/chapter6/Cbroke4dvar2.pdf)
: PDF inclusion: multiple pdfs with page group included in a single page
> <./chapter/chapter6/Dbroke4dvar2.pdf

pdfTeX warning: /usr/texbin/pdflatex (file ./chapter/chapter6/Dbroke4dvar2.pdf)
: PDF inclusion: multiple pdfs with page group included in a single page
>] [97 <./chapter/chapter6/Amoddat_resid.pdf> <./chapter/chapter6/Bmoddat_resid
.pdf

pdfTeX warning: /usr/texbin/pdflatex (file ./chapter/chapter6/Bmoddat_resid.pdf
): PDF inclusion: multiple pdfs with page group included in a single page
> <./chapter/chapter6/Cmoddat_resid.pdf

pdfTeX warning: /usr/texbin/pdflatex (file ./chapter/chapter6/Cmoddat_resid.pdf
): PDF inclusion: multiple pdfs with page group included in a single page
> <./chapter/chapter6/Dmoddat_resid.pdf

pdfTeX warning: /usr/texbin/pdflatex (file ./chapter/chapter6/Dmoddat_resid.pdf
): PDF inclusion: multiple pdfs with page group included in a single page
>] [98 <./chapter/chapter6/xbfscat2.pdf> <./chapter/chapter6/Afscat2.pdf

pdfTeX warning: /usr/texbin/pdflatex (file ./chapter/chapter6/Afscat2.pdf): PDF
 inclusion: multiple pdfs with page group included in a single page
> <./chapter/chapter6/Bfscat2.pdf

pdfTeX warning: /usr/texbin/pdflatex (file ./chapter/chapter6/Bfscat2.pdf): PDF
 inclusion: multiple pdfs with page group included in a single page
> <./chapter/chapter6/Cfscat2.pdf

pdfTeX warning: /usr/texbin/pdflatex (file ./chapter/chapter6/Cfscat2.pdf): PDF
 inclusion: multiple pdfs with page group included in a single page
> <./chapter/chapter6/Dfscat2.pdf

pdfTeX warning: /usr/texbin/pdflatex (file ./chapter/chapter6/Dfscat2.pdf): PDF
 inclusion: multiple pdfs with page group included in a single page
>] <chapter/chapter6/td.pdf, id=2323, 754.82pt x 636.3775pt>
File: chapter/chapter6/td.pdf Graphic file (type pdf)

<use chapter/chapter6/td.pdf>
Package pdftex.def Info: chapter/chapter6/td.pdf used on input line 459.
(pdftex.def)             Requested size: 230.18251pt x 194.06087pt.

<chapter/chapter6/tdf.pdf, id=2324, 754.82pt x 636.3775pt>
File: chapter/chapter6/tdf.pdf Graphic file (type pdf)

<use chapter/chapter6/tdf.pdf>
Package pdftex.def Info: chapter/chapter6/tdf.pdf used on input line 464.
(pdftex.def)             Requested size: 230.18251pt x 194.06087pt.
 [99 <./chapter/chapter6/inccvt2.pdf>] [100 <./chapter/chapter6/td.pdf> <./chap
ter/chapter6/tdf.pdf>] [101] [102] [103] [104]
LaTeX Font Info:    Font shape `U/lasy/b/n' in size <5> not available
(Font)              Font shape `U/lasy/m/n' tried instead on input line 531.
LaTeX Font Info:    Font shape `OT1/ptm/bx/n' in size <5> not available
(Font)              Font shape `OT1/ptm/b/n' tried instead on input line 531.

Underfull \hbox (badness 10000) in paragraph at lines 533--533
[]|\OT1/ppl/m/n/8 Prior es-ti-
 []


Underfull \hbox (badness 1173) in paragraph at lines 533--533
[]|\OT1/ppl/m/n/8 Standard de-
 []


Underfull \hbox (badness 1242) in paragraph at lines 537--537
[]|\OT1/ppl/m/n/8 Fraction of GPP al-lo-cated to fine
 []


Underfull \hbox (badness 10000) in paragraph at lines 539--539
[]|$\OT1/ztmcm/m/n/8 2\OML/ztmcm/m/it/8 :\OT1/ztmcm/m/n/8 5 \OMS/ztmcm/m/n/8 ^^
B \OT1/ztmcm/m/n/8 10[] \OMS/ztmcm/m/n/8 ^^@
 []


Underfull \hbox (badness 10000) in paragraph at lines 540--540
[]|\OT1/ppl/m/n/8 Fine root car-bon turnover rate
 []


Underfull \hbox (badness 1412) in paragraph at lines 542--542
[]|\OT1/ppl/m/n/8 Soil and or-ganic car-bon turnover
 []


Underfull \hbox (badness 1062) in paragraph at lines 554--554
[]|\OT1/ppl/m/n/8 Above and be-low ground woody
 []


Underfull \hbox (badness 10000) in paragraph at lines 556--556
[]|\OT1/ppl/m/n/8 Soil and or-ganic car-bon pool
 []

) [105] [106]
Chapter 7.
(./chapter/chapter7/chapter7.tex [107

] [108] [109] [110] [111]
<chapter/chapter7/thinned.pdf, id=2443, 845.1575pt x 597.23125pt>
File: chapter/chapter7/thinned.pdf Graphic file (type pdf)

<use chapter/chapter7/thinned.pdf>
Package pdftex.def Info: chapter/chapter7/thinned.pdf used on input line 51.
(pdftex.def)             Requested size: 375.80542pt x 265.57114pt.
 [112 <./chapter/chapter7/thinned.pdf>]
Underfull \hbox (badness 10000) in paragraph at lines 65--65
[]|\OT1/ppl/m/n/10.95 Tree den-
 []

[113]
Underfull \hbox (badness 2293) in paragraph at lines 92--93
[]\OT1/ppl/m/n/10.95 The er-rors in ob-ser-va-tions of daily NEE were as-sumed 
to be con-stant and set at
 []

[114] <chapter/chapter7/dalec2diag.pdf, id=2460, 758.835pt x 453.695pt>
File: chapter/chapter7/dalec2diag.pdf Graphic file (type pdf)

<use chapter/chapter7/dalec2diag.pdf>
Package pdftex.def Info: chapter/chapter7/dalec2diag.pdf used on input line 101
.
(pdftex.def)             Requested size: 281.85585pt x 168.51526pt.
 [115 <./chapter/chapter7/dalec2diag.pdf>] [116] [117] [118]
<chapter/chapter7/obs_compa.pdf, id=2477, 925.05597pt x 635.97598pt>
File: chapter/chapter7/obs_compa.pdf Graphic file (type pdf)

<use chapter/chapter7/obs_compa.pdf>
Package pdftex.def Info: chapter/chapter7/obs_compa.pdf used on input line 173.

(pdftex.def)             Requested size: 469.75499pt x 322.95575pt.

<chapter/chapter7/obs_compc.pdf, id=2478, 925.05597pt x 635.97598pt>
File: chapter/chapter7/obs_compc.pdf Graphic file (type pdf)

<use chapter/chapter7/obs_compc.pdf>
Package pdftex.def Info: chapter/chapter7/obs_compc.pdf used on input line 180.

(pdftex.def)             Requested size: 469.75499pt x 322.95575pt.
 [119] [120 <./chapter/chapter7/obs_compa.pdf>] <chapter/chapter7/flux_part.pdf
, id=2577, 909.99403pt x 624.30199pt>
File: chapter/chapter7/flux_part.pdf Graphic file (type pdf)

<use chapter/chapter7/flux_part.pdf>
Package pdftex.def Info: chapter/chapter7/flux_part.pdf used on input line 231.

(pdftex.def)             Requested size: 469.75499pt x 322.27643pt.

<chapter/chapter7/resp_partc.pdf, id=2578, 910.01143pt x 623.0375pt>
File: chapter/chapter7/resp_partc.pdf Graphic file (type pdf)

<use chapter/chapter7/resp_partc.pdf>
Package pdftex.def Info: chapter/chapter7/resp_partc.pdf used on input line 238
.
(pdftex.def)             Requested size: 469.75499pt x 321.61418pt.

<chapter/chapter7/xa_incc.pdf, id=2579, 940.12791pt x 408.61095pt>
File: chapter/chapter7/xa_incc.pdf Graphic file (type pdf)

<use chapter/chapter7/xa_incc.pdf>
Package pdftex.def Info: chapter/chapter7/xa_incc.pdf used on input line 246.
(pdftex.def)             Requested size: 375.80542pt x 163.33548pt.
 [121 <./chapter/chapter7/obs_compc.pdf>]
[122] [123 <./chapter/chapter7/flux_part.pdf>] [124 <./chapter/chapter7/resp_pa
rtc.pdf> <./chapter/chapter7/xa_incc.pdf

pdfTeX warning: /usr/texbin/pdflatex (file ./chapter/chapter7/xa_incc.pdf): PDF
 inclusion: multiple pdfs with page group included in a single page
>] [125

] [126] [127]
Underfull \hbox (badness 10000) in paragraph at lines 315--315
[]|\OT1/ppl/m/n/8 Prior es-ti-
 []


Underfull \hbox (badness 1173) in paragraph at lines 315--315
[]|\OT1/ppl/m/n/8 Standard de-
 []


Underfull \hbox (badness 1242) in paragraph at lines 319--319
[]|\OT1/ppl/m/n/8 Fraction of GPP al-lo-cated to fine
 []


Underfull \hbox (badness 10000) in paragraph at lines 321--321
[]|$\OT1/ztmcm/m/n/8 2\OML/ztmcm/m/it/8 :\OT1/ztmcm/m/n/8 5 \OMS/ztmcm/m/n/8 ^^
B \OT1/ztmcm/m/n/8 10[] \OMS/ztmcm/m/n/8 ^^@
 []


Underfull \hbox (badness 10000) in paragraph at lines 322--322
[]|\OT1/ppl/m/n/8 Fine root car-bon turnover rate
 []


Underfull \hbox (badness 1412) in paragraph at lines 324--324
[]|\OT1/ppl/m/n/8 Soil and or-ganic car-bon turnover
 []


Underfull \hbox (badness 1062) in paragraph at lines 336--336
[]|\OT1/ppl/m/n/8 Above and be-low ground woody
 []


Underfull \hbox (badness 10000) in paragraph at lines 338--338
[]|\OT1/ppl/m/n/8 Soil and or-ganic car-bon pool
 []

[128] <chapter/chapter7/flux_compa.pdf, id=2884, 925.05597pt x 635.97598pt>
File: chapter/chapter7/flux_compa.pdf Graphic file (type pdf)

<use chapter/chapter7/flux_compa.pdf>
Package pdftex.def Info: chapter/chapter7/flux_compa.pdf used on input line 361
.
(pdftex.def)             Requested size: 360.0pt x 247.5056pt.

<chapter/chapter7/cum_fluxa.pdf, id=2885, 821.06377pt x 554.23326pt>
File: chapter/chapter7/cum_fluxa.pdf Graphic file (type pdf)

<use chapter/chapter7/cum_fluxa.pdf>
Package pdftex.def Info: chapter/chapter7/cum_fluxa.pdf used on input line 367.

(pdftex.def)             Requested size: 360.0pt x 243.00923pt.

<chapter/chapter7/obs_compb.pdf, id=2886, 925.05597pt x 635.97598pt>
File: chapter/chapter7/obs_compb.pdf Graphic file (type pdf)

<use chapter/chapter7/obs_compb.pdf>
Package pdftex.def Info: chapter/chapter7/obs_compb.pdf used on input line 374.

(pdftex.def)             Requested size: 360.0pt x 247.5056pt.

<chapter/chapter7/flux_compb.pdf, id=2887, 925.05597pt x 635.97598pt>
File: chapter/chapter7/flux_compb.pdf Graphic file (type pdf)

<use chapter/chapter7/flux_compb.pdf>
Package pdftex.def Info: chapter/chapter7/flux_compb.pdf used on input line 381
.
(pdftex.def)             Requested size: 360.0pt x 247.5056pt.

<chapter/chapter7/cum_fluxb.pdf, id=2888, 821.06377pt x 554.23326pt>
File: chapter/chapter7/cum_fluxb.pdf Graphic file (type pdf)

<use chapter/chapter7/cum_fluxb.pdf>
Package pdftex.def Info: chapter/chapter7/cum_fluxb.pdf used on input line 387.

(pdftex.def)             Requested size: 360.0pt x 243.00923pt.

<chapter/chapter7/flux_compc.pdf, id=2889, 925.05597pt x 635.97598pt>
File: chapter/chapter7/flux_compc.pdf Graphic file (type pdf)

<use chapter/chapter7/flux_compc.pdf>
Package pdftex.def Info: chapter/chapter7/flux_compc.pdf used on input line 393
.
(pdftex.def)             Requested size: 360.0pt x 247.5056pt.

<chapter/chapter7/cum_fluxc.pdf, id=2890, 821.06377pt x 554.23326pt>
File: chapter/chapter7/cum_fluxc.pdf Graphic file (type pdf)

<use chapter/chapter7/cum_fluxc.pdf>
Package pdftex.def Info: chapter/chapter7/cum_fluxc.pdf used on input line 399.

(pdftex.def)             Requested size: 360.0pt x 243.00923pt.

<chapter/chapter7/obs_compd.pdf, id=2891, 925.05597pt x 635.97598pt>
File: chapter/chapter7/obs_compd.pdf Graphic file (type pdf)

<use chapter/chapter7/obs_compd.pdf>
Package pdftex.def Info: chapter/chapter7/obs_compd.pdf used on input line 406.

(pdftex.def)             Requested size: 360.0pt x 247.5056pt.

<chapter/chapter7/flux_compd.pdf, id=2892, 925.05597pt x 635.97598pt>
File: chapter/chapter7/flux_compd.pdf Graphic file (type pdf)

<use chapter/chapter7/flux_compd.pdf>
Package pdftex.def Info: chapter/chapter7/flux_compd.pdf used on input line 413
.
(pdftex.def)             Requested size: 360.0pt x 247.5056pt.

<chapter/chapter7/cum_fluxd.pdf, id=2893, 821.06377pt x 554.23326pt>
File: chapter/chapter7/cum_fluxd.pdf Graphic file (type pdf)

<use chapter/chapter7/cum_fluxd.pdf>
Package pdftex.def Info: chapter/chapter7/cum_fluxd.pdf used on input line 419.

(pdftex.def)             Requested size: 360.0pt x 243.00923pt.

<chapter/chapter7/prior.pdf, id=2894, 797.44427pt x 545.2032pt>
File: chapter/chapter7/prior.pdf Graphic file (type pdf)

<use chapter/chapter7/prior.pdf>
Package pdftex.def Info: chapter/chapter7/prior.pdf used on input line 426.
(pdftex.def)             Requested size: 360.0pt x 246.12117pt.

<chapter/chapter7/pheno_lai.pdf, id=2895, 912.44435pt x 621.92555pt>
File: chapter/chapter7/pheno_lai.pdf Graphic file (type pdf)

<use chapter/chapter7/pheno_lai.pdf>
Package pdftex.def Info: chapter/chapter7/pheno_lai.pdf used on input line 433.

(pdftex.def)             Requested size: 360.0pt x 245.37794pt.

<chapter/chapter7/rmat_eastc.pdf, id=2896, 631.56264pt x 553.25758pt>
File: chapter/chapter7/rmat_eastc.pdf Graphic file (type pdf)

<use chapter/chapter7/rmat_eastc.pdf>
Package pdftex.def Info: chapter/chapter7/rmat_eastc.pdf used on input line 439
.
(pdftex.def)             Requested size: 360.0pt x 315.37698pt.

<chapter/chapter7/rmat_westc.pdf, id=2897, 631.56264pt x 553.25758pt>
File: chapter/chapter7/rmat_westc.pdf Graphic file (type pdf)

<use chapter/chapter7/rmat_westc.pdf>
Package pdftex.def Info: chapter/chapter7/rmat_westc.pdf used on input line 445
.
(pdftex.def)             Requested size: 360.0pt x 315.37698pt.
) [129] [130 <./chapter/chapter7/flux_compa.pdf> <./chapter/chapter7/cum_fluxa.
pdf

pdfTeX warning: /usr/texbin/pdflatex (file ./chapter/chapter7/cum_fluxa.pdf): P
DF inclusion: multiple pdfs with page group included in a single page
>] [131 <./chapter/chapter7/obs_compb.pdf> <./chapter/chapter7/flux_compb.pdf

pdfTeX warning: /usr/texbin/pdflatex (file ./chapter/chapter7/flux_compb.pdf): 
PDF inclusion: multiple pdfs with page group included in a single page
>] [132 <./chapter/chapter7/cum_fluxb.pdf> <./chapter/chapter7/flux_compc.pdf

pdfTeX warning: /usr/texbin/pdflatex (file ./chapter/chapter7/flux_compc.pdf): 
PDF inclusion: multiple pdfs with page group included in a single page
>] [133 <./chapter/chapter7/cum_fluxc.pdf> <./chapter/chapter7/obs_compd.pdf

pdfTeX warning: /usr/texbin/pdflatex (file ./chapter/chapter7/obs_compd.pdf): P
DF inclusion: multiple pdfs with page group included in a single page
>] [134 <./chapter/chapter7/flux_compd.pdf> <./chapter/chapter7/cum_fluxd.pdf

pdfTeX warning: /usr/texbin/pdflatex (file ./chapter/chapter7/cum_fluxd.pdf): P
DF inclusion: multiple pdfs with page group included in a single page
>] [135 <./chapter/chapter7/prior.pdf> <./chapter/chapter7/pheno_lai.pdf

pdfTeX warning: /usr/texbin/pdflatex (file ./chapter/chapter7/pheno_lai.pdf): P
DF inclusion: multiple pdfs with page group included in a single page
>] [136 <./chapter/chapter7/rmat_eastc.pdf>] [137 <./chapter/chapter7/rmat_west
c.pdf>]
Chapter 8.
(./chapter/conclusion/conclusion.tex) [138

] (./thesis.bbl
LaTeX Font Info:    Font shape `OT1/ppl/bx/sc' in size <24.88> not available
(Font)              Font shape `OT1/ppl/b/sc' tried instead on input line 1.

Underfull \hbox (badness 1831) in paragraph at lines 18--23
\OT1/ppl/m/n/10.95 PAR prod-ucts over tem-per-ate forests within a process-orie
nted bio-sphere model. \OT1/ppl/m/it/10.95 Jour-
 []


Underfull \hbox (badness 2837) in paragraph at lines 18--23
\OT1/ppl/m/it/10.95 nal of Geo-phys-i-cal Re-search: Bio-geo-sciences\OT1/ppl/m
/n/10.95 , n/a--n/a, doi: 10.1002/2015JG002966, URL
 []


Underfull \hbox (badness 1655) in paragraph at lines 32--37
\OT1/ppl/m/it/10.95 cul-tural and For-est Me-te-o-rol-ogy\OT1/ppl/m/n/10.95 , \
OT1/ppl/b/n/10.95 207\OT1/ppl/m/n/10.95 , 117--126, doi: 10.1016/j.agrformet.20
15.03.010, URL
 []

[139

]
Underfull \hbox (badness 2189) in paragraph at lines 67--73
[]\OT1/ppl/m/n/10.95 Bhupinderpal, S., A. Nord-gren, M. Ot-tos-son L[]ofvenius,
 M. N. H[]ogberg, P. E. Mel-lan-
 []


Underfull \hbox (badness 2582) in paragraph at lines 67--73
\OT1/ppl/m/n/10.95 der, and P. H[]ogberg, 2003: Tree root and soil het-erotroph
ic res-pi-ra-tion as re-vealed
 []


Underfull \hbox (badness 1762) in paragraph at lines 67--73
\OT1/ppl/m/n/10.95 by girdling of bo-real scots pine for-est: ex-tend-ing ob-se
r-va-tions be-yond the first year.
 []

Missing character: There is no â in font pplr7t!
Missing character: There is no € in font pplr7t!
Missing character: There is no “ in font pplr7t!

Underfull \hbox (badness 5359) in paragraph at lines 83--88
[]\OT1/ppl/m/n/10.95 Bloom, A. A. and M. Williams, 2015: Con-strain-ing ecosys-
tem car-bon dy-nam-ics in
 []


Underfull \hbox (badness 6204) in paragraph at lines 83--88
\OT1/ppl/m/n/10.95 a data-limited world: in-te-grat-ing eco-log-i-cal "com-mon 
sense" in a mod-el-data fu-
 []


Underfull \hbox (badness 2828) in paragraph at lines 83--88
\OT1/ppl/m/n/10.95 sion frame-work. \OT1/ppl/m/it/10.95 Bio-geo-sciences\OT1/pp
l/m/n/10.95 , \OT1/ppl/b/n/10.95 12 (5)\OT1/ppl/m/n/10.95 , 1299--1315, doi: 10
.5194/bg-12-1299-2015, URL
 []

Missing character: There is no ó in font pplr7t!
[140]
Underfull \hbox (badness 4913) in paragraph at lines 124--129
[]\OT1/ppl/m/n/10.95 Carvalhais, N., et al., 2010: Iden-ti-fi-ca-tion of veg-e-
ta-tion and soil car-bon pools out
 []


Underfull \hbox (badness 5302) in paragraph at lines 124--129
\OT1/ppl/m/n/10.95 of equi-lib-rium in a pro-cess model via eddy co-vari-ance a
nd bio-met-ric con-straints.
 []


Underfull \hbox (badness 3148) in paragraph at lines 124--129
\OT1/ppl/m/it/10.95 Global Change Bi-ol-ogy\OT1/ppl/m/n/10.95 , \OT1/ppl/b/n/10
.95 16 (10)\OT1/ppl/m/n/10.95 , 2813--2829, doi: 10.1111/j.1365-2486.2010.02173
.x, URL
 []


Underfull \hbox (badness 1546) in paragraph at lines 142--147
\OT1/ppl/m/it/10.95 nal of the Royal Me-te-o-ro-log-i-cal So-ci-ety\OT1/ppl/m/n
/10.95 , \OT1/ppl/b/n/10.95 139 (675)\OT1/ppl/m/n/10.95 , 1445--1461, doi: 10.1
002/qj.2054, URL
 []

[141] [142]
Underfull \hbox (badness 3179) in paragraph at lines 270--274
[]\OT1/ppl/m/n/10.95 Fowler, A. and P. Jan Van Leeuwen, 2012: Mea-sures of ob-s
er-va-tion im-pact in non-
 []


Underfull \hbox (badness 5681) in paragraph at lines 270--274
\OT1/ppl/m/n/10.95 Gaussian data as-sim-i-la-tion. \OT1/ppl/m/it/10.95 Tel-lus 
A\OT1/ppl/m/n/10.95 , \OT1/ppl/b/n/10.95 64 (0)\OT1/ppl/m/n/10.95 , doi: 10.340
2/tel-lusa.v64i0.17192, URL
 []

[143]
Missing character: There is no Ã in font pplr7t!
Missing character: There is no ¶ in font pplr7t!
Missing character: There is no Ã in font pplr7t!
Missing character: There is no ¶ in font pplr7t!
Missing character: There is no Ã in font pplr7t!
Missing character: There is no ¤ in font pplr7t!

Underfull \hbox (badness 10000) in paragraph at lines 321--327
[]\OT1/ppl/m/n/10.95 Hernesmaa, A., K. Bjrklf, O. Ki-ikkil, H. Fritze, K. Haaht
ela, and M. Ro-
 []


Underfull \hbox (badness 10000) in paragraph at lines 321--327
\OT1/ppl/m/n/10.95 mantschuk, 2005: Struc-ture and func-tion of mi-cro-bial com
-mu-ni-ties in the
 []


Underfull \hbox (badness 10000) in paragraph at lines 321--327
\OT1/ppl/m/n/10.95 rhi-zo-sphere of scots pine af-ter tree-felling. \OT1/ppl/m/
it/10.95 Soil Bi-ol-ogy and Bio-chem-istry\OT1/ppl/m/n/10.95 ,
 []


Underfull \hbox (badness 10000) in paragraph at lines 321--327
\OT1/ppl/b/n/10.95 37 (4)\OT1/ppl/m/n/10.95 , 777 -- 785, doi: http://dx.doi.or
g/10.1016/j.soilbio.2004.10.010, URL
 []


Underfull \hbox (badness 10000) in paragraph at lines 356--361
[]\OT1/ppl/m/n/10.95 Janssens, I. A., et al., 2001: Pro-duc-tiv-ity over-shad-o
ws tem-per-a-ture in de-
 []


Underfull \hbox (badness 10000) in paragraph at lines 356--361
\OT1/ppl/m/n/10.95 ter-min-ing soil and ecosys-tem res-pi-ra-tion across eu-ro-
pean forests. \OT1/ppl/m/it/10.95 Global
 []


Underfull \hbox (badness 10000) in paragraph at lines 356--361
\OT1/ppl/m/it/10.95 Change Bi-ol-ogy\OT1/ppl/m/n/10.95 , \OT1/ppl/b/n/10.95 7 (
3)\OT1/ppl/m/n/10.95 , 269--278, doi: 10.1046/j.1365-2486.2001.00412.x, URL
 []

[144]
Underfull \hbox (badness 1442) in paragraph at lines 376--381
\OT1/ppl/m/n/10.95 Re-view of meth-ods for in situ leaf area in-dex de-ter-mi-n
a-tion Part I. The-o-ries, sen-sors
 []

[145] [146]
Underfull \hbox (badness 2735) in paragraph at lines 526--532
[]\OT1/ppl/m/n/10.95 Li, Y., I. M. Navon, W. Yang, X. Zou, J. R. Bates, S. Moor
-thi, and R. W. Hig-gins,
 []


Underfull \hbox (badness 10000) in paragraph at lines 526--532
\OT1/ppl/m/n/10.95 1994: Four-Dimensional Vari-a-tional Data As-sim-i-la-tion E
x-per-i-ments with a Mul-ti-
 []


Underfull \hbox (badness 4765) in paragraph at lines 526--532
\OT1/ppl/m/n/10.95 level Semi-Lagrangian Semi-Implicit Gen-eral Cir-cu-la-tion 
Model. \OT1/ppl/m/it/10.95 Monthly Weather Re-
 []


Underfull \hbox (badness 4416) in paragraph at lines 526--532
\OT1/ppl/m/it/10.95 view\OT1/ppl/m/n/10.95 , \OT1/ppl/b/n/10.95 122 (5)\OT1/ppl
/m/n/10.95 , 966--983, doi: 10.1175/1520-0493(1994)122<0966:FDVDAE>2.0.CO;2, UR
L
 []


Overfull \hbox (128.66182pt too wide) in paragraph at lines 526--532
\OT1/pcr/m/n/10.95 http://journals.ametsoc.org/doi/abs/10.1175/1520-0493(1994)1
22%3C0966:FDVDAE%3E2.0.CO%3B2\OT1/ppl/m/n/10.95 . 
 []

Missing character: There is no ® in font pplri7t!

Underfull \hbox (badness 5231) in paragraph at lines 538--543
[]\OT1/ppl/m/n/10.95 Liu, S., et al., 2011: Sim-u-lat-ing the im-pacts of dis-t
ur-bances on for-est car-bon cy-
 []


Underfull \hbox (badness 6204) in paragraph at lines 538--543
\OT1/ppl/m/n/10.95 cling in north amer-ica: Pro-cesses, data, mod-els, and chal
-lenges. \OT1/ppl/m/it/10.95 Jour-nal of Geo-
 []


Underfull \hbox (badness 2343) in paragraph at lines 538--543
\OT1/ppl/m/it/10.95 phys-i-cal Re-search: Bio-geo-sciences\OT1/ppl/m/n/10.95 , 
\OT1/ppl/b/n/10.95 116 (G4)\OT1/ppl/m/n/10.95 , n/a--n/a, doi: 10.1029/2010JG00
1585, URL
 []

[147] [148]
Underfull \hbox (badness 4792) in paragraph at lines 661--666
[]\OT1/ppl/m/n/10.95 Navon, I. M., X. Zou, J. Der-ber, and J. Sela, 1992: Vari-
a-tional Data As-sim-i-la-tion
 []


Underfull \hbox (badness 7168) in paragraph at lines 661--666
\OT1/ppl/m/n/10.95 with an Adi-a-batic Ver-sion of the NMC Spec-tral Model. \OT
1/ppl/m/it/10.95 Monthly Weather Re-view\OT1/ppl/m/n/10.95 ,
 []


Underfull \hbox (badness 10000) in paragraph at lines 661--666
\OT1/ppl/b/n/10.95 120 (7)\OT1/ppl/m/n/10.95 , 1433--1446, doi: 10.1175/1520-04
93(1992)120<1433:VDAWAA>2.0.CO;2, URL
 []


Overfull \hbox (141.8018pt too wide) in paragraph at lines 661--666
\OT1/pcr/m/n/10.95 http://journals.ametsoc.org/doi/abs/10.1175/1520-0493(1992)1
20%3C1433%3AVDAWAA%3E2.0.CO%3B2\OT1/ppl/m/n/10.95 . 
 []


Underfull \hbox (badness 10000) in paragraph at lines 674--677
[]\OT1/ppl/m/n/10.95 Nocedal, J. and S. J. Wright, 1999: \OT1/ppl/m/it/10.95 Nu
-mer-i-cal Op-ti-miza-
 []


Underfull \hbox (badness 10000) in paragraph at lines 674--677
\OT1/ppl/m/it/10.95 tion\OT1/ppl/m/n/10.95 . Springer Sci-ence & Busi-ness Me-d
ia, 198 pp., URL
 []


Overfull \hbox (119.46382pt too wide) in paragraph at lines 674--677
\OT1/pcr/m/n/10.95 http://books.google.co.uk/books/about/Numerical[]Optimizatio
n.html?id=epc5fX0lqRIC&pgis=1\OT1/ppl/m/n/10.95 . 
 []

[149]
Missing character: There is no é in font pplr7t!

Underfull \hbox (badness 1472) in paragraph at lines 719--724
[]\OT1/ppl/m/n/10.95 Pierret, A., J.-L. Maeght, C. Clment, J.-P. Mon-toroi, C. 
Hart-mann, and S. Gonkhamdee,
 []


Underfull \hbox (badness 1127) in paragraph at lines 719--724
\OT1/ppl/m/n/10.95 un-con-ven-tional re-search. \OT1/ppl/m/it/10.95 An-nals of 
Botany\OT1/ppl/m/n/10.95 , \OT1/ppl/b/n/10.95 118 (4)\OT1/ppl/m/n/10.95 , 621--
635, doi: 10.1093/aob/mcw130,
 []

Missing character: There is no â in font pplb7t!
Missing character: There is no € in font pplb7t!
Missing character: There is no “ in font pplb7t!

Underfull \hbox (badness 1163) in paragraph at lines 727--733
[]\OT1/ppl/m/n/10.95 Pinnington, E. M., E. Casella, S. L. Dance, A. S. Law-less
, J. I. Mori-son, N. K. Nichols,
 []

[150] [151]
Underfull \hbox (badness 7667) in paragraph at lines 849--854
[]\OT1/ppl/m/n/10.95 Saunders, M., B. To-bin, K. Black, M. Gio-ria, M. Nieuwen-
huis, and B. Os-borne,
 []


Underfull \hbox (badness 2142) in paragraph at lines 849--854
\OT1/ppl/m/n/10.95 2012: Thin-ning ef-fects on the net ecosys-tem car-bon ex-ch
ange of a sitka spruce for-
 []


Underfull \hbox (badness 3354) in paragraph at lines 849--854
\OT1/ppl/m/n/10.95 est are temperature-dependent. \OT1/ppl/m/it/10.95 Agri-cul-
tural and For-est Me-te-o-rol-ogy\OT1/ppl/m/n/10.95 , \OT1/ppl/b/n/10.95 157\OT
1/ppl/m/n/10.95 , 1 -- 10, doi:
 []

[152] [153]
Underfull \hbox (badness 1033) in paragraph at lines 945--949
[]\OT1/ppl/m/n/10.95 Taylor, K. E., 2001: Sum-ma-riz-ing mul-ti-ple as-pects of
 model per-for-mance in a sin-gle di-
 []


Underfull \hbox (badness 1024) in paragraph at lines 945--949
\OT1/ppl/m/n/10.95 a-gram. \OT1/ppl/m/it/10.95 Jour-nal of Geo-phys-i-cal Re-se
arch\OT1/ppl/m/n/10.95 , \OT1/ppl/b/n/10.95 106 (D7)\OT1/ppl/m/n/10.95 , 7183, 
doi: 10.1029/2000JD900719, URL
 []


Underfull \hbox (badness 4699) in paragraph at lines 957--961
[]\OT1/ppl/m/n/10.95 Tremolet, Y., 2006: Ac-count-ing for an im-per-fect model 
in 4D-Var. \OT1/ppl/m/it/10.95 Quar-terly Jour-nal
 []


Underfull \hbox (badness 3068) in paragraph at lines 957--961
\OT1/ppl/m/it/10.95 of the Royal Me-te-o-ro-log-i-cal So-ci-ety\OT1/ppl/m/n/10.
95 , \OT1/ppl/b/n/10.95 132 (621)\OT1/ppl/m/n/10.95 , 2483--2504, doi: 10.1256/
qj.05.224, URL
 []

Missing character: There is no â in font pplr7t!
Missing character: There is no € in font pplr7t!
Missing character: There is no   in font pplr7t!
[154]
Underfull \hbox (badness 3758) in paragraph at lines 993--997
[]\OT1/ppl/m/n/10.95 Walter, S. F. and L. Lehmann, 2013: Al-go-rith-mic dif-fer
-en-ti-a-tion in Python with Al-
 []


Underfull \hbox (badness 2334) in paragraph at lines 1011--1016
[]\OT1/ppl/m/n/10.95 Wilkinson, M., P. Crow, E. L. Eaton, and J. I. L. Mori-son
, 2016: Ef-fects of man-age-
 []


Underfull \hbox (badness 10000) in paragraph at lines 1011--1016
\OT1/ppl/m/n/10.95 ment thin-ning on co2 ex-change by a plan-ta-tion oak wood-l
and in south-eastern
 []


Underfull \hbox (badness 10000) in paragraph at lines 1011--1016
\OT1/ppl/m/n/10.95 eng-land. \OT1/ppl/m/it/10.95 Bio-geo-sciences\OT1/ppl/m/n/1
0.95 , \OT1/ppl/b/n/10.95 13 (8)\OT1/ppl/m/n/10.95 , 2367--2378, doi: 10.5194/b
g-13-2367-2016, URL
 []

[155]) [156] (./thesis.aux (./preface/title.aux) (./preface/declaration.aux)
(./preface/publications.aux) (./preface/abstract.aux)
(./preface/acknowledgements.aux))

LaTeX Warning: There were undefined references.


LaTeX Warning: There were multiply-defined labels.

 ) 
Here is how much of TeX's memory you used:
 7075 strings out of 493117
 120597 string characters out of 6135433
 230465 words of memory out of 5000000
 10151 multiletter control sequences out of 15000+600000
 70086 words of font info for 172 fonts, out of 8000000 for 9000
 1141 hyphenation exceptions out of 8191
 40i,19n,43p,3150b,661s stack positions out of 5000i,500n,10000p,200000b,80000s
{/usr/local/texlive/2014/texmf-dist/fonts/enc/dvips/base/8r.enc}</usr/local/t
exlive/2014/texmf-dist/fonts/type1/public/amsfonts/cm/cmbx10.pfb></usr/local/te
xlive/2014/texmf-dist/fonts/type1/public/amsfonts/cm/cmex10.pfb></usr/local/tex
live/2014/texmf-dist/fonts/type1/public/amsfonts/cm/cmmi10.pfb></usr/local/texl
ive/2014/texmf-dist/fonts/type1/public/amsfonts/cm/cmmib10.pfb></usr/local/texl
ive/2014/texmf-dist/fonts/type1/public/amsfonts/cm/cmr10.pfb></usr/local/texliv
e/2014/texmf-dist/fonts/type1/public/amsfonts/cm/cmsy10.pfb></usr/local/texlive
/2014/texmf-dist/fonts/type1/public/amsfonts/symbols/msbm10.pfb></usr/local/tex
live/2014/texmf-dist/fonts/type1/public/rsfs/rsfs10.pfb></usr/local/texlive/201
4/texmf-dist/fonts/type1/urw/courier/ucrr8a.pfb></usr/local/texlive/2014/texmf-
dist/fonts/type1/urw/palatino/uplb8a.pfb></usr/local/texlive/2014/texmf-dist/fo
nts/type1/urw/palatino/uplbi8a.pfb></usr/local/texlive/2014/texmf-dist/fonts/ty
pe1/urw/palatino/uplr8a.pfb></usr/local/texlive/2014/texmf-dist/fonts/type1/urw
/palatino/uplri8a.pfb></usr/local/texlive/2014/texmf-dist/fonts/type1/urw/symbo
l/usyr.pfb></usr/local/texlive/2014/texmf-dist/fonts/type1/urw/symbol/usyr.pfb>
</usr/local/texlive/2014/texmf-dist/fonts/type1/urw/times/utmb8a.pfb></usr/loca
l/texlive/2014/texmf-dist/fonts/type1/urw/times/utmr8a.pfb></usr/local/texlive/
2014/texmf-dist/fonts/type1/urw/times/utmri8a.pfb>
Output written on thesis.pdf (165 pages, 30164697 bytes).
PDF statistics:
 3906 PDF objects out of 4296 (max. 8388607)
 1258 compressed objects within 13 object streams
 0 named destinations out of 1000 (max. 500000)
 451 words of extra memory for PDF output out of 10000 (max. 10000000)

