This is pdfTeX, Version 3.14159265-2.6-1.40.15 (TeX Live 2014) (preloaded format=pdflatex 2015.3.29)  28 OCT 2015 11:53
entering extended mode
 restricted \write18 enabled.
 file:line:error style messages enabled.
 %&-line parsing enabled.
**newfigs.tex
(./newfigs.tex
LaTeX2e <2014/05/01>
Babel <3.9k> and hyphenation patterns for 78 languages loaded.
(/usr/local/texlive/2014/texmf-dist/tex/latex/base/article.cls
Document Class: article 2007/10/19 v1.4h Standard LaTeX document class
(/usr/local/texlive/2014/texmf-dist/tex/latex/base/size11.clo
File: size11.clo 2007/10/19 v1.4h Standard LaTeX file (size option)
)
\c@part=\count79
\c@section=\count80
\c@subsection=\count81
\c@subsubsection=\count82
\c@paragraph=\count83
\c@subparagraph=\count84
\c@figure=\count85
\c@table=\count86
\abovecaptionskip=\skip41
\belowcaptionskip=\skip42
\bibindent=\dimen102
)
(/usr/local/texlive/2014/texmf-dist/tex/latex/natbib/natbib.sty
Package: natbib 2010/09/13 8.31b (PWD, AO)
\bibhang=\skip43
\bibsep=\skip44
LaTeX Info: Redefining \cite on input line 694.
\c@NAT@ctr=\count87
)
(/usr/local/texlive/2014/texmf-dist/tex/latex/tools/bm.sty
Package: bm 2004/02/26 v1.1c Bold Symbol Support (DPC/FMi)
\symboldoperators=\mathgroup4
\symboldletters=\mathgroup5
\symboldsymbols=\mathgroup6
LaTeX Font Info:    Redeclaring math alphabet \mathbf on input line 137.
LaTeX Info: Redefining \bm on input line 203.
)
(/usr/local/texlive/2014/texmf-dist/tex/latex/amsmath/amsmath.sty
Package: amsmath 2013/01/14 v2.14 AMS math features
\@mathmargin=\skip45

For additional information on amsmath, use the `?' option.
(/usr/local/texlive/2014/texmf-dist/tex/latex/amsmath/amstext.sty
Package: amstext 2000/06/29 v2.01

(/usr/local/texlive/2014/texmf-dist/tex/latex/amsmath/amsgen.sty
File: amsgen.sty 1999/11/30 v2.0
\@emptytoks=\toks14
\ex@=\dimen103
))
(/usr/local/texlive/2014/texmf-dist/tex/latex/amsmath/amsbsy.sty
Package: amsbsy 1999/11/29 v1.2d
LaTeX Info: Redefining \boldsymbol on input line 39.
\pmbraise@=\dimen104
)
(/usr/local/texlive/2014/texmf-dist/tex/latex/amsmath/amsopn.sty
Package: amsopn 1999/12/14 v2.01 operator names
)
\inf@bad=\count88
LaTeX Info: Redefining \frac on input line 210.
\uproot@=\count89
\leftroot@=\count90
LaTeX Info: Redefining \overline on input line 306.
\classnum@=\count91
\DOTSCASE@=\count92
LaTeX Info: Redefining \ldots on input line 378.
LaTeX Info: Redefining \dots on input line 381.
LaTeX Info: Redefining \cdots on input line 466.
\Mathstrutbox@=\box26
\strutbox@=\box27
\big@size=\dimen105
LaTeX Font Info:    Redeclaring font encoding OML on input line 566.
LaTeX Font Info:    Redeclaring font encoding OMS on input line 567.
\macc@depth=\count93
\c@MaxMatrixCols=\count94
\dotsspace@=\muskip10
\c@parentequation=\count95
\dspbrk@lvl=\count96
\tag@help=\toks15
\row@=\count97
\column@=\count98
\maxfields@=\count99
\andhelp@=\toks16
\eqnshift@=\dimen106
\alignsep@=\dimen107
\tagshift@=\dimen108
\tagwidth@=\dimen109
\totwidth@=\dimen110
\lineht@=\dimen111
\@envbody=\toks17
\multlinegap=\skip46
\multlinetaggap=\skip47
\mathdisplay@stack=\toks18
LaTeX Info: Redefining \[ on input line 2665.
LaTeX Info: Redefining \] on input line 2666.
)
(/usr/local/texlive/2014/texmf-dist/tex/latex/bbm-macros/bbm.sty
Package: bbm 1999/03/15 V 1.2 provides fonts for set symbols - TH
LaTeX Font Info:    Overwriting math alphabet `\mathbbm' in version `bold'
(Font)                  U/bbm/m/n --> U/bbm/bx/n on input line 33.
LaTeX Font Info:    Overwriting math alphabet `\mathbbmss' in version `bold'
(Font)                  U/bbmss/m/n --> U/bbmss/bx/n on input line 35.
)
(/usr/local/texlive/2014/texmf-dist/tex/latex/amsfonts/amsfonts.sty
Package: amsfonts 2013/01/14 v3.01 Basic AMSFonts support
\symAMSa=\mathgroup7
\symAMSb=\mathgroup8
LaTeX Font Info:    Overwriting math alphabet `\mathfrak' in version `bold'
(Font)                  U/euf/m/n --> U/euf/b/n on input line 106.
)
(/usr/local/texlive/2014/texmf-dist/tex/latex/units/nicefrac.sty
Package: nicefrac 1998/08/04 v0.9b Nice fractions
\L@UnitsRaiseDisplaystyle=\skip48
\L@UnitsRaiseTextstyle=\skip49
\L@UnitsRaiseScriptstyle=\skip50

(/usr/local/texlive/2014/texmf-dist/tex/latex/base/ifthen.sty
Package: ifthen 2001/05/26 v1.1c Standard LaTeX ifthen package (DPC)
))
(/usr/local/texlive/2014/texmf-dist/tex/latex/base/latexsym.sty
Package: latexsym 1998/08/17 v2.2e Standard LaTeX package (lasy symbols)
\symlasy=\mathgroup9
LaTeX Font Info:    Overwriting symbol font `lasy' in version `bold'
(Font)                  U/lasy/m/n --> U/lasy/b/n on input line 47.
)
(/usr/local/texlive/2014/texmf-dist/tex/latex/amsmath/amscd.sty
Package: amscd 1999/11/29 v2.0
\athelp@=\toks19
\minaw@=\dimen112
\bigaw@=\dimen113
\minCDarrowwidth=\dimen114
)
(/usr/local/texlive/2014/texmf-dist/tex/latex/amsmath/amsxtra.sty
Package: amsxtra 1999/11/15 v1.2c
LaTeX Info: Redefining \nobreakspace on input line 65.
)
(/usr/local/texlive/2014/texmf-dist/tex/latex/amscls/amsthm.sty
Package: amsthm 2004/08/06 v2.20
\thm@style=\toks20
\thm@bodyfont=\toks21
\thm@headfont=\toks22
\thm@notefont=\toks23
\thm@headpunct=\toks24
\thm@preskip=\skip51
\thm@postskip=\skip52
\thm@headsep=\skip53
\dth@everypar=\toks25
)
(/usr/local/texlive/2014/texmf-dist/tex/latex/amsfonts/amssymb.sty
Package: amssymb 2013/01/14 v3.01 AMS font symbols
)
(/usr/local/texlive/2014/texmf-dist/tex/latex/graphics/graphicx.sty
Package: graphicx 2014/04/25 v1.0g Enhanced LaTeX Graphics (DPC,SPQR)

(/usr/local/texlive/2014/texmf-dist/tex/latex/graphics/keyval.sty
Package: keyval 2014/05/08 v1.15 key=value parser (DPC)
\KV@toks@=\toks26
)
(/usr/local/texlive/2014/texmf-dist/tex/latex/graphics/graphics.sty
Package: graphics 2009/02/05 v1.0o Standard LaTeX Graphics (DPC,SPQR)

(/usr/local/texlive/2014/texmf-dist/tex/latex/graphics/trig.sty
Package: trig 1999/03/16 v1.09 sin cos tan (DPC)
)
(/usr/local/texlive/2014/texmf-dist/tex/latex/latexconfig/graphics.cfg
File: graphics.cfg 2010/04/23 v1.9 graphics configuration of TeX Live
)
Package graphics Info: Driver file: pdftex.def on input line 91.

(/usr/local/texlive/2014/texmf-dist/tex/latex/pdftex-def/pdftex.def
File: pdftex.def 2011/05/27 v0.06d Graphics/color for pdfTeX

(/usr/local/texlive/2014/texmf-dist/tex/generic/oberdiek/infwarerr.sty
Package: infwarerr 2010/04/08 v1.3 Providing info/warning/error messages (HO)
)
(/usr/local/texlive/2014/texmf-dist/tex/generic/oberdiek/ltxcmds.sty
Package: ltxcmds 2011/11/09 v1.22 LaTeX kernel commands for general use (HO)
)
\Gread@gobject=\count100
))
\Gin@req@height=\dimen115
\Gin@req@width=\dimen116
)
(/usr/local/texlive/2014/texmf-dist/tex/latex/graphics/color.sty
Package: color 2014/04/23 v1.1a Standard LaTeX Color (DPC)

(/usr/local/texlive/2014/texmf-dist/tex/latex/latexconfig/color.cfg
File: color.cfg 2007/01/18 v1.5 color configuration of teTeX/TeXLive
)
Package color Info: Driver file: pdftex.def on input line 137.
)
(/usr/local/texlive/2014/texmf-dist/tex/latex/caption/caption.sty
Package: caption 2013/05/02 v3.3-89 Customizing captions (AR)

(/usr/local/texlive/2014/texmf-dist/tex/latex/caption/caption3.sty
Package: caption3 2013/05/02 v1.6-88 caption3 kernel (AR)
Package caption3 Info: TeX engine: e-TeX on input line 57.
\captionmargin=\dimen117
\captionmargin@=\dimen118
\captionwidth=\dimen119
\caption@tempdima=\dimen120
\caption@indent=\dimen121
\caption@parindent=\dimen122
\caption@hangindent=\dimen123
)
\c@ContinuedFloat=\count101
)
(/usr/local/texlive/2014/texmf-dist/tex/latex/caption/subcaption.sty
Package: subcaption 2013/02/03 v1.1-62 Sub-captions (AR)
\c@subfigure=\count102
\c@subtable=\count103
)
(/usr/local/texlive/2014/texmf-dist/tex/latex/fancyhdr/fancyhdr.sty
\fancy@headwidth=\skip54
\f@ncyO@elh=\skip55
\f@ncyO@erh=\skip56
\f@ncyO@olh=\skip57
\f@ncyO@orh=\skip58
\f@ncyO@elf=\skip59
\f@ncyO@erf=\skip60
\f@ncyO@olf=\skip61
\f@ncyO@orf=\skip62
)
(/usr/local/texlive/2014/texmf-dist/tex/latex/pbox/pbox.sty
Package: pbox 2011/12/07 v1.2 Dynamic parboxes

(/usr/local/texlive/2014/texmf-dist/tex/latex/tools/calc.sty
Package: calc 2007/08/22 v4.3 Infix arithmetic (KKT,FJ)
\calc@Acount=\count104
\calc@Bcount=\count105
\calc@Adimen=\dimen124
\calc@Bdimen=\dimen125
\calc@Askip=\skip63
\calc@Bskip=\skip64
LaTeX Info: Redefining \setlength on input line 75.
LaTeX Info: Redefining \addtolength on input line 76.
\calc@Ccount=\count106
\calc@Cskip=\skip65
)
\pb@xlen=\skip66
)
(/usr/local/texlive/2014/texmf-dist/tex/latex/geometry/geometry.sty
Package: geometry 2010/09/12 v5.6 Page Geometry

(/usr/local/texlive/2014/texmf-dist/tex/generic/oberdiek/ifpdf.sty
Package: ifpdf 2011/01/30 v2.3 Provides the ifpdf switch (HO)
Package ifpdf Info: pdfTeX in PDF mode is detected.
)
(/usr/local/texlive/2014/texmf-dist/tex/generic/oberdiek/ifvtex.sty
Package: ifvtex 2010/03/01 v1.5 Detect VTeX and its facilities (HO)
Package ifvtex Info: VTeX not detected.
)
(/usr/local/texlive/2014/texmf-dist/tex/generic/ifxetex/ifxetex.sty
Package: ifxetex 2010/09/12 v0.6 Provides ifxetex conditional
)
\Gm@cnth=\count107
\Gm@cntv=\count108
\c@Gm@tempcnt=\count109
\Gm@bindingoffset=\dimen126
\Gm@wd@mp=\dimen127
\Gm@odd@mp=\dimen128
\Gm@even@mp=\dimen129
\Gm@layoutwidth=\dimen130
\Gm@layoutheight=\dimen131
\Gm@layouthoffset=\dimen132
\Gm@layoutvoffset=\dimen133
\Gm@dimlist=\toks27
)
(/usr/local/texlive/2014/texmf-dist/tex/generic/babel/babel.sty
Package: babel 2014/03/24 3.9k The Babel package

(/usr/local/texlive/2014/texmf-dist/tex/generic/babel-english/english.ldf
Language: english 2012/08/20 v3.3p English support from the babel system

(/usr/local/texlive/2014/texmf-dist/tex/generic/babel/babel.def
File: babel.def 2014/03/24 3.9k Babel common definitions
\babel@savecnt=\count110
\U@D=\dimen134
)
\l@canadian = a dialect from \language\l@american 
\l@australian = a dialect from \language\l@british 
\l@newzealand = a dialect from \language\l@british 
))
(/usr/local/texlive/2014/texmf-dist/tex/latex/placeins/placeins.sty
Package: placeins 2005/04/18  v 2.2
)
(/usr/local/texlive/2014/texmf-dist/tex/latex/wrapfig/wrapfig.sty
\wrapoverhang=\dimen135
\WF@size=\dimen136
\c@WF@wrappedlines=\count111
\WF@box=\box28
\WF@everypar=\toks28
Package: wrapfig 2003/01/31  v 3.6
)
(/usr/local/texlive/2014/texmf-dist/tex/latex/graphics/lscape.sty
Package: lscape 2000/10/22 v3.01 Landscape Pages (DPC)
)
(/usr/local/texlive/2014/texmf-dist/tex/latex/rotating/rotating.sty
Package: rotating 2009/03/28 v2.16a rotated objects in LaTeX
\c@r@tfl@t=\count112
\rotFPtop=\skip67
\rotFPbot=\skip68
\rot@float@box=\box29
\rot@mess@toks=\toks29
)
(/usr/local/texlive/2014/texmf-dist/tex/latex/oberdiek/epstopdf.sty
Package: epstopdf 2010/02/09 v2.5 Conversion with epstopdf on the fly (HO)

(/usr/local/texlive/2014/texmf-dist/tex/latex/oberdiek/epstopdf-base.sty
Package: epstopdf-base 2010/02/09 v2.5 Base part for package epstopdf

(/usr/local/texlive/2014/texmf-dist/tex/latex/oberdiek/grfext.sty
Package: grfext 2010/08/19 v1.1 Manage graphics extensions (HO)

(/usr/local/texlive/2014/texmf-dist/tex/generic/oberdiek/kvdefinekeys.sty
Package: kvdefinekeys 2011/04/07 v1.3 Define keys (HO)
))
(/usr/local/texlive/2014/texmf-dist/tex/latex/oberdiek/kvoptions.sty
Package: kvoptions 2011/06/30 v3.11 Key value format for package options (HO)

(/usr/local/texlive/2014/texmf-dist/tex/generic/oberdiek/kvsetkeys.sty
Package: kvsetkeys 2012/04/25 v1.16 Key value parser (HO)

(/usr/local/texlive/2014/texmf-dist/tex/generic/oberdiek/etexcmds.sty
Package: etexcmds 2011/02/16 v1.5 Avoid name clashes with e-TeX commands (HO)

(/usr/local/texlive/2014/texmf-dist/tex/generic/oberdiek/ifluatex.sty
Package: ifluatex 2010/03/01 v1.3 Provides the ifluatex switch (HO)
Package ifluatex Info: LuaTeX not detected.
)
Package etexcmds Info: Could not find \expanded.
(etexcmds)             That can mean that you are not using pdfTeX 1.50 or
(etexcmds)             that some package has redefined \expanded.
(etexcmds)             In the latter case, load this package earlier.
)))
(/usr/local/texlive/2014/texmf-dist/tex/generic/oberdiek/pdftexcmds.sty
Package: pdftexcmds 2011/11/29 v0.20 Utility functions of pdfTeX for LuaTeX (HO
)
Package pdftexcmds Info: LuaTeX not detected.
Package pdftexcmds Info: \pdf@primitive is available.
Package pdftexcmds Info: \pdf@ifprimitive is available.
Package pdftexcmds Info: \pdfdraftmode found.
)
Package grfext Info: Graphics extension search list:
(grfext)             [.png,.pdf,.jpg,.mps,.jpeg,.jbig2,.jb2,.PNG,.PDF,.JPG,.JPE
G,.JBIG2,.JB2,.eps]
(grfext)             \AppendGraphicsExtensions on input line 452.

(/usr/local/texlive/2014/texmf-dist/tex/latex/latexconfig/epstopdf-sys.cfg
File: epstopdf-sys.cfg 2010/07/13 v1.3 Configuration of (r)epstopdf for TeX Liv
e
)))
\c@theorem=\count113

(./newfigs.aux

LaTeX Warning: Label `table:exps_tab' multiply defined.


LaTeX Warning: Label `table:exps_tab' multiply defined.


LaTeX Warning: Label `fig:4dvardiagBR' multiply defined.


LaTeX Warning: Label `sub@fig:4dvardiagBR' multiply defined.


LaTeX Warning: Label `fig:4dvaredcBR' multiply defined.


LaTeX Warning: Label `sub@fig:4dvaredcBR' multiply defined.


LaTeX Warning: Label `fig:4dvarBcorR' multiply defined.


LaTeX Warning: Label `sub@fig:4dvarBcorR' multiply defined.


LaTeX Warning: Label `fig:4dvaredcBcorR' multiply defined.


LaTeX Warning: Label `sub@fig:4dvaredcBcorR' multiply defined.


LaTeX Warning: Label `fig:4dvar' multiply defined.


LaTeX Warning: Label `fig:4dvardiagBR' multiply defined.


LaTeX Warning: Label `sub@fig:4dvardiagBR' multiply defined.


LaTeX Warning: Label `fig:4dvaredcBR' multiply defined.


LaTeX Warning: Label `sub@fig:4dvaredcBR' multiply defined.


LaTeX Warning: Label `fig:4dvarBcorR' multiply defined.


LaTeX Warning: Label `sub@fig:4dvarBcorR' multiply defined.


LaTeX Warning: Label `fig:4dvaredcBcorR' multiply defined.


LaTeX Warning: Label `sub@fig:4dvaredcBcorR' multiply defined.


LaTeX Warning: Label `fig:4dvar' multiply defined.


LaTeX Warning: Label `fig:4dvardiagBR' multiply defined.


LaTeX Warning: Label `sub@fig:4dvardiagBR' multiply defined.


LaTeX Warning: Label `fig:4dvaredcBR' multiply defined.


LaTeX Warning: Label `sub@fig:4dvaredcBR' multiply defined.


LaTeX Warning: Label `fig:4dvarBcorR' multiply defined.


LaTeX Warning: Label `sub@fig:4dvarBcorR' multiply defined.


LaTeX Warning: Label `fig:4dvaredcBcorR' multiply defined.


LaTeX Warning: Label `sub@fig:4dvaredcBcorR' multiply defined.


LaTeX Warning: Label `fig:4dvar' multiply defined.


LaTeX Warning: Label `fig:4dvardiagBR' multiply defined.


LaTeX Warning: Label `sub@fig:4dvardiagBR' multiply defined.


LaTeX Warning: Label `fig:4dvaredcBR' multiply defined.


LaTeX Warning: Label `sub@fig:4dvaredcBR' multiply defined.


LaTeX Warning: Label `fig:4dvarBcorR' multiply defined.


LaTeX Warning: Label `sub@fig:4dvarBcorR' multiply defined.


LaTeX Warning: Label `fig:4dvaredcBcorR' multiply defined.


LaTeX Warning: Label `sub@fig:4dvaredcBcorR' multiply defined.


LaTeX Warning: Label `fig:4dvar' multiply defined.


LaTeX Warning: Label `table:exps_tab' multiply defined.


LaTeX Warning: Label `fig:forecastscatBR' multiply defined.


LaTeX Warning: Label `sub@fig:forecastscatBR' multiply defined.


LaTeX Warning: Label `fig:forecastscatedcBR' multiply defined.


LaTeX Warning: Label `sub@fig:forecastscatedcBR' multiply defined.


LaTeX Warning: Label `fig:forecastscatBR' multiply defined.


LaTeX Warning: Label `sub@fig:forecastscatBR' multiply defined.


LaTeX Warning: Label `fig:forecastscatedcBR' multiply defined.


LaTeX Warning: Label `sub@fig:forecastscatedcBR' multiply defined.


LaTeX Warning: Label `fig:forecastscatBcorR' multiply defined.


LaTeX Warning: Label `sub@fig:forecastscatBcorR' multiply defined.


LaTeX Warning: Label `fig:forecastscatedcBcorR' multiply defined.


LaTeX Warning: Label `sub@fig:forecastscatedcBcorR' multiply defined.


LaTeX Warning: Label `fig:animals' multiply defined.


LaTeX Warning: Label `fig:testgradcostone' multiply defined.


LaTeX Warning: Label `table:exps_tab' multiply defined.

)
\openout1 = `newfigs.aux'.

LaTeX Font Info:    Checking defaults for OML/cmm/m/it on input line 21.
LaTeX Font Info:    ... okay on input line 21.
LaTeX Font Info:    Checking defaults for T1/cmr/m/n on input line 21.
LaTeX Font Info:    ... okay on input line 21.
LaTeX Font Info:    Checking defaults for OT1/cmr/m/n on input line 21.
LaTeX Font Info:    ... okay on input line 21.
LaTeX Font Info:    Checking defaults for OMS/cmsy/m/n on input line 21.
LaTeX Font Info:    ... okay on input line 21.
LaTeX Font Info:    Checking defaults for OMX/cmex/m/n on input line 21.
LaTeX Font Info:    ... okay on input line 21.
LaTeX Font Info:    Checking defaults for U/cmr/m/n on input line 21.
LaTeX Font Info:    ... okay on input line 21.
 (/usr/local/texlive/2014/texmf-dist/tex/context/base/supp-pdf.mkii
[Loading MPS to PDF converter (version 2006.09.02).]
\scratchcounter=\count114
\scratchdimen=\dimen137
\scratchbox=\box30
\nofMPsegments=\count115
\nofMParguments=\count116
\everyMPshowfont=\toks30
\MPscratchCnt=\count117
\MPscratchDim=\dimen138
\MPnumerator=\count118
\makeMPintoPDFobject=\count119
\everyMPtoPDFconversion=\toks31
)
Package caption Info: Begin \AtBeginDocument code.
Package caption Info: rotating package is loaded.
Package caption Info: wrapfig package is loaded.
Package caption Info: End \AtBeginDocument code.

*geometry* driver: auto-detecting
*geometry* detected driver: pdftex
*geometry* verbose mode - [ preamble ] result:
* driver: pdftex
* paper: <default>
* layout: <same size as paper>
* layoutoffset:(h,v)=(0.0pt,0.0pt)
* modes: 
* h-part:(L,W,R)=(50.58878pt, 513.11745pt, 50.58878pt)
* v-part:(T,H,B)=(50.58878pt, 693.79243pt, 50.58878pt)
* \paperwidth=614.295pt
* \paperheight=794.96999pt
* \textwidth=513.11745pt
* \textheight=693.79243pt
* \oddsidemargin=-21.68121pt
* \evensidemargin=-21.68121pt
* \topmargin=-58.68121pt
* \headheight=12.0pt
* \headsep=25.0pt
* \topskip=11.0pt
* \footskip=30.0pt
* \marginparwidth=59.0pt
* \marginparsep=10.0pt
* \columnsep=10.0pt
* \skip\footins=10.0pt plus 4.0pt minus 2.0pt
* \hoffset=0.0pt
* \voffset=0.0pt
* \mag=1000
* \@twocolumnfalse
* \@twosidefalse
* \@mparswitchfalse
* \@reversemarginfalse
* (1in=72.27pt=25.4mm, 1cm=28.453pt)

LaTeX Font Info:    Try loading font information for U+msa on input line 23.
(/usr/local/texlive/2014/texmf-dist/tex/latex/amsfonts/umsa.fd
File: umsa.fd 2013/01/14 v3.01 AMS symbols A
)
LaTeX Font Info:    Try loading font information for U+msb on input line 23.

(/usr/local/texlive/2014/texmf-dist/tex/latex/amsfonts/umsb.fd
File: umsb.fd 2013/01/14 v3.01 AMS symbols B
)
LaTeX Font Info:    Try loading font information for U+lasy on input line 23.

(/usr/local/texlive/2014/texmf-dist/tex/latex/base/ulasy.fd
File: ulasy.fd 1998/08/17 v2.2e LaTeX symbol font definitions
)
Package epstopdf Info: Source file: <A4dvar.eps>
(epstopdf)                    date: 2015-10-09 15:49:28
(epstopdf)                    size: 569929 bytes
(epstopdf)             Output file: <A4dvar-eps-converted-to.pdf>
(epstopdf)                    date: 2015-10-27 15:46:48
(epstopdf)                    size: 251094 bytes
(epstopdf)             Command: <repstopdf --outfile=A4dvar-eps-converted-to.pd
f A4dvar.eps>
(epstopdf)             \includegraphics on input line 29.
Package epstopdf Info: Output file is already uptodate.

<A4dvar-eps-converted-to.pdf, id=1, 815.045pt x 603.25375pt>
File: A4dvar-eps-converted-to.pdf Graphic file (type pdf)

<use A4dvar-eps-converted-to.pdf>
Package pdftex.def Info: A4dvar-eps-converted-to.pdf used on input line 29.
(pdftex.def)             Requested size: 251.43036pt x 186.09544pt.
Package epstopdf Info: Source file: <B4dvar.eps>
(epstopdf)                    date: 2015-10-09 15:49:55
(epstopdf)                    size: 570941 bytes
(epstopdf)             Output file: <B4dvar-eps-converted-to.pdf>
(epstopdf)                    date: 2015-10-27 15:46:49
(epstopdf)                    size: 251212 bytes
(epstopdf)             Command: <repstopdf --outfile=B4dvar-eps-converted-to.pd
f B4dvar.eps>
(epstopdf)             \includegraphics on input line 34.
Package epstopdf Info: Output file is already uptodate.

<B4dvar-eps-converted-to.pdf, id=2, 815.045pt x 603.25375pt>
File: B4dvar-eps-converted-to.pdf Graphic file (type pdf)

<use B4dvar-eps-converted-to.pdf>
Package pdftex.def Info: B4dvar-eps-converted-to.pdf used on input line 34.
(pdftex.def)             Requested size: 251.43036pt x 186.09544pt.
Package epstopdf Info: Source file: <C4dvar.eps>
(epstopdf)                    date: 2015-10-09 15:50:22
(epstopdf)                    size: 570120 bytes
(epstopdf)             Output file: <C4dvar-eps-converted-to.pdf>
(epstopdf)                    date: 2015-10-27 15:46:50
(epstopdf)                    size: 251234 bytes
(epstopdf)             Command: <repstopdf --outfile=C4dvar-eps-converted-to.pd
f C4dvar.eps>
(epstopdf)             \includegraphics on input line 39.
Package epstopdf Info: Output file is already uptodate.

<C4dvar-eps-converted-to.pdf, id=3, 815.045pt x 603.25375pt>
File: C4dvar-eps-converted-to.pdf Graphic file (type pdf)

<use C4dvar-eps-converted-to.pdf>
Package pdftex.def Info: C4dvar-eps-converted-to.pdf used on input line 39.
(pdftex.def)             Requested size: 251.43036pt x 186.09544pt.
Package epstopdf Info: Source file: <D4dvar.eps>
(epstopdf)                    date: 2015-10-09 15:50:47
(epstopdf)                    size: 570728 bytes
(epstopdf)             Output file: <D4dvar-eps-converted-to.pdf>
(epstopdf)                    date: 2015-10-27 15:46:52
(epstopdf)                    size: 251007 bytes
(epstopdf)             Command: <repstopdf --outfile=D4dvar-eps-converted-to.pd
f D4dvar.eps>
(epstopdf)             \includegraphics on input line 44.
Package epstopdf Info: Output file is already uptodate.

<D4dvar-eps-converted-to.pdf, id=4, 815.045pt x 603.25375pt>
File: D4dvar-eps-converted-to.pdf Graphic file (type pdf)

<use D4dvar-eps-converted-to.pdf>
Package pdftex.def Info: D4dvar-eps-converted-to.pdf used on input line 44.
(pdftex.def)             Requested size: 251.43036pt x 186.09544pt.
Package epstopdf Info: Source file: <Abroke4dvar.eps>
(epstopdf)                    date: 2015-10-27 20:09:58
(epstopdf)                    size: 266807 bytes
(epstopdf)             Output file: <Abroke4dvar-eps-converted-to.pdf>
(epstopdf)                    date: 2015-10-27 21:06:27
(epstopdf)                    size: 82891 bytes
(epstopdf)             Command: <repstopdf --outfile=Abroke4dvar-eps-converted-
to.pdf Abroke4dvar.eps>
(epstopdf)             \includegraphics on input line 54.
Package epstopdf Info: Output file is already uptodate.

<Abroke4dvar-eps-converted-to.pdf, id=5, 841.1425pt x 649.42625pt>
File: Abroke4dvar-eps-converted-to.pdf Graphic file (type pdf)

<use Abroke4dvar-eps-converted-to.pdf>
Package pdftex.def Info: Abroke4dvar-eps-converted-to.pdf used on input line 54
.
(pdftex.def)             Requested size: 251.43036pt x 194.12581pt.
Package epstopdf Info: Source file: <Bbroke4dvar.eps>
(epstopdf)                    date: 2015-10-27 20:10:53
(epstopdf)                    size: 266614 bytes
(epstopdf)             Output file: <Bbroke4dvar-eps-converted-to.pdf>
(epstopdf)                    date: 2015-10-27 21:06:28
(epstopdf)                    size: 82739 bytes
(epstopdf)             Command: <repstopdf --outfile=Bbroke4dvar-eps-converted-
to.pdf Bbroke4dvar.eps>
(epstopdf)             \includegraphics on input line 59.
Package epstopdf Info: Output file is already uptodate.

<Bbroke4dvar-eps-converted-to.pdf, id=6, 841.1425pt x 649.42625pt>
File: Bbroke4dvar-eps-converted-to.pdf Graphic file (type pdf)

<use Bbroke4dvar-eps-converted-to.pdf>
Package pdftex.def Info: Bbroke4dvar-eps-converted-to.pdf used on input line 59
.
(pdftex.def)             Requested size: 251.43036pt x 194.12581pt.
Package epstopdf Info: Source file: <Cbroke4dvar.eps>
(epstopdf)                    date: 2015-10-27 20:11:45
(epstopdf)                    size: 266821 bytes
(epstopdf)             Output file: <Cbroke4dvar-eps-converted-to.pdf>
(epstopdf)                    date: 2015-10-27 21:06:29
(epstopdf)                    size: 82939 bytes
(epstopdf)             Command: <repstopdf --outfile=Cbroke4dvar-eps-converted-
to.pdf Cbroke4dvar.eps>
(epstopdf)             \includegraphics on input line 64.
Package epstopdf Info: Output file is already uptodate.

<Cbroke4dvar-eps-converted-to.pdf, id=7, 841.1425pt x 649.42625pt>
File: Cbroke4dvar-eps-converted-to.pdf Graphic file (type pdf)

<use Cbroke4dvar-eps-converted-to.pdf>
Package pdftex.def Info: Cbroke4dvar-eps-converted-to.pdf used on input line 64
.
(pdftex.def)             Requested size: 251.43036pt x 194.12581pt.
Package epstopdf Info: Source file: <Dbroke4dvar.eps>
(epstopdf)                    date: 2015-10-27 20:12:07
(epstopdf)                    size: 266725 bytes
(epstopdf)             Output file: <Dbroke4dvar-eps-converted-to.pdf>
(epstopdf)                    date: 2015-10-27 21:06:31
(epstopdf)                    size: 82745 bytes
(epstopdf)             Command: <repstopdf --outfile=Dbroke4dvar-eps-converted-
to.pdf Dbroke4dvar.eps>
(epstopdf)             \includegraphics on input line 69.
Package epstopdf Info: Output file is already uptodate.

<Dbroke4dvar-eps-converted-to.pdf, id=8, 841.1425pt x 649.42625pt>
File: Dbroke4dvar-eps-converted-to.pdf Graphic file (type pdf)

<use Dbroke4dvar-eps-converted-to.pdf>
Package pdftex.def Info: Dbroke4dvar-eps-converted-to.pdf used on input line 69
.
(pdftex.def)             Requested size: 251.43036pt x 194.12581pt.
Package epstopdf Info: Source file: <Afscat.eps>
(epstopdf)                    date: 2015-10-09 16:06:38
(epstopdf)                    size: 42248 bytes
(epstopdf)             Output file: <Afscat-eps-converted-to.pdf>
(epstopdf)                    date: 2015-10-27 15:46:54
(epstopdf)                    size: 152845 bytes
(epstopdf)             Command: <repstopdf --outfile=Afscat-eps-converted-to.pd
f Afscat.eps>
(epstopdf)             \includegraphics on input line 79.
Package epstopdf Info: Output file is already uptodate.

<Afscat-eps-converted-to.pdf, id=9, 827.09pt x 603.25375pt>
File: Afscat-eps-converted-to.pdf Graphic file (type pdf)

<use Afscat-eps-converted-to.pdf>
Package pdftex.def Info: Afscat-eps-converted-to.pdf used on input line 79.
(pdftex.def)             Requested size: 251.43036pt x 183.37999pt.
Package epstopdf Info: Source file: <Bfscat.eps>
(epstopdf)                    date: 2015-10-09 16:06:54
(epstopdf)                    size: 42179 bytes
(epstopdf)             Output file: <Bfscat-eps-converted-to.pdf>
(epstopdf)                    date: 2015-10-27 15:46:55
(epstopdf)                    size: 152549 bytes
(epstopdf)             Command: <repstopdf --outfile=Bfscat-eps-converted-to.pd
f Bfscat.eps>
(epstopdf)             \includegraphics on input line 84.
Package epstopdf Info: Output file is already uptodate.

<Bfscat-eps-converted-to.pdf, id=10, 827.09pt x 603.25375pt>
File: Bfscat-eps-converted-to.pdf Graphic file (type pdf)

<use Bfscat-eps-converted-to.pdf>
Package pdftex.def Info: Bfscat-eps-converted-to.pdf used on input line 84.
(pdftex.def)             Requested size: 251.43036pt x 183.37999pt.
Package epstopdf Info: Source file: <Cfscat.eps>
(epstopdf)                    date: 2015-10-09 16:07:17
(epstopdf)                    size: 42220 bytes
(epstopdf)             Output file: <Cfscat-eps-converted-to.pdf>
(epstopdf)                    date: 2015-10-27 15:46:57
(epstopdf)                    size: 152876 bytes
(epstopdf)             Command: <repstopdf --outfile=Cfscat-eps-converted-to.pd
f Cfscat.eps>
(epstopdf)             \includegraphics on input line 89.
Package epstopdf Info: Output file is already uptodate.

<Cfscat-eps-converted-to.pdf, id=11, 827.09pt x 603.25375pt>
File: Cfscat-eps-converted-to.pdf Graphic file (type pdf)

<use Cfscat-eps-converted-to.pdf>
Package pdftex.def Info: Cfscat-eps-converted-to.pdf used on input line 89.
(pdftex.def)             Requested size: 251.43036pt x 183.37999pt.
Package epstopdf Info: Source file: <Dfscat.eps>
(epstopdf)                    date: 2015-10-09 16:07:32
(epstopdf)                    size: 42183 bytes
(epstopdf)             Output file: <Dfscat-eps-converted-to.pdf>
(epstopdf)                    date: 2015-10-27 15:46:58
(epstopdf)                    size: 152615 bytes
(epstopdf)             Command: <repstopdf --outfile=Dfscat-eps-converted-to.pd
f Dfscat.eps>
(epstopdf)             \includegraphics on input line 94.
Package epstopdf Info: Output file is already uptodate.

<Dfscat-eps-converted-to.pdf, id=12, 827.09pt x 603.25375pt>
File: Dfscat-eps-converted-to.pdf Graphic file (type pdf)

<use Dfscat-eps-converted-to.pdf>
Package pdftex.def Info: Dfscat-eps-converted-to.pdf used on input line 94.
(pdftex.def)             Requested size: 251.43036pt x 183.37999pt.
Package epstopdf Info: Source file: <inc.eps>
(epstopdf)                    date: 2015-10-28 11:40:55
(epstopdf)                    size: 51828 bytes
(epstopdf)             Output file: <inc-eps-converted-to.pdf>
(epstopdf)                    date: 2015-10-28 11:49:05
(epstopdf)                    size: 21195 bytes
(epstopdf)             Command: <repstopdf --outfile=inc-eps-converted-to.pdf i
nc.eps>
(epstopdf)             \includegraphics on input line 138.
Package epstopdf Info: Output file is already uptodate.

<inc-eps-converted-to.pdf, id=13, 821.0675pt x 661.47125pt>
File: inc-eps-converted-to.pdf Graphic file (type pdf)

<use inc-eps-converted-to.pdf>
Package pdftex.def Info: inc-eps-converted-to.pdf used on input line 138.
(pdftex.def)             Requested size: 410.49551pt x 330.70453pt.
 [1

{/usr/local/texlive/2014/texmf-var/fonts/map/pdftex/updmap/pdftex.map}] [2 <./A
4dvar-eps-converted-to.pdf> <./B4dvar-eps-converted-to.pdf> <./C4dvar-eps-conve
rted-to.pdf> <./D4dvar-eps-converted-to.pdf>]
[3 <./Abroke4dvar-eps-converted-to.pdf> <./Bbroke4dvar-eps-converted-to.pdf> <.
/Cbroke4dvar-eps-converted-to.pdf> <./Dbroke4dvar-eps-converted-to.pdf>]
[4 <./Afscat-eps-converted-to.pdf> <./Bfscat-eps-converted-to.pdf> <./Cfscat-ep
s-converted-to.pdf> <./Dfscat-eps-converted-to.pdf>] [5 <./inc-eps-converted-to
.pdf>] [6] (./newfigs.aux)

LaTeX Warning: There were multiply-defined labels.

 ) 
Here is how much of TeX's memory you used:
 5496 strings out of 493117
 79869 string characters out of 6135433
 162829 words of memory out of 5000000
 8812 multiletter control sequences out of 15000+600000
 14851 words of font info for 57 fonts, out of 8000000 for 9000
 1141 hyphenation exceptions out of 8191
 42i,15n,43p,373b,461s stack positions out of 5000i,500n,10000p,200000b,80000s
</usr/local/texlive/2014/texmf-dist/fonts/type1/public/amsfonts/cm/cmbx12.pfb
></usr/local/texlive/2014/texmf-dist/fonts/type1/public/amsfonts/cm/cmmi10.pfb>
</usr/local/texlive/2014/texmf-dist/fonts/type1/public/amsfonts/cm/cmmi8.pfb></
usr/local/texlive/2014/texmf-dist/fonts/type1/public/amsfonts/cm/cmr10.pfb></us
r/local/texlive/2014/texmf-dist/fonts/type1/public/amsfonts/cm/cmr12.pfb></usr/
local/texlive/2014/texmf-dist/fonts/type1/public/amsfonts/cm/cmr17.pfb></usr/lo
cal/texlive/2014/texmf-dist/fonts/type1/public/amsfonts/cm/cmr8.pfb></usr/local
/texlive/2014/texmf-dist/fonts/type1/public/amsfonts/cm/cmsy10.pfb></usr/local/
texlive/2014/texmf-dist/fonts/type1/public/amsfonts/cm/cmsy8.pfb>
Output written on newfigs.pdf (6 pages, 2027183 bytes).
PDF statistics:
 401 PDF objects out of 1000 (max. 8388607)
 93 compressed objects within 1 object stream
 0 named destinations out of 1000 (max. 500000)
 66 words of extra memory for PDF output out of 10000 (max. 10000000)

