\BOOKMARK [1][-]{section.1}{Introduction}{}% 1
\BOOKMARK [1][-]{section.2}{Model and Data Assimilation Methods}{}% 2
\BOOKMARK [2][-]{subsection.2.1}{Alice Holt research forest}{section.2}% 3
\BOOKMARK [2][-]{subsection.2.2}{The DALEC2 model}{section.2}% 4
\BOOKMARK [2][-]{subsection.2.3}{4D-Var}{section.2}% 5
\BOOKMARK [2][-]{subsection.2.4}{Implementation and testing of 4D-Var system}{section.2}% 6
\BOOKMARK [3][-]{subsubsection.2.4.1}{Test of tangent linear model}{subsection.2.4}% 7
\BOOKMARK [3][-]{subsubsection.2.4.2}{Test of adjoint model}{subsection.2.4}% 8
\BOOKMARK [3][-]{subsubsection.2.4.3}{Gradient test}{subsection.2.4}% 9
\BOOKMARK [2][-]{subsection.2.5}{Including correlations in the background error covariance matrix}{section.2}% 10
\BOOKMARK [2][-]{subsection.2.6}{Specifying serial correlations in the observation error covariance matrix}{section.2}% 11
\BOOKMARK [1][-]{section.3}{Results}{}% 12
\BOOKMARK [2][-]{subsection.3.1}{Experiments}{section.3}% 13
\BOOKMARK [2][-]{subsection.3.2}{Experiment A}{section.3}% 14
\BOOKMARK [2][-]{subsection.3.3}{Experiment B}{section.3}% 15
\BOOKMARK [2][-]{subsection.3.4}{Experiment C}{section.3}% 16
\BOOKMARK [2][-]{subsection.3.5}{Experiment D}{section.3}% 17
\BOOKMARK [2][-]{subsection.3.6}{Summary}{section.3}% 18
\BOOKMARK [1][-]{section.4}{Discussion}{}% 19
\BOOKMARK [1][-]{section.5}{Conclusion}{}% 20
\BOOKMARK [1][-]{section.6}{Acknowledgements}{}% 21
