This is pdfTeX, Version 3.14159265-2.6-1.40.15 (TeX Live 2014) (preloaded format=pdflatex 2015.3.29)  25 JUL 2016 15:51
entering extended mode
 restricted \write18 enabled.
 file:line:error style messages enabled.
 %&-line parsing enabled.
**chapter2.tex
(./chapter2.tex
LaTeX2e <2014/05/01>
Babel <3.9k> and hyphenation patterns for 78 languages loaded.
(/usr/local/texlive/2014/texmf-dist/tex/latex/base/article.cls
Document Class: article 2007/10/19 v1.4h Standard LaTeX document class
(/usr/local/texlive/2014/texmf-dist/tex/latex/base/size11.clo
File: size11.clo 2007/10/19 v1.4h Standard LaTeX file (size option)
)
\c@part=\count79
\c@section=\count80
\c@subsection=\count81
\c@subsubsection=\count82
\c@paragraph=\count83
\c@subparagraph=\count84
\c@figure=\count85
\c@table=\count86
\abovecaptionskip=\skip41
\belowcaptionskip=\skip42
\bibindent=\dimen102
)
(/usr/local/texlive/2014/texmf-dist/tex/latex/natbib/natbib.sty
Package: natbib 2010/09/13 8.31b (PWD, AO)
\bibhang=\skip43
\bibsep=\skip44
LaTeX Info: Redefining \cite on input line 694.
\c@NAT@ctr=\count87
)
(/usr/local/texlive/2014/texmf-dist/tex/latex/tools/bm.sty
Package: bm 2004/02/26 v1.1c Bold Symbol Support (DPC/FMi)
\symboldoperators=\mathgroup4
\symboldletters=\mathgroup5
\symboldsymbols=\mathgroup6
LaTeX Font Info:    Redeclaring math alphabet \mathbf on input line 137.
LaTeX Info: Redefining \bm on input line 203.
)
(/usr/local/texlive/2014/texmf-dist/tex/latex/amsmath/amsmath.sty
Package: amsmath 2013/01/14 v2.14 AMS math features
\@mathmargin=\skip45

For additional information on amsmath, use the `?' option.
(/usr/local/texlive/2014/texmf-dist/tex/latex/amsmath/amstext.sty
Package: amstext 2000/06/29 v2.01

(/usr/local/texlive/2014/texmf-dist/tex/latex/amsmath/amsgen.sty
File: amsgen.sty 1999/11/30 v2.0
\@emptytoks=\toks14
\ex@=\dimen103
))
(/usr/local/texlive/2014/texmf-dist/tex/latex/amsmath/amsbsy.sty
Package: amsbsy 1999/11/29 v1.2d
LaTeX Info: Redefining \boldsymbol on input line 39.
\pmbraise@=\dimen104
)
(/usr/local/texlive/2014/texmf-dist/tex/latex/amsmath/amsopn.sty
Package: amsopn 1999/12/14 v2.01 operator names
)
\inf@bad=\count88
LaTeX Info: Redefining \frac on input line 210.
\uproot@=\count89
\leftroot@=\count90
LaTeX Info: Redefining \overline on input line 306.
\classnum@=\count91
\DOTSCASE@=\count92
LaTeX Info: Redefining \ldots on input line 378.
LaTeX Info: Redefining \dots on input line 381.
LaTeX Info: Redefining \cdots on input line 466.
\Mathstrutbox@=\box26
\strutbox@=\box27
\big@size=\dimen105
LaTeX Font Info:    Redeclaring font encoding OML on input line 566.
LaTeX Font Info:    Redeclaring font encoding OMS on input line 567.
\macc@depth=\count93
\c@MaxMatrixCols=\count94
\dotsspace@=\muskip10
\c@parentequation=\count95
\dspbrk@lvl=\count96
\tag@help=\toks15
\row@=\count97
\column@=\count98
\maxfields@=\count99
\andhelp@=\toks16
\eqnshift@=\dimen106
\alignsep@=\dimen107
\tagshift@=\dimen108
\tagwidth@=\dimen109
\totwidth@=\dimen110
\lineht@=\dimen111
\@envbody=\toks17
\multlinegap=\skip46
\multlinetaggap=\skip47
\mathdisplay@stack=\toks18
LaTeX Info: Redefining \[ on input line 2665.
LaTeX Info: Redefining \] on input line 2666.
)
(/usr/local/texlive/2014/texmf-dist/tex/latex/bbm-macros/bbm.sty
Package: bbm 1999/03/15 V 1.2 provides fonts for set symbols - TH
LaTeX Font Info:    Overwriting math alphabet `\mathbbm' in version `bold'
(Font)                  U/bbm/m/n --> U/bbm/bx/n on input line 33.
LaTeX Font Info:    Overwriting math alphabet `\mathbbmss' in version `bold'
(Font)                  U/bbmss/m/n --> U/bbmss/bx/n on input line 35.
)
(/usr/local/texlive/2014/texmf-dist/tex/latex/amsfonts/amsfonts.sty
Package: amsfonts 2013/01/14 v3.01 Basic AMSFonts support
\symAMSa=\mathgroup7
\symAMSb=\mathgroup8
LaTeX Font Info:    Overwriting math alphabet `\mathfrak' in version `bold'
(Font)                  U/euf/m/n --> U/euf/b/n on input line 106.
)
(/usr/local/texlive/2014/texmf-dist/tex/latex/units/nicefrac.sty
Package: nicefrac 1998/08/04 v0.9b Nice fractions
\L@UnitsRaiseDisplaystyle=\skip48
\L@UnitsRaiseTextstyle=\skip49
\L@UnitsRaiseScriptstyle=\skip50

(/usr/local/texlive/2014/texmf-dist/tex/latex/base/ifthen.sty
Package: ifthen 2001/05/26 v1.1c Standard LaTeX ifthen package (DPC)
))
(/usr/local/texlive/2014/texmf-dist/tex/latex/base/latexsym.sty
Package: latexsym 1998/08/17 v2.2e Standard LaTeX package (lasy symbols)
\symlasy=\mathgroup9
LaTeX Font Info:    Overwriting symbol font `lasy' in version `bold'
(Font)                  U/lasy/m/n --> U/lasy/b/n on input line 47.
)
(/usr/local/texlive/2014/texmf-dist/tex/latex/amsmath/amscd.sty
Package: amscd 1999/11/29 v2.0
\athelp@=\toks19
\minaw@=\dimen112
\bigaw@=\dimen113
\minCDarrowwidth=\dimen114
)
(/usr/local/texlive/2014/texmf-dist/tex/latex/amsmath/amsxtra.sty
Package: amsxtra 1999/11/15 v1.2c
LaTeX Info: Redefining \nobreakspace on input line 65.
)
(/usr/local/texlive/2014/texmf-dist/tex/latex/amscls/amsthm.sty
Package: amsthm 2004/08/06 v2.20
\thm@style=\toks20
\thm@bodyfont=\toks21
\thm@headfont=\toks22
\thm@notefont=\toks23
\thm@headpunct=\toks24
\thm@preskip=\skip51
\thm@postskip=\skip52
\thm@headsep=\skip53
\dth@everypar=\toks25
)
(/usr/local/texlive/2014/texmf-dist/tex/latex/amsfonts/amssymb.sty
Package: amssymb 2013/01/14 v3.01 AMS font symbols
)
(/usr/local/texlive/2014/texmf-dist/tex/latex/graphics/graphicx.sty
Package: graphicx 2014/04/25 v1.0g Enhanced LaTeX Graphics (DPC,SPQR)

(/usr/local/texlive/2014/texmf-dist/tex/latex/graphics/keyval.sty
Package: keyval 2014/05/08 v1.15 key=value parser (DPC)
\KV@toks@=\toks26
)
(/usr/local/texlive/2014/texmf-dist/tex/latex/graphics/graphics.sty
Package: graphics 2009/02/05 v1.0o Standard LaTeX Graphics (DPC,SPQR)

(/usr/local/texlive/2014/texmf-dist/tex/latex/graphics/trig.sty
Package: trig 1999/03/16 v1.09 sin cos tan (DPC)
)
(/usr/local/texlive/2014/texmf-dist/tex/latex/latexconfig/graphics.cfg
File: graphics.cfg 2010/04/23 v1.9 graphics configuration of TeX Live
)
Package graphics Info: Driver file: pdftex.def on input line 91.

(/usr/local/texlive/2014/texmf-dist/tex/latex/pdftex-def/pdftex.def
File: pdftex.def 2011/05/27 v0.06d Graphics/color for pdfTeX

(/usr/local/texlive/2014/texmf-dist/tex/generic/oberdiek/infwarerr.sty
Package: infwarerr 2010/04/08 v1.3 Providing info/warning/error messages (HO)
)
(/usr/local/texlive/2014/texmf-dist/tex/generic/oberdiek/ltxcmds.sty
Package: ltxcmds 2011/11/09 v1.22 LaTeX kernel commands for general use (HO)
)
\Gread@gobject=\count100
))
\Gin@req@height=\dimen115
\Gin@req@width=\dimen116
)
(/usr/local/texlive/2014/texmf-dist/tex/latex/mh/breqn.sty
(/usr/local/texlive/2014/texmf-dist/tex/latex/l3kernel/expl3.sty
Package: expl3 2014/05/20 v4814 L3 programming layer (loader) 

(/usr/local/texlive/2014/texmf-dist/tex/generic/oberdiek/ifpdf.sty
Package: ifpdf 2011/01/30 v2.3 Provides the ifpdf switch (HO)
Package ifpdf Info: pdfTeX in PDF mode is detected.
)
(/usr/local/texlive/2014/texmf-dist/tex/latex/l3kernel/expl3-code.tex
Package: expl3 2014/05/20 v4814 L3 programming layer (code) 
L3 Module: l3bootstrap 2014/05/16 v4782 L3 Bootstrap code

(/usr/local/texlive/2014/texmf-dist/tex/latex/etex-pkg/etex.sty
Package: etex 1998/03/26 v2.0 eTeX basic definition package (PEB)
\et@xins=\count101
)
L3 Module: l3names 2014/05/04 v4728 L3 Namespace for primitives
L3 Module: l3basics 2014/05/04 v4728 L3 Basic definitions
L3 Module: l3expan 2014/04/30 v4712 L3 Argument expansion
L3 Module: l3tl 2014/05/04 v4728 L3 Token lists
L3 Module: l3seq 2014/04/30 v4712 L3 Sequences and stacks
L3 Module: l3int 2014/05/16 v4776 L3 Integers
\c_max_int=\count102
\l_tmpa_int=\count103
\l_tmpb_int=\count104
\g_tmpa_int=\count105
\g_tmpb_int=\count106
L3 Module: l3quark 2014/05/04 v4728 L3 Quarks
L3 Module: l3prg 2014/05/04 v4728 L3 Control structures
\g__prg_map_int=\count107
L3 Module: l3clist 2014/05/04 v4728 L3 Comma separated lists
L3 Module: l3token 2014/05/04 v4728 L3 Experimental token manipulation
L3 Module: l3prop 2014/04/30 v4712 L3 Property lists
L3 Module: l3msg 2014/05/04 v4728 L3 Messages
L3 Module: l3file 2014/05/05 v4737 L3 File and I/O operations
\l_iow_line_count_int=\count108
\l__iow_target_count_int=\count109
\l__iow_current_line_int=\count110
\l__iow_current_word_int=\count111
\l__iow_current_indentation_int=\count112
L3 Module: l3skip 2014/05/05 v4738 L3 Dimensions and skips
\c_zero_dim=\dimen117
\c_max_dim=\dimen118
\l_tmpa_dim=\dimen119
\l_tmpb_dim=\dimen120
\g_tmpa_dim=\dimen121
\g_tmpb_dim=\dimen122
\c_zero_skip=\skip54
\c_max_skip=\skip55
\l_tmpa_skip=\skip56
\l_tmpb_skip=\skip57
\g_tmpa_skip=\skip58
\g_tmpb_skip=\skip59
\c_zero_muskip=\muskip11
\c_max_muskip=\muskip12
\l_tmpa_muskip=\muskip13
\l_tmpb_muskip=\muskip14
\g_tmpa_muskip=\muskip15
\g_tmpb_muskip=\muskip16
L3 Module: l3keys 2014/05/08 v4753 L3 Key-value interfaces
\g__keyval_level_int=\count113
\l_keys_choice_int=\count114
L3 Module: l3fp 2014/04/30 v4712 L3 Floating points
\c__fp_leading_shift_int=\count115
\c__fp_middle_shift_int=\count116
\c__fp_trailing_shift_int=\count117
\c__fp_big_leading_shift_int=\count118
\c__fp_big_middle_shift_int=\count119
\c__fp_big_trailing_shift_int=\count120
\c__fp_Bigg_leading_shift_int=\count121
\c__fp_Bigg_middle_shift_int=\count122
\c__fp_Bigg_trailing_shift_int=\count123
L3 Module: l3box 2014/05/04 v4728 L3 Experimental boxes
\c_empty_box=\box28
\l_tmpa_box=\box29
\l_tmpb_box=\box30
\g_tmpa_box=\box31
\g_tmpb_box=\box32
L3 Module: l3coffins 2014/05/04 v4728 L3 Coffin code layer
\l__coffin_internal_box=\box33
\l__coffin_internal_dim=\dimen123
\l__coffin_offset_x_dim=\dimen124
\l__coffin_offset_y_dim=\dimen125
\l__coffin_x_dim=\dimen126
\l__coffin_y_dim=\dimen127
\l__coffin_x_prime_dim=\dimen128
\l__coffin_y_prime_dim=\dimen129
\c_empty_coffin=\box34
\l__coffin_aligned_coffin=\box35
\l__coffin_aligned_internal_coffin=\box36
\l_tmpa_coffin=\box37
\l_tmpb_coffin=\box38
\l__coffin_display_coffin=\box39
\l__coffin_display_coord_coffin=\box40
\l__coffin_display_pole_coffin=\box41
\l__coffin_display_offset_dim=\dimen130
\l__coffin_display_x_dim=\dimen131
\l__coffin_display_y_dim=\dimen132
L3 Module: l3color 2014/04/30 v4712 L3 Experimental color support
L3 Module: l3luatex 2014/04/30 v4712 L3 Experimental LuaTeX-specific functions
\g__cctab_allocate_int=\count124
\g__cctab_stack_int=\count125
L3 Module: l3candidates 2014/05/04 v4734 L3 Experimental additions to l3kernel
\l__box_top_dim=\dimen133
\l__box_bottom_dim=\dimen134
\l__box_left_dim=\dimen135
\l__box_right_dim=\dimen136
\l__box_top_new_dim=\dimen137
\l__box_bottom_new_dim=\dimen138
\l__box_left_new_dim=\dimen139
\l__box_right_new_dim=\dimen140
\l__box_internal_box=\box42
\l__coffin_bounding_shift_dim=\dimen141
\l__coffin_left_corner_dim=\dimen142
\l__coffin_right_corner_dim=\dimen143
\l__coffin_bottom_corner_dim=\dimen144
\l__coffin_top_corner_dim=\dimen145
\l__coffin_scaled_total_height_dim=\dimen146
\l__coffin_scaled_width_dim=\dimen147
))
Package: breqn 2012/05/10 v0.98b Breaking equations

(/usr/local/texlive/2014/texmf-dist/tex/latex/mh/flexisym.sty
Package: flexisym 2013/03/16 v0.97c Make math characters macros
LaTeX Info: Redefining \textprime on input line 296.
LaTeX Info: Redefining \not on input line 354.

(/usr/local/texlive/2014/texmf-dist/tex/latex/mh/cmbase.sym
File: cmbase.sym 2007/12/19 v0.92
LaTeX Info: Redefining \hbar on input line 323.
LaTeX Info: Redefining \surd on input line 325.
LaTeX Info: Redefining \angle on input line 333.
LaTeX Info: Redefining \neq on input line 334.
LaTeX Info: Redefining \mapsto on input line 335.
LaTeX Info: Redefining \cong on input line 336.
LaTeX Info: Redefining \notin on input line 339.
LaTeX Info: Redefining \rightleftharpoons on input line 340.
LaTeX Info: Redefining \doteq on input line 341.
LaTeX Info: Redefining \hookrightarrow on input line 342.
LaTeX Info: Redefining \hookleftarrow on input line 343.
LaTeX Info: Redefining \bowtie on input line 344.
LaTeX Info: Redefining \models on input line 345.
LaTeX Info: Redefining \Longrightarrow on input line 346.
LaTeX Info: Redefining \longrightarrow on input line 347.
LaTeX Info: Redefining \Longleftarrow on input line 348.
LaTeX Info: Redefining \longleftarrow on input line 349.
LaTeX Info: Redefining \longmapsto on input line 350.
LaTeX Info: Redefining \longleftrightarrow on input line 351.
LaTeX Info: Redefining \Longleftrightarrow on input line 352.
LaTeX Info: Redefining \cdots on input line 356.
LaTeX Info: Redefining \vdots on input line 359.
LaTeX Info: Redefining \ddots on input line 364.
)
(/usr/local/texlive/2014/texmf-dist/tex/latex/mh/mathstyle.sty
Package: mathstyle 2011/08/03 v0.90 Tracking mathstyle implicitly
LaTeX Info: Redefining \displaystyle on input line 81.
LaTeX Info: Redefining \textstyle on input line 83.
LaTeX Info: Redefining \scriptstyle on input line 85.
LaTeX Info: Redefining \scriptscriptstyle on input line 87.
LaTeX Info: Redefining \genfrac on input line 121.
))
(/usr/local/texlive/2014/texmf-dist/tex/latex/tools/calc.sty
Package: calc 2007/08/22 v4.3 Infix arithmetic (KKT,FJ)
\calc@Acount=\count126
\calc@Bcount=\count127
\calc@Adimen=\dimen148
\calc@Bdimen=\dimen149
\calc@Askip=\skip60
\calc@Bskip=\skip61
LaTeX Info: Redefining \setlength on input line 75.
LaTeX Info: Redefining \addtolength on input line 76.
\calc@Ccount=\count128
\calc@Cskip=\skip62
)
\inf@bad=\count129
\maxint=\count130
\listwidth=\dimen150
\eqnumsep=\dimen151
\eqmargin=\dimen152
\eqlinespacing=\skip63
\eqlineskip=\skip64
\eqlineskiplimit=\dimen153
\eqbinoffset=\muskip17
\eqdelimoffset=\muskip18
\eqindentstep=\dimen154
\eqstyle=\toks27
\eqbreakdepth=\count131
\eqinterlinepenalty=\count132
\intereqpenalty=\count133
\intereqskip=\skip65
\prerelpenalty=\count134
\prebinoppenalty=\count135
\Dmedmuskip=\muskip19
\Dthickmuskip=\muskip20
\eqleftskip=\skip66
\eqrightskip=\skip67
\eq@vspan=\skip68
\eq@binoffset=\muskip21
\EQ@box=\box43
\EQ@copy=\box44
\EQ@numbox=\box45
\eq@wdNum=\dimen155
\GRP@numbox=\box46
\grp@wdNum=\dimen156
\eq@lines=\count136
\eq@curline=\count137
\eq@badness=\count138
\EQ@vims=\count139
\eq@dp=\dimen157
\eq@wdL=\dimen158
\eq@wdT=\dimen159
\eq@wdMin=\dimen160
\grp@wdL=\dimen161
\grp@wdR=\dimen162
\grp@wdT=\dimen163
\eq@wdRmax=\dimen164
\eq@firstht=\dimen165
\eq@wdCond=\dimen166
\eq@indentstep=\dimen167
\eq@linewidth=\dimen168
\grp@linewidth=\dimen169
\eq@hshift=\dimen170
\eq@given@sidespace=\dimen171
\mathindent=\dimen172
\eq@final@linecount=\count140
\eq@wdR=\dimen173
\EQ@continue=\toks28
\lr@level=\count141
\GRP@queue=\toks29
\GRP@box=\box47
\GRP@wholebox=\box48
\darraycolsep=\skip69
\cur@row=\count142
\cur@col=\count143
\conditionsep=\skip70
)
(/usr/local/texlive/2014/texmf-dist/tex/latex/setspace/setspace.sty
Package: setspace 2011/12/19 v6.7a set line spacing
)
(/usr/local/texlive/2014/texmf-dist/tex/latex/printlen/printlen.sty
Package: printlen 2009/09/03 v1.1a print lengths with units
)
(/usr/local/texlive/2014/texmf-dist/tex/latex/caption/caption.sty
Package: caption 2013/05/02 v3.3-89 Customizing captions (AR)

(/usr/local/texlive/2014/texmf-dist/tex/latex/caption/caption3.sty
Package: caption3 2013/05/02 v1.6-88 caption3 kernel (AR)
Package caption3 Info: TeX engine: e-TeX on input line 57.
\captionmargin=\dimen174
\captionmargin@=\dimen175
\captionwidth=\dimen176
\caption@tempdima=\dimen177
\caption@indent=\dimen178
\caption@parindent=\dimen179
\caption@hangindent=\dimen180
)
\c@ContinuedFloat=\count144
)
(/usr/local/texlive/2014/texmf-dist/tex/latex/caption/subcaption.sty
Package: subcaption 2013/02/03 v1.1-62 Sub-captions (AR)
\c@subfigure=\count145
\c@subtable=\count146
)
(/usr/local/texlive/2014/texmf-dist/tex/latex/pbox/pbox.sty
Package: pbox 2011/12/07 v1.2 Dynamic parboxes
\pb@xlen=\skip71
)
(/usr/local/texlive/2014/texmf-dist/tex/latex/base/fixltx2e.sty
Package: fixltx2e 2014/05/13 v1.1q fixes to LaTeX
LaTeX Info: Redefining \em on input line 429.
LaTeX Info: The control sequence `\[' is already robust on input line 480.
LaTeX Info: The control sequence `\]' is already robust on input line 481.
)
(/usr/local/texlive/2014/texmf-dist/tex/latex/fancyhdr/fancyhdr.sty
\fancy@headwidth=\skip72
\f@ncyO@elh=\skip73
\f@ncyO@erh=\skip74
\f@ncyO@olh=\skip75
\f@ncyO@orh=\skip76
\f@ncyO@elf=\skip77
\f@ncyO@erf=\skip78
\f@ncyO@olf=\skip79
\f@ncyO@orf=\skip80
)
(/usr/local/texlive/2014/texmf-dist/tex/latex/graphics/color.sty
Package: color 2014/04/23 v1.1a Standard LaTeX Color (DPC)

(/usr/local/texlive/2014/texmf-dist/tex/latex/latexconfig/color.cfg
File: color.cfg 2007/01/18 v1.5 color configuration of teTeX/TeXLive
)
Package color Info: Driver file: pdftex.def on input line 137.
)
(/usr/local/texlive/2014/texmf-dist/tex/latex/psnfss/mathptmx.sty
Package: mathptmx 2005/04/12 PSNFSS-v9.2a Times w/ Math, improved (SPQR, WaS) 
LaTeX Font Info:    Redeclaring symbol font `operators' on input line 28.
LaTeX Font Info:    Overwriting symbol font `operators' in version `normal'
(Font)                  OT1/cmr/m/n --> OT1/ztmcm/m/n on input line 28.
LaTeX Font Info:    Overwriting symbol font `operators' in version `bold'
(Font)                  OT1/cmr/bx/n --> OT1/ztmcm/m/n on input line 28.
LaTeX Font Info:    Redeclaring symbol font `letters' on input line 29.
LaTeX Font Info:    Overwriting symbol font `letters' in version `normal'
(Font)                  OML/cmm/m/it --> OML/ztmcm/m/it on input line 29.
LaTeX Font Info:    Overwriting symbol font `letters' in version `bold'
(Font)                  OML/cmm/b/it --> OML/ztmcm/m/it on input line 29.
LaTeX Font Info:    Redeclaring symbol font `symbols' on input line 30.
LaTeX Font Info:    Overwriting symbol font `symbols' in version `normal'
(Font)                  OMS/cmsy/m/n --> OMS/ztmcm/m/n on input line 30.
LaTeX Font Info:    Overwriting symbol font `symbols' in version `bold'
(Font)                  OMS/cmsy/b/n --> OMS/ztmcm/m/n on input line 30.
LaTeX Font Info:    Redeclaring symbol font `largesymbols' on input line 31.
LaTeX Font Info:    Overwriting symbol font `largesymbols' in version `normal'
(Font)                  OMX/cmex/m/n --> OMX/ztmcm/m/n on input line 31.
LaTeX Font Info:    Overwriting symbol font `largesymbols' in version `bold'
(Font)                  OMX/cmex/m/n --> OMX/ztmcm/m/n on input line 31.
\symbold=\mathgroup10
\symitalic=\mathgroup11
LaTeX Font Info:    Redeclaring math alphabet \mathbf on input line 34.
LaTeX Font Info:    Redeclaring math alphabet \mathit on input line 35.
LaTeX Font Info:    Overwriting math alphabet `\mathit' in version `normal'
(Font)                  OT1/cmr/m/it --> OT1/ptm/m/it on input line 35.
LaTeX Font Info:    Overwriting math alphabet `\mathit' in version `bold'
(Font)                  OT1/cmr/bx/it --> OT1/ptm/m/it on input line 35.
LaTeX Info: Redefining \hbar on input line 50.
)
(/usr/local/texlive/2014/texmf-dist/tex/latex/placeins/placeins.sty
Package: placeins 2005/04/18  v 2.2
)
(/usr/local/texlive/2014/texmf-dist/tex/latex/geometry/geometry.sty
Package: geometry 2010/09/12 v5.6 Page Geometry

(/usr/local/texlive/2014/texmf-dist/tex/generic/oberdiek/ifvtex.sty
Package: ifvtex 2010/03/01 v1.5 Detect VTeX and its facilities (HO)
Package ifvtex Info: VTeX not detected.
)
(/usr/local/texlive/2014/texmf-dist/tex/generic/ifxetex/ifxetex.sty
Package: ifxetex 2010/09/12 v0.6 Provides ifxetex conditional
)
\Gm@cnth=\count147
\Gm@cntv=\count148
\c@Gm@tempcnt=\count149
\Gm@bindingoffset=\dimen181
\Gm@wd@mp=\dimen182
\Gm@odd@mp=\dimen183
\Gm@even@mp=\dimen184
\Gm@layoutwidth=\dimen185
\Gm@layoutheight=\dimen186
\Gm@layouthoffset=\dimen187
\Gm@layoutvoffset=\dimen188
\Gm@dimlist=\toks30
)
\c@theorem=\count150

(./chapter2.aux

LaTeX Warning: Label `fig:sic_nee_oregon2007' multiply defined.


LaTeX Warning: Label `sub@fig:sic_nee_oregon2007' multiply defined.


LaTeX Warning: Label `fig:temp_nee_oregon2007' multiply defined.


LaTeX Warning: Label `sub@fig:temp_nee_oregon2007' multiply defined.


LaTeX Warning: Label `fig:neeSIC_temp_comp' multiply defined.

)
\openout1 = `chapter2.aux'.

LaTeX Font Info:    Checking defaults for OML/cmm/m/it on input line 17.
LaTeX Font Info:    ... okay on input line 17.
LaTeX Font Info:    Checking defaults for T1/cmr/m/n on input line 17.
LaTeX Font Info:    ... okay on input line 17.
LaTeX Font Info:    Checking defaults for OT1/cmr/m/n on input line 17.
LaTeX Font Info:    ... okay on input line 17.
LaTeX Font Info:    Checking defaults for OMS/cmsy/m/n on input line 17.
LaTeX Font Info:    ... okay on input line 17.
LaTeX Font Info:    Checking defaults for OMX/cmex/m/n on input line 17.
LaTeX Font Info:    ... okay on input line 17.
LaTeX Font Info:    Checking defaults for U/cmr/m/n on input line 17.
LaTeX Font Info:    ... okay on input line 17.
LaTeX Font Info:    Try loading font information for OT1+ptm on input line 17.
 (/usr/local/texlive/2014/texmf-dist/tex/latex/psnfss/ot1ptm.fd
File: ot1ptm.fd 2001/06/04 font definitions for OT1/ptm.
)
(/usr/local/texlive/2014/texmf-dist/tex/context/base/supp-pdf.mkii
[Loading MPS to PDF converter (version 2006.09.02).]
\scratchcounter=\count151
\scratchdimen=\dimen189
\scratchbox=\box49
\nofMPsegments=\count152
\nofMParguments=\count153
\everyMPshowfont=\toks31
\MPscratchCnt=\count154
\MPscratchDim=\dimen190
\MPnumerator=\count155
\makeMPintoPDFobject=\count156
\everyMPtoPDFconversion=\toks32
) (/usr/local/texlive/2014/texmf-dist/tex/generic/oberdiek/pdftexcmds.sty
Package: pdftexcmds 2011/11/29 v0.20 Utility functions of pdfTeX for LuaTeX (HO
)

(/usr/local/texlive/2014/texmf-dist/tex/generic/oberdiek/ifluatex.sty
Package: ifluatex 2010/03/01 v1.3 Provides the ifluatex switch (HO)
Package ifluatex Info: LuaTeX not detected.
)
Package pdftexcmds Info: LuaTeX not detected.
Package pdftexcmds Info: \pdf@primitive is available.
Package pdftexcmds Info: \pdf@ifprimitive is available.
Package pdftexcmds Info: \pdfdraftmode found.
)
(/usr/local/texlive/2014/texmf-dist/tex/latex/oberdiek/epstopdf-base.sty
Package: epstopdf-base 2010/02/09 v2.5 Base part for package epstopdf

(/usr/local/texlive/2014/texmf-dist/tex/latex/oberdiek/grfext.sty
Package: grfext 2010/08/19 v1.1 Manage graphics extensions (HO)

(/usr/local/texlive/2014/texmf-dist/tex/generic/oberdiek/kvdefinekeys.sty
Package: kvdefinekeys 2011/04/07 v1.3 Define keys (HO)
))
(/usr/local/texlive/2014/texmf-dist/tex/latex/oberdiek/kvoptions.sty
Package: kvoptions 2011/06/30 v3.11 Key value format for package options (HO)

(/usr/local/texlive/2014/texmf-dist/tex/generic/oberdiek/kvsetkeys.sty
Package: kvsetkeys 2012/04/25 v1.16 Key value parser (HO)

(/usr/local/texlive/2014/texmf-dist/tex/generic/oberdiek/etexcmds.sty
Package: etexcmds 2011/02/16 v1.5 Avoid name clashes with e-TeX commands (HO)
Package etexcmds Info: Could not find \expanded.
(etexcmds)             That can mean that you are not using pdfTeX 1.50 or
(etexcmds)             that some package has redefined \expanded.
(etexcmds)             In the latter case, load this package earlier.
)))
Package grfext Info: Graphics extension search list:
(grfext)             [.png,.pdf,.jpg,.mps,.jpeg,.jbig2,.jb2,.PNG,.PDF,.JPG,.JPE
G,.JBIG2,.JB2,.eps]
(grfext)             \AppendGraphicsExtensions on input line 452.

(/usr/local/texlive/2014/texmf-dist/tex/latex/latexconfig/epstopdf-sys.cfg
File: epstopdf-sys.cfg 2010/07/13 v1.3 Configuration of (r)epstopdf for TeX Liv
e
))
Package caption Info: Begin \AtBeginDocument code.
Package caption Info: End \AtBeginDocument code.

*geometry* driver: auto-detecting
*geometry* detected driver: pdftex
*geometry* verbose mode - [ preamble ] result:
* driver: pdftex
* paper: <default>
* layout: <same size as paper>
* layoutoffset:(h,v)=(0.0pt,0.0pt)
* modes: 
* h-part:(L,W,R)=(72.26999pt, 469.75502pt, 72.26999pt)
* v-part:(T,H,B)=(72.26999pt, 650.43001pt, 72.26999pt)
* \paperwidth=614.295pt
* \paperheight=794.96999pt
* \textwidth=469.75502pt
* \textheight=650.43001pt
* \oddsidemargin=0.0pt
* \evensidemargin=0.0pt
* \topmargin=-37.0pt
* \headheight=12.0pt
* \headsep=25.0pt
* \topskip=11.0pt
* \footskip=30.0pt
* \marginparwidth=59.0pt
* \marginparsep=10.0pt
* \columnsep=10.0pt
* \skip\footins=10.0pt plus 4.0pt minus 2.0pt
* \hoffset=0.0pt
* \voffset=0.0pt
* \mag=1000
* \@twocolumnfalse
* \@twosidefalse
* \@mparswitchfalse
* \@reversemarginfalse
* (1in=72.27pt=25.4mm, 1cm=28.453pt)

LaTeX Font Info:    Try loading font information for OT1+ztmcm on input line 19
.
(/usr/local/texlive/2014/texmf-dist/tex/latex/psnfss/ot1ztmcm.fd
File: ot1ztmcm.fd 2000/01/03 Fontinst v1.801 font definitions for OT1/ztmcm.
)
LaTeX Font Info:    Try loading font information for OML+ztmcm on input line 19
.

(/usr/local/texlive/2014/texmf-dist/tex/latex/psnfss/omlztmcm.fd
File: omlztmcm.fd 2000/01/03 Fontinst v1.801 font definitions for OML/ztmcm.
)
LaTeX Font Info:    Try loading font information for OMS+ztmcm on input line 19
.

(/usr/local/texlive/2014/texmf-dist/tex/latex/psnfss/omsztmcm.fd
File: omsztmcm.fd 2000/01/03 Fontinst v1.801 font definitions for OMS/ztmcm.
)
LaTeX Font Info:    Try loading font information for OMX+ztmcm on input line 19
.

(/usr/local/texlive/2014/texmf-dist/tex/latex/psnfss/omxztmcm.fd
File: omxztmcm.fd 2000/01/03 Fontinst v1.801 font definitions for OMX/ztmcm.
)
LaTeX Font Info:    Try loading font information for U+lasy on input line 19.

(/usr/local/texlive/2014/texmf-dist/tex/latex/base/ulasy.fd
File: ulasy.fd 1998/08/17 v2.2e LaTeX symbol font definitions
)
LaTeX Font Info:    Font shape `OT1/ptm/bx/n' in size <12> not available
(Font)              Font shape `OT1/ptm/b/n' tried instead on input line 19.
LaTeX Font Info:    Font shape `OT1/ptm/bx/n' in size <9> not available
(Font)              Font shape `OT1/ptm/b/n' tried instead on input line 19.
LaTeX Font Info:    Font shape `OT1/ptm/bx/n' in size <7> not available
(Font)              Font shape `OT1/ptm/b/n' tried instead on input line 19.
LaTeX Font Info:    Font shape `OT1/ptm/bx/n' in size <14.4> not available
(Font)              Font shape `OT1/ptm/b/n' tried instead on input line 21.
LaTeX Font Info:    Font shape `OT1/ptm/bx/n' in size <10.95> not available
(Font)              Font shape `OT1/ptm/b/n' tried instead on input line 26.
LaTeX Font Info:    Font shape `OT1/ptm/bx/n' in size <8> not available
(Font)              Font shape `OT1/ptm/b/n' tried instead on input line 26.
LaTeX Font Info:    Font shape `OT1/ptm/bx/n' in size <6> not available
(Font)              Font shape `OT1/ptm/b/n' tried instead on input line 26.
 [1

{/usr/local/texlive/2014/texmf-var/fonts/map/pdftex/updmap/pdftex.map}]
LaTeX Font Info:    Try loading font information for OMS+ptm on input line 65.

(/usr/local/texlive/2014/texmf-dist/tex/latex/psnfss/omsptm.fd
File: omsptm.fd 
)
LaTeX Font Info:    Font shape `OMS/ptm/m/n' in size <10.95> not available
(Font)              Font shape `OMS/cmsy/m/n' tried instead on input line 65.
 [2]
Overfull \hbox (0.74104pt too wide) in paragraph at lines 124--125
[]\OT1/ptm/m/n/10.95 The trans-form $[]$ can also be rep-re-sented by $[][][]$,
 where $[]$ is an or-thog-o-nal ma-trix. So that $[][][][][][][] \OT1/ztmcm/m/n
/10.95 =
 []

[3]
Overfull \hbox (36.02628pt too wide) in paragraph at lines 177--177
\OT1/ztmcm/m/n/10.95 = [] [] []| \OML/ztmcm/m/it/10.95 ;[]|$ 
 []

[4]
Underfull \hbox (badness 2245) in paragraph at lines 209--209
$[] \OT1/ztmcm/m/n/10.95 = [] [] []| 
 []


Underfull \hbox (badness 2245) detected at line 209
$[] \OT1/ztmcm/m/n/10.95 = [] [] []| 
 []


Underfull \hbox (badness 2245) in paragraph at lines 209--209
$[] \OT1/ztmcm/m/n/10.95 = [] [] []| 
 []


Underfull \hbox (badness 2245) detected at line 209
$[] \OT1/ztmcm/m/n/10.95 = [] [] []| 
 []

<dalec1_obsrank.pdf, id=26, 433.62pt x 578.16pt>
File: dalec1_obsrank.pdf Graphic file (type pdf)
 <use dalec1_obsrank.pdf>
Package pdftex.def Info: dalec1_obsrank.pdf used on input line 214.
(pdftex.def)             Requested size: 234.8775pt x 313.17216pt.

[5] [6 <./dalec1_obsrank.pdf>]
<dalec2_obsrank.pdf, id=88, 433.62pt x 578.16pt>
File: dalec2_obsrank.pdf Graphic file (type pdf)
 <use dalec2_obsrank.pdf>
Package pdftex.def Info: dalec2_obsrank.pdf used on input line 277.
(pdftex.def)             Requested size: 187.89914pt x 250.53596pt.
LaTeX Font Info:    Font shape `OT1/ptm/bx/n' in size <10> not available
(Font)              Font shape `OT1/ptm/b/n' tried instead on input line 278.
LaTeX Font Info:    Font shape `OT1/ptm/bx/n' in size <7.4> not available
(Font)              Font shape `OT1/ptm/b/n' tried instead on input line 278.

<dalec2_obsrankcond.pdf, id=89, 433.62pt x 578.16pt>
File: dalec2_obsrankcond.pdf Graphic file (type pdf)

<use dalec2_obsrankcond.pdf>
Package pdftex.def Info: dalec2_obsrankcond.pdf used on input line 282.
(pdftex.def)             Requested size: 187.89914pt x 250.53596pt.
 [7]
<dalec2_obsrankcvt.pdf, id=95, 433.62pt x 578.16pt>
File: dalec2_obsrankcvt.pdf Graphic file (type pdf)

<use dalec2_obsrankcvt.pdf>
Package pdftex.def Info: dalec2_obsrankcvt.pdf used on input line 295.
(pdftex.def)             Requested size: 187.89914pt x 250.53596pt.

<dalec2_obsrankcvtcond.pdf, id=96, 433.62pt x 578.16pt>
File: dalec2_obsrankcvtcond.pdf Graphic file (type pdf)

<use dalec2_obsrankcvtcond.pdf>
Package pdftex.def Info: dalec2_obsrankcvtcond.pdf used on input line 300.
(pdftex.def)             Requested size: 187.89914pt x 250.53596pt.

<dalec2_obsrankwind.pdf, id=97, 433.62pt x 578.16pt>
File: dalec2_obsrankwind.pdf Graphic file (type pdf)

<use dalec2_obsrankwind.pdf>
Package pdftex.def Info: dalec2_obsrankwind.pdf used on input line 315.
(pdftex.def)             Requested size: 187.89914pt x 250.53596pt.

<dalec2_obsrankcondwind.pdf, id=98, 433.62pt x 578.16pt>
File: dalec2_obsrankcondwind.pdf Graphic file (type pdf)

<use dalec2_obsrankcondwind.pdf>
Package pdftex.def Info: dalec2_obsrankcondwind.pdf used on input line 320.
(pdftex.def)             Requested size: 187.89914pt x 250.53596pt.
 [8 <./dalec2_obsrank.pdf> <./dalec2_obsrankcond.pdf

pdfTeX warning: /usr/texbin/pdflatex (file ./dalec2_obsrankcond.pdf): PDF inclu
sion: multiple pdfs with page group included in a single page
>] <dalec2_obsrankcvtwind.pdf, id=167, 433.62pt x 578.16pt>
File: dalec2_obsrankcvtwind.pdf Graphic file (type pdf)

<use dalec2_obsrankcvtwind.pdf>
Package pdftex.def Info: dalec2_obsrankcvtwind.pdf used on input line 337.
(pdftex.def)             Requested size: 187.89914pt x 250.53596pt.

<dalec2_obsrankcondcvtwind.pdf, id=168, 433.62pt x 578.16pt>
File: dalec2_obsrankcondcvtwind.pdf Graphic file (type pdf)

<use dalec2_obsrankcondcvtwind.pdf>
Package pdftex.def Info: dalec2_obsrankcondcvtwind.pdf used on input line 342.
(pdftex.def)             Requested size: 187.89914pt x 250.53596pt.
 [9 <./dalec2_obsrankcvt.pdf> <./dalec2_obsrankcvtcond.pdf

pdfTeX warning: /usr/texbin/pdflatex (file ./dalec2_obsrankcvtcond.pdf): PDF in
clusion: multiple pdfs with page group included in a single page
>] [10 <./dalec2_obsrankwind.pdf> <./dalec2_obsrankcondwind.pdf

pdfTeX warning: /usr/texbin/pdflatex (file ./dalec2_obsrankcondwind.pdf): PDF i
nclusion: multiple pdfs with page group included in a single page
>] [11 <./dalec2_obsrankcvtwind.pdf> <./dalec2_obsrankcondcvtwind.pdf

pdfTeX warning: /usr/texbin/pdflatex (file ./dalec2_obsrankcondcvtwind.pdf): PD
F inclusion: multiple pdfs with page group included in a single page
>] <oregon2007SICnee.pdf, id=374, 925.05597pt x 635.97598pt>
File: oregon2007SICnee.pdf Graphic file (type pdf)

<use oregon2007SICnee.pdf>
Package pdftex.def Info: oregon2007SICnee.pdf used on input line 435.
(pdftex.def)             Requested size: 211.38832pt x 145.3301pt.

<oregon2007temp.pdf, id=375, 925.05597pt x 635.97598pt>
File: oregon2007temp.pdf Graphic file (type pdf)

<use oregon2007temp.pdf>
Package pdftex.def Info: oregon2007temp.pdf used on input line 440.
(pdftex.def)             Requested size: 211.38832pt x 145.3301pt.
 [12] [13 <./oregon2007SICnee.pdf> <./oregon2007temp.pdf

pdfTeX warning: /usr/texbin/pdflatex (file ./oregon2007temp.pdf): PDF inclusion
: multiple pdfs with page group included in a single page
>] [14] [15] <sic_succ_cf.pdf, id=466, 925.05597pt x 635.97598pt>
File: sic_succ_cf.pdf Graphic file (type pdf)

<use sic_succ_cf.pdf>
Package pdftex.def Info: sic_succ_cf.pdf used on input line 590.
(pdftex.def)             Requested size: 211.38832pt x 145.3301pt.
 <dfs_succ_cf.pdf, id=467, 925.05597pt x 635.97598pt>
File: dfs_succ_cf.pdf Graphic file (type pdf)

<use dfs_succ_cf.pdf>
Package pdftex.def Info: dfs_succ_cf.pdf used on input line 595.
(pdftex.def)             Requested size: 211.38832pt x 145.3301pt.
 <sic_succ_nee.pdf, id=468, 821.71463pt x 602.73962pt>
File: sic_succ_nee.pdf Graphic file (type pdf)

<use sic_succ_nee.pdf>
Package pdftex.def Info: sic_succ_nee.pdf used on input line 608.
(pdftex.def)             Requested size: 211.38832pt x 155.05313pt.
 <dfs_succ_nee.pdf, id=469, 822.3263pt x 602.73962pt>
File: dfs_succ_nee.pdf Graphic file (type pdf)

<use dfs_succ_nee.pdf>
Package pdftex.def Info: dfs_succ_nee.pdf used on input line 613.
(pdftex.def)             Requested size: 211.38832pt x 154.94276pt.
 [16 <./sic_succ_cf.pdf> <./dfs_succ_cf.pdf

pdfTeX warning: /usr/texbin/pdflatex (file ./dfs_succ_cf.pdf): PDF inclusion: m
ultiple pdfs with page group included in a single page
> <./sic_succ_nee.pdf

pdfTeX warning: /usr/texbin/pdflatex (file ./sic_succ_nee.pdf): PDF inclusion: 
multiple pdfs with page group included in a single page
> <./dfs_succ_nee.pdf

pdfTeX warning: /usr/texbin/pdflatex (file ./dfs_succ_nee.pdf): PDF inclusion: 
multiple pdfs with page group included in a single page
>] <sic_corr_D1.pdf, id=612, 425.10663pt x 315.09375pt>
File: sic_corr_D1.pdf Graphic file (type pdf)
 <use sic_corr_D1.pdf>
Package pdftex.def Info: sic_corr_D1.pdf used on input line 676.
(pdftex.def)             Requested size: 211.38832pt x 156.68585pt.

<dfs_corr_D1.pdf, id=613, 432.11719pt x 315.09375pt>
File: dfs_corr_D1.pdf Graphic file (type pdf)
 <use dfs_corr_D1.pdf>
Package pdftex.def Info: dfs_corr_D1.pdf used on input line 681.
(pdftex.def)             Requested size: 211.38832pt x 154.14246pt.

[17 <./sic_corr_D1.pdf> <./dfs_corr_D1.pdf

pdfTeX warning: /usr/texbin/pdflatex (file ./dfs_corr_D1.pdf): PDF inclusion: m
ultiple pdfs with page group included in a single page
>] <oregon2007SICneeD2.pdf, id=691, 925.05597pt x 635.97598pt>
File: oregon2007SICneeD2.pdf Graphic file (type pdf)

<use oregon2007SICneeD2.pdf>
Package pdftex.def Info: oregon2007SICneeD2.pdf used on input line 705.
(pdftex.def)             Requested size: 211.38832pt x 145.3301pt.
File: oregon2007temp.pdf Graphic file (type pdf)
 <use oregon2007temp.pdf>
Package pdftex.def Info: oregon2007temp.pdf used on input line 710.
(pdftex.def)             Requested size: 211.38832pt x 145.3301pt.
 (./chapter2.bbl [18 <./oregon2007SICneeD2.pdf>]
Underfull \hbox (badness 1292) in paragraph at lines 112--118
[]\OT1/ptm/m/n/10.95 D. Joyner, O. []Cert[]^^Pk, A. Meurer, and B. E. Granger. 
 Open source com-puter al-ge-bra sys-tems:
 []

[19]) [20] (./chapter2.aux)

LaTeX Warning: There were multiply-defined labels.

 ) 
Here is how much of TeX's memory you used:
 11150 strings out of 493117
 191732 string characters out of 6135433
 249136 words of memory out of 5000000
 14383 multiletter control sequences out of 15000+600000
 68494 words of font info for 162 fonts, out of 8000000 for 9000
 1141 hyphenation exceptions out of 8191
 38i,16n,43p,10387b,520s stack positions out of 5000i,500n,10000p,200000b,80000s
{/usr/local/texlive/2014/texmf-dist/fonts/enc/dvips/base/8r.enc}</usr/local/t
exlive/2014/texmf-dist/fonts/type1/public/amsfonts/cm/cmbx10.pfb></usr/local/te
xlive/2014/texmf-dist/fonts/type1/public/amsfonts/cm/cmex10.pfb></usr/local/tex
live/2014/texmf-dist/fonts/type1/public/amsfonts/cm/cmmi10.pfb></usr/local/texl
ive/2014/texmf-dist/fonts/type1/public/amsfonts/cm/cmr10.pfb></usr/local/texliv
e/2014/texmf-dist/fonts/type1/public/amsfonts/cm/cmsy10.pfb></usr/local/texlive
/2014/texmf-dist/fonts/type1/public/amsfonts/cm/cmtt10.pfb></usr/local/texlive/
2014/texmf-dist/fonts/type1/urw/symbol/usyr.pfb></usr/local/texlive/2014/texmf-
dist/fonts/type1/urw/symbol/usyr.pfb></usr/local/texlive/2014/texmf-dist/fonts/
type1/urw/times/utmb8a.pfb></usr/local/texlive/2014/texmf-dist/fonts/type1/urw/
times/utmbi8a.pfb></usr/local/texlive/2014/texmf-dist/fonts/type1/urw/times/utm
r8a.pfb></usr/local/texlive/2014/texmf-dist/fonts/type1/urw/times/utmri8a.pfb>
Output written on chapter2.pdf (20 pages, 378648 bytes).
PDF statistics:
 783 PDF objects out of 1000 (max. 8388607)
 234 compressed objects within 3 object streams
 0 named destinations out of 1000 (max. 500000)
 91 words of extra memory for PDF output out of 10000 (max. 10000000)

