This is pdfTeX, Version 3.14159265-2.6-1.40.15 (TeX Live 2014) (preloaded format=pdflatex 2015.3.29)  7 DEC 2016 08:59
entering extended mode
 restricted \write18 enabled.
 file:line:error style messages enabled.
 %&-line parsing enabled.
**agujournaltemplate_bib.tex
(./agujournaltemplate_bib.tex
LaTeX2e <2014/05/01>
Babel <3.9k> and hyphenation patterns for 78 languages loaded.
(./agujournal.cls
Document Class: agujournal 08/06/2016
(/usr/local/texlive/2014/texmf-dist/tex/latex/newtx/newtxtext.sty
Package: newtxtext 2014/04/26 v1.27

`newtxtext' v1.27, 2014/04/26 Text macros based on txfonts (msharpe)
(/usr/local/texlive/2014/texmf-dist/tex/latex/fontaxes/fontaxes.sty
Package: fontaxes 2014/03/23 v1.0d Font selection axes
LaTeX Info: Redefining \upshape on input line 29.
LaTeX Info: Redefining \itshape on input line 31.
LaTeX Info: Redefining \slshape on input line 33.
LaTeX Info: Redefining \scshape on input line 37.
)
(/usr/local/texlive/2014/texmf-dist/tex/latex/xkeyval/xkeyval.sty
Package: xkeyval 2014/05/09 v2.6d package option processing (HA)

(/usr/local/texlive/2014/texmf-dist/tex/generic/xkeyval/xkeyval.tex
\XKV@toks=\toks14
\XKV@tempa@toks=\toks15
\XKV@depth=\count79
File: xkeyval.tex 2014/05/09 v2.6d key=value parser (HA)

(/usr/local/texlive/2014/texmf-dist/tex/generic/xkeyval/keyval.tex)))
(/usr/local/texlive/2014/texmf-dist/tex/latex/etoolbox/etoolbox.sty
Package: etoolbox 2011/01/03 v2.1 e-TeX tools for LaTeX

(/usr/local/texlive/2014/texmf-dist/tex/latex/etex-pkg/etex.sty
Package: etex 1998/03/26 v2.0 eTeX basic definition package (PEB)
\et@xins=\count80
)
\etb@tempcnta=\count81
)
(/usr/local/texlive/2014/texmf-dist/tex/latex/base/fontenc.sty
Package: fontenc 2005/09/27 v1.99g Standard LaTeX package

(/usr/local/texlive/2014/texmf-dist/tex/latex/base/t1enc.def
File: t1enc.def 2005/09/27 v1.99g Standard LaTeX file
LaTeX Font Info:    Redeclaring font encoding T1 on input line 43.
))
(/usr/local/texlive/2014/texmf-dist/tex/latex/base/textcomp.sty
Package: textcomp 2005/09/27 v1.99g Standard LaTeX package
Package textcomp Info: Sub-encoding information:
(textcomp)               5 = only ISO-Adobe without \textcurrency
(textcomp)               4 = 5 + \texteuro
(textcomp)               3 = 4 + \textohm
(textcomp)               2 = 3 + \textestimated + \textcurrency
(textcomp)               1 = TS1 - \textcircled - \t
(textcomp)               0 = TS1 (full)
(textcomp)             Font families with sub-encoding setting implement
(textcomp)             only a restricted character set as indicated.
(textcomp)             Family '?' is the default used for unknown fonts.
(textcomp)             See the documentation for details.
Package textcomp Info: Setting ? sub-encoding to TS1/1 on input line 71.

(/usr/local/texlive/2014/texmf-dist/tex/latex/base/ts1enc.def
File: ts1enc.def 2001/06/05 v3.0e (jk/car/fm) Standard LaTeX file
)
LaTeX Info: Redefining \oldstylenums on input line 266.
Package textcomp Info: Setting cmr sub-encoding to TS1/0 on input line 281.
Package textcomp Info: Setting cmss sub-encoding to TS1/0 on input line 282.
Package textcomp Info: Setting cmtt sub-encoding to TS1/0 on input line 283.
Package textcomp Info: Setting cmvtt sub-encoding to TS1/0 on input line 284.
Package textcomp Info: Setting cmbr sub-encoding to TS1/0 on input line 285.
Package textcomp Info: Setting cmtl sub-encoding to TS1/0 on input line 286.
Package textcomp Info: Setting ccr sub-encoding to TS1/0 on input line 287.
Package textcomp Info: Setting ptm sub-encoding to TS1/4 on input line 288.
Package textcomp Info: Setting pcr sub-encoding to TS1/4 on input line 289.
Package textcomp Info: Setting phv sub-encoding to TS1/4 on input line 290.
Package textcomp Info: Setting ppl sub-encoding to TS1/3 on input line 291.
Package textcomp Info: Setting pag sub-encoding to TS1/4 on input line 292.
Package textcomp Info: Setting pbk sub-encoding to TS1/4 on input line 293.
Package textcomp Info: Setting pnc sub-encoding to TS1/4 on input line 294.
Package textcomp Info: Setting pzc sub-encoding to TS1/4 on input line 295.
Package textcomp Info: Setting bch sub-encoding to TS1/4 on input line 296.
Package textcomp Info: Setting put sub-encoding to TS1/5 on input line 297.
Package textcomp Info: Setting uag sub-encoding to TS1/5 on input line 298.
Package textcomp Info: Setting ugq sub-encoding to TS1/5 on input line 299.
Package textcomp Info: Setting ul8 sub-encoding to TS1/4 on input line 300.
Package textcomp Info: Setting ul9 sub-encoding to TS1/4 on input line 301.
Package textcomp Info: Setting augie sub-encoding to TS1/5 on input line 302.
Package textcomp Info: Setting dayrom sub-encoding to TS1/3 on input line 303.
Package textcomp Info: Setting dayroms sub-encoding to TS1/3 on input line 304.

Package textcomp Info: Setting pxr sub-encoding to TS1/0 on input line 305.
Package textcomp Info: Setting pxss sub-encoding to TS1/0 on input line 306.
Package textcomp Info: Setting pxtt sub-encoding to TS1/0 on input line 307.
Package textcomp Info: Setting txr sub-encoding to TS1/0 on input line 308.
Package textcomp Info: Setting txss sub-encoding to TS1/0 on input line 309.
Package textcomp Info: Setting txtt sub-encoding to TS1/0 on input line 310.
Package textcomp Info: Setting lmr sub-encoding to TS1/0 on input line 311.
Package textcomp Info: Setting lmdh sub-encoding to TS1/0 on input line 312.
Package textcomp Info: Setting lmss sub-encoding to TS1/0 on input line 313.
Package textcomp Info: Setting lmssq sub-encoding to TS1/0 on input line 314.
Package textcomp Info: Setting lmvtt sub-encoding to TS1/0 on input line 315.
Package textcomp Info: Setting qhv sub-encoding to TS1/0 on input line 316.
Package textcomp Info: Setting qag sub-encoding to TS1/0 on input line 317.
Package textcomp Info: Setting qbk sub-encoding to TS1/0 on input line 318.
Package textcomp Info: Setting qcr sub-encoding to TS1/0 on input line 319.
Package textcomp Info: Setting qcs sub-encoding to TS1/0 on input line 320.
Package textcomp Info: Setting qpl sub-encoding to TS1/0 on input line 321.
Package textcomp Info: Setting qtm sub-encoding to TS1/0 on input line 322.
Package textcomp Info: Setting qzc sub-encoding to TS1/0 on input line 323.
Package textcomp Info: Setting qhvc sub-encoding to TS1/0 on input line 324.
Package textcomp Info: Setting futs sub-encoding to TS1/4 on input line 325.
Package textcomp Info: Setting futx sub-encoding to TS1/4 on input line 326.
Package textcomp Info: Setting futj sub-encoding to TS1/4 on input line 327.
Package textcomp Info: Setting hlh sub-encoding to TS1/3 on input line 328.
Package textcomp Info: Setting hls sub-encoding to TS1/3 on input line 329.
Package textcomp Info: Setting hlst sub-encoding to TS1/3 on input line 330.
Package textcomp Info: Setting hlct sub-encoding to TS1/5 on input line 331.
Package textcomp Info: Setting hlx sub-encoding to TS1/5 on input line 332.
Package textcomp Info: Setting hlce sub-encoding to TS1/5 on input line 333.
Package textcomp Info: Setting hlcn sub-encoding to TS1/5 on input line 334.
Package textcomp Info: Setting hlcw sub-encoding to TS1/5 on input line 335.
Package textcomp Info: Setting hlcf sub-encoding to TS1/5 on input line 336.
Package textcomp Info: Setting pplx sub-encoding to TS1/3 on input line 337.
Package textcomp Info: Setting pplj sub-encoding to TS1/3 on input line 338.
Package textcomp Info: Setting ptmx sub-encoding to TS1/4 on input line 339.
Package textcomp Info: Setting ptmj sub-encoding to TS1/4 on input line 340.
))
(/usr/local/texlive/2014/texmf-dist/tex/latex/newtx/newtxmath.sty
Package: newtxmath 2014/04/26 v1.27

`newtxmath' v1.27, 2014/04/26 Math macros based on txfonts (msharpe)
(/usr/local/texlive/2014/texmf-dist/tex/latex/amsmath/amsmath.sty
Package: amsmath 2013/01/14 v2.14 AMS math features
\@mathmargin=\skip41

For additional information on amsmath, use the `?' option.
(/usr/local/texlive/2014/texmf-dist/tex/latex/amsmath/amstext.sty
Package: amstext 2000/06/29 v2.01

(/usr/local/texlive/2014/texmf-dist/tex/latex/amsmath/amsgen.sty
File: amsgen.sty 1999/11/30 v2.0
\@emptytoks=\toks16
\ex@=\dimen102
))
(/usr/local/texlive/2014/texmf-dist/tex/latex/amsmath/amsbsy.sty
Package: amsbsy 1999/11/29 v1.2d
\pmbraise@=\dimen103
)
(/usr/local/texlive/2014/texmf-dist/tex/latex/amsmath/amsopn.sty
Package: amsopn 1999/12/14 v2.01 operator names
)
\inf@bad=\count82
LaTeX Info: Redefining \frac on input line 210.
\uproot@=\count83
\leftroot@=\count84
LaTeX Info: Redefining \overline on input line 306.
\classnum@=\count85
\DOTSCASE@=\count86
LaTeX Info: Redefining \ldots on input line 378.
LaTeX Info: Redefining \dots on input line 381.
LaTeX Info: Redefining \cdots on input line 466.
\Mathstrutbox@=\box26
\strutbox@=\box27
\big@size=\dimen104
LaTeX Font Info:    Redeclaring font encoding OML on input line 566.
LaTeX Font Info:    Redeclaring font encoding OMS on input line 567.
\macc@depth=\count87
\c@MaxMatrixCols=\count88
\dotsspace@=\muskip10
\c@parentequation=\count89
\dspbrk@lvl=\count90
\tag@help=\toks17
\row@=\count91
\column@=\count92
\maxfields@=\count93
\andhelp@=\toks18
\eqnshift@=\dimen105
\alignsep@=\dimen106
\tagshift@=\dimen107
\tagwidth@=\dimen108
\totwidth@=\dimen109
\lineht@=\dimen110
\@envbody=\toks19
\multlinegap=\skip42
\multlinetaggap=\skip43
\mathdisplay@stack=\toks20
LaTeX Info: Redefining \[ on input line 2665.
LaTeX Info: Redefining \] on input line 2666.
)
(/usr/local/texlive/2014/texmf-dist/tex/generic/ifxetex/ifxetex.sty
Package: ifxetex 2010/09/12 v0.6 Provides ifxetex conditional
)
(/usr/local/texlive/2014/texmf-dist/tex/generic/oberdiek/ifluatex.sty
Package: ifluatex 2010/03/01 v1.3 Provides the ifluatex switch (HO)
Package ifluatex Info: LuaTeX not detected.
)
(/usr/local/texlive/2014/texmf-dist/tex/generic/kastrup/binhex.tex)
\tx@Isdigit=\count94
LaTeX Font Info:    Redeclaring symbol font `operators' on input line 98.
LaTeX Font Info:    Encoding `OT1' has changed to `T1' for symbol font
(Font)              `operators' in the math version `normal' on input line 98.
LaTeX Font Info:    Overwriting symbol font `operators' in version `normal'
(Font)                  OT1/cmr/m/n --> T1/ntxrx/m/n on input line 98.
LaTeX Font Info:    Encoding `OT1' has changed to `T1' for symbol font
(Font)              `operators' in the math version `bold' on input line 98.
LaTeX Font Info:    Overwriting symbol font `operators' in version `bold'
(Font)                  OT1/cmr/bx/n --> T1/ntxrx/m/n on input line 98.
LaTeX Font Info:    Overwriting symbol font `operators' in version `bold'
(Font)                  T1/ntxrx/m/n --> T1/ntxrx/b/n on input line 99.
LaTeX Font Info:    Redeclaring math alphabet \mathsf on input line 105.
LaTeX Font Info:    Overwriting math alphabet `\mathsf' in version `normal'
(Font)                  OT1/cmss/m/n --> T1/qhv/m/n on input line 105.
LaTeX Font Info:    Overwriting math alphabet `\mathsf' in version `bold'
(Font)                  OT1/cmss/bx/n --> T1/qhv/m/n on input line 105.
LaTeX Font Info:    Redeclaring math alphabet \mathit on input line 106.
LaTeX Font Info:    Overwriting math alphabet `\mathit' in version `normal'
(Font)                  OT1/cmr/m/it --> T1/ntxrx/m/it on input line 106.
LaTeX Font Info:    Overwriting math alphabet `\mathit' in version `bold'
(Font)                  OT1/cmr/bx/it --> T1/ntxrx/m/it on input line 106.
LaTeX Font Info:    Redeclaring math alphabet \mathtt on input line 107.
LaTeX Font Info:    Overwriting math alphabet `\mathtt' in version `normal'
(Font)                  OT1/cmtt/m/n --> T1/ntxtt/m/n on input line 107.
LaTeX Font Info:    Overwriting math alphabet `\mathtt' in version `bold'
(Font)                  OT1/cmtt/m/n --> T1/ntxtt/m/n on input line 107.
LaTeX Font Info:    Redeclaring math alphabet \mathbf on input line 109.
LaTeX Font Info:    Overwriting math alphabet `\mathbf' in version `normal'
(Font)                  OT1/cmr/bx/n --> T1/ntxrx/b/n on input line 109.
LaTeX Font Info:    Overwriting math alphabet `\mathbf' in version `bold'
(Font)                  OT1/cmr/bx/n --> T1/ntxrx/b/n on input line 109.
LaTeX Font Info:    Overwriting math alphabet `\mathit' in version `bold'
(Font)                  T1/ntxrx/m/it --> T1/ntxrx/b/it on input line 110.
LaTeX Font Info:    Overwriting math alphabet `\mathsf' in version `bold'
(Font)                  T1/qhv/m/n --> T1/qhv/b/n on input line 111.
LaTeX Font Info:    Overwriting math alphabet `\mathtt' in version `bold'
(Font)                  T1/ntxtt/m/n --> T1/ntxtt/b/n on input line 112.
LaTeX Font Info:    Redeclaring symbol font `letters' on input line 142.
LaTeX Font Info:    Overwriting symbol font `letters' in version `normal'
(Font)                  OML/cmm/m/it --> OML/ntxmi/m/it on input line 142.
LaTeX Font Info:    Overwriting symbol font `letters' in version `bold'
(Font)                  OML/cmm/b/it --> OML/ntxmi/m/it on input line 142.
LaTeX Font Info:    Overwriting symbol font `letters' in version `bold'
(Font)                  OML/ntxmi/m/it --> OML/ntxmi/b/it on input line 143.
\symlettersA=\mathgroup4
LaTeX Font Info:    Overwriting symbol font `lettersA' in version `bold'
(Font)                  U/ntxmia/m/it --> U/ntxmia/b/it on input line 156.
LaTeX Font Info:    Redeclaring symbol font `symbols' on input line 164.
LaTeX Font Info:    Overwriting symbol font `symbols' in version `normal'
(Font)                  OMS/cmsy/m/n --> OMS/ntxsy/m/n on input line 164.
LaTeX Font Info:    Overwriting symbol font `symbols' in version `bold'
(Font)                  OMS/cmsy/b/n --> OMS/ntxsy/m/n on input line 164.
LaTeX Font Info:    Overwriting symbol font `symbols' in version `bold'
(Font)                  OMS/ntxsy/m/n --> OMS/ntxsy/b/n on input line 165.
\symAMSa=\mathgroup5
LaTeX Font Info:    Overwriting symbol font `AMSa' in version `bold'
(Font)                  U/ntxsya/m/n --> U/ntxsya/b/n on input line 181.
\symAMSb=\mathgroup6
LaTeX Font Info:    Overwriting symbol font `AMSb' in version `bold'
(Font)                  U/ntxsyb/m/n --> U/ntxsyb/b/n on input line 190.
\symsymbolsC=\mathgroup7
LaTeX Font Info:    Overwriting symbol font `symbolsC' in version `bold'
(Font)                  U/ntxsyc/m/n --> U/ntxsyc/b/n on input line 201.
LaTeX Font Info:    Redeclaring symbol font `largesymbols' on input line 214.
LaTeX Font Info:    Encoding `OMX' has changed to `LMX' for symbol font
(Font)              `largesymbols' in the math version `normal' on input line 2
14.
LaTeX Font Info:    Overwriting symbol font `largesymbols' in version `normal'
(Font)                  OMX/cmex/m/n --> LMX/ntxexx/m/n on input line 214.
LaTeX Font Info:    Encoding `OMX' has changed to `LMX' for symbol font
(Font)              `largesymbols' in the math version `bold' on input line 214
.
LaTeX Font Info:    Overwriting symbol font `largesymbols' in version `bold'
(Font)                  OMX/cmex/m/n --> LMX/ntxexx/m/n on input line 214.
LaTeX Font Info:    Overwriting symbol font `largesymbols' in version `bold'
(Font)                  LMX/ntxexx/m/n --> LMX/ntxexx/b/n on input line 215.
\symlargesymbolsTXA=\mathgroup8
LaTeX Font Info:    Overwriting symbol font `largesymbolsTXA' in version `bold'

(Font)                  U/ntxexa/m/n --> U/ntxexa/b/n on input line 229.
LaTeX Info: Redefining \not on input line 1550.
)
(/usr/local/texlive/2014/texmf-dist/tex/latex/graphics/graphicx.sty
Package: graphicx 2014/04/25 v1.0g Enhanced LaTeX Graphics (DPC,SPQR)

(/usr/local/texlive/2014/texmf-dist/tex/latex/graphics/graphics.sty
Package: graphics 2009/02/05 v1.0o Standard LaTeX Graphics (DPC,SPQR)

(/usr/local/texlive/2014/texmf-dist/tex/latex/graphics/trig.sty
Package: trig 1999/03/16 v1.09 sin cos tan (DPC)
)
(/usr/local/texlive/2014/texmf-dist/tex/latex/latexconfig/graphics.cfg
File: graphics.cfg 2010/04/23 v1.9 graphics configuration of TeX Live
)
Package graphics Info: Driver file: pdftex.def on input line 91.

(/usr/local/texlive/2014/texmf-dist/tex/latex/pdftex-def/pdftex.def
File: pdftex.def 2011/05/27 v0.06d Graphics/color for pdfTeX

(/usr/local/texlive/2014/texmf-dist/tex/generic/oberdiek/infwarerr.sty
Package: infwarerr 2010/04/08 v1.3 Providing info/warning/error messages (HO)
)
(/usr/local/texlive/2014/texmf-dist/tex/generic/oberdiek/ltxcmds.sty
Package: ltxcmds 2011/11/09 v1.22 LaTeX kernel commands for general use (HO)
)
\Gread@gobject=\count95
))
\Gin@req@height=\dimen111
\Gin@req@width=\dimen112
)
(/usr/local/texlive/2014/texmf-dist/tex/latex/xcolor/xcolor.sty
Package: xcolor 2007/01/21 v2.11 LaTeX color extensions (UK)

(/usr/local/texlive/2014/texmf-dist/tex/latex/latexconfig/color.cfg
File: color.cfg 2007/01/18 v1.5 color configuration of teTeX/TeXLive
)
Package xcolor Info: Driver file: pdftex.def on input line 225.
Package xcolor Info: Model `cmy' substituted by `cmy0' on input line 1337.
Package xcolor Info: Model `hsb' substituted by `rgb' on input line 1341.
Package xcolor Info: Model `RGB' extended on input line 1353.
Package xcolor Info: Model `HTML' substituted by `rgb' on input line 1355.
Package xcolor Info: Model `Hsb' substituted by `hsb' on input line 1356.
Package xcolor Info: Model `tHsb' substituted by `hsb' on input line 1357.
Package xcolor Info: Model `HSB' substituted by `hsb' on input line 1358.
Package xcolor Info: Model `Gray' substituted by `gray' on input line 1359.
Package xcolor Info: Model `wave' substituted by `hsb' on input line 1360.
)
(/usr/local/texlive/2014/texmf-dist/tex/latex/lineno/lineno.sty
Package: lineno 2005/11/02 line numbers on paragraphs v4.41
\linenopenalty=\count96
\output=\toks21
\linenoprevgraf=\count97
\linenumbersep=\dimen113
\linenumberwidth=\dimen114
\c@linenumber=\count98
\c@pagewiselinenumber=\count99
\c@LN@truepage=\count100
\c@internallinenumber=\count101
\c@internallinenumbers=\count102
\quotelinenumbersep=\dimen115
\bframerule=\dimen116
\bframesep=\dimen117
\bframebox=\box28
LaTeX Info: Redefining \\ on input line 3056.
)
(/usr/local/texlive/2014/texmf-dist/tex/latex/tools/indentfirst.sty
Package: indentfirst 1995/11/23 v1.03 Indent first paragraph (DPC)
)
(/usr/local/texlive/2014/texmf-dist/tex/latex/ms/ragged2e.sty
Package: ragged2e 2009/05/21 v2.1 ragged2e Package (MS)

(/usr/local/texlive/2014/texmf-dist/tex/latex/ms/everysel.sty
Package: everysel 2011/10/28 v1.2 EverySelectfont Package (MS)
)
\CenteringLeftskip=\skip44
\RaggedLeftLeftskip=\skip45
\RaggedRightLeftskip=\skip46
\CenteringRightskip=\skip47
\RaggedLeftRightskip=\skip48
\RaggedRightRightskip=\skip49
\CenteringParfillskip=\skip50
\RaggedLeftParfillskip=\skip51
\RaggedRightParfillskip=\skip52
\JustifyingParfillskip=\skip53
\CenteringParindent=\skip54
\RaggedLeftParindent=\skip55
\RaggedRightParindent=\skip56
\JustifyingParindent=\skip57
)
(/usr/local/texlive/2014/texmf-dist/tex/latex/rotating/rotating.sty
Package: rotating 2009/03/28 v2.16a rotated objects in LaTeX

(/usr/local/texlive/2014/texmf-dist/tex/latex/base/ifthen.sty
Package: ifthen 2001/05/26 v1.1c Standard LaTeX ifthen package (DPC)
)
\c@r@tfl@t=\count103
\rotFPtop=\skip58
\rotFPbot=\skip59
\rot@float@box=\box29
\rot@mess@toks=\toks22
)
(/usr/local/texlive/2014/texmf-dist/tex/generic/ulem/ulem.sty
\UL@box=\box30
\UL@hyphenbox=\box31
\UL@skip=\skip60
\UL@hook=\toks23
\UL@height=\dimen118
\UL@pe=\count104
\UL@pixel=\dimen119
\ULC@box=\box32
Package: ulem 2012/05/18
\ULdepth=\dimen120
)
\draftskip=\count105
\c@section=\count106
\c@subsection=\count107
\c@subsubsection=\count108
\c@paragraph=\count109
\c@subparagraph=\count110
\c@figure=\count111
\c@table=\count112
\abovecaptionskip=\skip61
\belowcaptionskip=\skip62
\c@appendnum=\count113
\bibindent=\dimen121

(/usr/local/texlive/2014/texmf-dist/tex/latex/natbib/natbib.sty
Package: natbib 2010/09/13 8.31b (PWD, AO)
\bibhang=\skip63
\bibsep=\skip64
LaTeX Info: Redefining \cite on input line 694.
\c@NAT@ctr=\count114
)
\refchangenumber=\count115
\listchangenum=\count116
)
(./agujournaltemplate_bib.aux)
\openout1 = `agujournaltemplate_bib.aux'.

LaTeX Font Info:    Checking defaults for OML/ntxmi/m/it on input line 72.
LaTeX Font Info:    Try loading font information for OML+ntxmi on input line 72
.

(/usr/local/texlive/2014/texmf-dist/tex/latex/newtx/omlntxmi.fd
File: omlntxmi.fd 2012/03/22 Fontinst v1.933 font definitions for OML/ntxmi.
)
LaTeX Font Info:    ... okay on input line 72.
LaTeX Font Info:    Checking defaults for T1/cmr/m/n on input line 72.
LaTeX Font Info:    ... okay on input line 72.
LaTeX Font Info:    Checking defaults for OT1/cmr/m/n on input line 72.
LaTeX Font Info:    ... okay on input line 72.
LaTeX Font Info:    Checking defaults for OMS/ntxsy/m/n on input line 72.
LaTeX Font Info:    Try loading font information for OMS+ntxsy on input line 72
.

(/usr/local/texlive/2014/texmf-dist/tex/latex/newtx/omsntxsy.fd
File: omsntxsy.fd 2012/11/14 Fontinst v1.933 font definitions for OMS/ntxsy.
)
LaTeX Font Info:    ... okay on input line 72.
LaTeX Font Info:    Checking defaults for OMX/cmex/m/n on input line 72.
LaTeX Font Info:    ... okay on input line 72.
LaTeX Font Info:    Checking defaults for U/ntxexa/m/n on input line 72.
LaTeX Font Info:    Try loading font information for U+ntxexa on input line 72.


(/usr/local/texlive/2014/texmf-dist/tex/latex/newtx/untxexa.fd
File: untxexa.fd 2012/04/16 Fontinst v1.933 font definitions for U/ntxexa.
)
LaTeX Font Info:    ... okay on input line 72.
LaTeX Font Info:    Checking defaults for TS1/cmr/m/n on input line 72.
LaTeX Font Info:    Try loading font information for TS1+cmr on input line 72.

(/usr/local/texlive/2014/texmf-dist/tex/latex/base/ts1cmr.fd
File: ts1cmr.fd 1999/05/25 v2.5h Standard LaTeX font definitions
)
LaTeX Font Info:    ... okay on input line 72.
LaTeX Font Info:    Checking defaults for LMX/ntxexx/m/n on input line 72.
LaTeX Font Info:    ... okay on input line 72.
LaTeX Font Info:    Try loading font information for T1+ntxrx on input line 72.


(/usr/local/texlive/2014/texmf-dist/tex/latex/newtx/t1ntxrx.fd
File: t1ntxrx.fd 2012/12/25 v1.0
)
LaTeX Font Info:    Font shape `T1/ntxrx/m/n' will be
(Font)              scaled to size 10.0pt on input line 72.
\c@mv@tabular=\count117
\c@mv@boldtabular=\count118

(/usr/local/texlive/2014/texmf-dist/tex/context/base/supp-pdf.mkii
[Loading MPS to PDF converter (version 2006.09.02).]
\scratchcounter=\count119
\scratchdimen=\dimen122
\scratchbox=\box33
\nofMPsegments=\count120
\nofMParguments=\count121
\everyMPshowfont=\toks24
\MPscratchCnt=\count122
\MPscratchDim=\dimen123
\MPnumerator=\count123
\makeMPintoPDFobject=\count124
\everyMPtoPDFconversion=\toks25
) (/usr/local/texlive/2014/texmf-dist/tex/generic/oberdiek/pdftexcmds.sty
Package: pdftexcmds 2011/11/29 v0.20 Utility functions of pdfTeX for LuaTeX (HO
)

(/usr/local/texlive/2014/texmf-dist/tex/generic/oberdiek/ifpdf.sty
Package: ifpdf 2011/01/30 v2.3 Provides the ifpdf switch (HO)
Package ifpdf Info: pdfTeX in PDF mode is detected.
)
Package pdftexcmds Info: LuaTeX not detected.
Package pdftexcmds Info: \pdf@primitive is available.
Package pdftexcmds Info: \pdf@ifprimitive is available.
Package pdftexcmds Info: \pdfdraftmode found.
)
(/usr/local/texlive/2014/texmf-dist/tex/latex/oberdiek/epstopdf-base.sty
Package: epstopdf-base 2010/02/09 v2.5 Base part for package epstopdf

(/usr/local/texlive/2014/texmf-dist/tex/latex/oberdiek/grfext.sty
Package: grfext 2010/08/19 v1.1 Manage graphics extensions (HO)

(/usr/local/texlive/2014/texmf-dist/tex/generic/oberdiek/kvdefinekeys.sty
Package: kvdefinekeys 2011/04/07 v1.3 Define keys (HO)
))
(/usr/local/texlive/2014/texmf-dist/tex/latex/oberdiek/kvoptions.sty
Package: kvoptions 2011/06/30 v3.11 Key value format for package options (HO)

(/usr/local/texlive/2014/texmf-dist/tex/generic/oberdiek/kvsetkeys.sty
Package: kvsetkeys 2012/04/25 v1.16 Key value parser (HO)

(/usr/local/texlive/2014/texmf-dist/tex/generic/oberdiek/etexcmds.sty
Package: etexcmds 2011/02/16 v1.5 Avoid name clashes with e-TeX commands (HO)
Package etexcmds Info: Could not find \expanded.
(etexcmds)             That can mean that you are not using pdfTeX 1.50 or
(etexcmds)             that some package has redefined \expanded.
(etexcmds)             In the latter case, load this package earlier.
)))
Package grfext Info: Graphics extension search list:
(grfext)             [.png,.pdf,.jpg,.mps,.jpeg,.jbig2,.jb2,.PNG,.PDF,.JPG,.JPE
G,.JBIG2,.JB2,.eps]
(grfext)             \AppendGraphicsExtensions on input line 452.

(/usr/local/texlive/2014/texmf-dist/tex/latex/latexconfig/epstopdf-sys.cfg
File: epstopdf-sys.cfg 2010/07/13 v1.3 Configuration of (r)epstopdf for TeX Liv
e
))
ABD: EverySelectfont initializing macros
LaTeX Info: Redefining \selectfont on input line 72.
LaTeX Font Info:    Font shape `T1/ntxrx/m/n' will be
(Font)              scaled to size 14.4pt on input line 86.
LaTeX Font Info:    Font shape `T1/ntxrx/bx/n' will be
(Font)              scaled to size 14.4pt on input line 86.
LaTeX Font Info:    Font shape `T1/ntxrx/m/n' will be
(Font)              scaled to size 5.0pt on input line 86.
LaTeX Font Info:    Try loading font information for T1+qhv on input line 86.

(/usr/local/texlive/2014/texmf-dist/tex/latex/tex-gyre/t1qhv.fd
File: t1qhv.fd 2009/09/25 v1.2 font definition file for T1/qhv
)
LaTeX Font Info:    Font shape `T1/qhv/m/n' will be
(Font)              scaled to size 4.49997pt on input line 86.
LaTeX Font Info:    Font shape `T1/ntxrx/bx/n' will be
(Font)              scaled to size 10.0pt on input line 107.
LaTeX Font Info:    Font shape `T1/ntxrx/m/n' will be
(Font)              scaled to size 7.3pt on input line 107.
LaTeX Font Info:    Font shape `T1/ntxrx/m/n' will be
(Font)              scaled to size 5.5pt on input line 107.
LaTeX Font Info:    Try loading font information for U+ntxmia on input line 107
.

(/usr/local/texlive/2014/texmf-dist/tex/latex/newtx/untxmia.fd
File: untxmia.fd 2012/04/16 Fontinst v1.933 font definitions for U/ntxmia.
)
LaTeX Font Info:    Try loading font information for U+ntxsya on input line 107
.

(/usr/local/texlive/2014/texmf-dist/tex/latex/newtx/untxsya.fd
File: untxsya.fd 2012/04/12 Fontinst v1.933 font definitions for U/ntxsya.
)
LaTeX Font Info:    Try loading font information for U+ntxsyb on input line 107
.

(/usr/local/texlive/2014/texmf-dist/tex/latex/newtx/untxsyb.fd
File: untxsyb.fd 2012/04/12 Fontinst v1.933 font definitions for U/ntxsyb.
)
LaTeX Font Info:    Try loading font information for U+ntxsyc on input line 107
.

(/usr/local/texlive/2014/texmf-dist/tex/latex/newtx/untxsyc.fd
File: untxsyc.fd 2012/04/12 Fontinst v1.933 font definitions for U/ntxsyc.
)
LaTeX Font Info:    Font shape `T1/ntxrx/m/n' will be
(Font)              scaled to size 8.0pt on input line 115.
LaTeX Font Info:    Font shape `T1/ntxrx/m/n' will be
(Font)              scaled to size 6.2pt on input line 115.
LaTeX Font Info:    Try loading font information for T1+ntxr1 on input line 132
.

(/usr/local/texlive/2014/texmf-dist/tex/latex/newtx/t1ntxr1.fd
File: t1ntxr1.fd 2012/07/29 v1.0
)
LaTeX Font Info:    Font shape `T1/ntxr1/m/n' will be
(Font)              scaled to size 8.0pt on input line 132.
LaTeX Font Info:    Font shape `T1/ntxrx/m/n' will be
(Font)              scaled to size 9.0pt on input line 132.
LaTeX Font Info:    Try loading font information for T1+ntxtt on input line 132
.

(/usr/local/texlive/2014/texmf-dist/tex/latex/newtx/t1ntxtt.fd
File: t1ntxtt.fd 2012/04/20 v3.1
)
LaTeX Font Info:    Font shape `T1/ntxtt/m/n' will be
(Font)              scaled to size 9.0pt on input line 132.
LaTeX Font Info:    Font shape `T1/ntxrx/m/it' will be
(Font)              scaled to size 9.0pt on input line 165.
 [1{/usr/local/texlive/2014/texmf-var/fonts/map/pdftex/updmap/pdftex.map}]
LaTeX Font Info:    Font shape `T1/ntxrx/m/n' will be
(Font)              scaled to size 10.5pt on input line 199.
LaTeX Font Info:    Font shape `T1/ntxrx/bx/n' will be
(Font)              scaled to size 10.5pt on input line 199.
LaTeX Font Info:    Font shape `T1/ntxrx/m/it' will be
(Font)              scaled to size 10.0pt on input line 203.

Underfull \vbox (badness 10000) has occurred while \output is active []

 [2]
Overfull \hbox (1.2603pt too wide) in paragraph at lines 211--212
\T1/ntxrx/m/n/10 there have been many ef-forts to model the ef-fect of dis-tur-
bance on for-est ecosys-tems [\T1/ntxrx/m/it/10 Seidl 
 []


Underfull \vbox (badness 10000) has occurred while \output is active []

 [3]
Underfull \vbox (badness 10000) has occurred while \output is active []

 [4]
Overfull \hbox (10.30779pt too wide) in paragraph at lines 224--225
[]\T1/ntxrx/m/n/10 As part of the man-age-ment regime, the Straits In-clo-sure 
is sub-ject to thin-ning, whereby 
 []

LaTeX Font Info:    Font shape `T1/ntxrx/bx/it' will be
(Font)              scaled to size 10.0pt on input line 230.

Underfull \vbox (badness 10000) has occurred while \output is active []

 [5]
<thinned.pdf, id=28, 845.1575pt x 597.23125pt>
File: thinned.pdf Graphic file (type pdf)
 <use thinned.pdf>
Package pdftex.def Info: thinned.pdf used on input line 241.
(pdftex.def)             Requested size: 317.9892pt x 224.70842pt.
LaTeX Font Info:    Font shape `T1/ntxrx/bx/n' will be
(Font)              scaled to size 9.0pt on input line 242.

Underfull \hbox (badness 10000) in paragraph at lines 242--242
[]\T1/ntxrx/bx/n/9 Figure  1. \T1/ntxrx/m/n/9 Hemi-spher-i-cal pho-to-graph de-
rived LAI for the Straits In-clo-sure at 50m in-ter-vals along three
 []


Underfull \vbox (badness 10000) has occurred while \output is active []

 [6]
Underfull \hbox (badness 10000) in paragraph at lines 255--255
[]\T1/ntxrx/m/n/10 Tree den-sity
 []


Underfull \hbox (badness 10000) in paragraph at lines 255--255
[]\T1/ntxrx/m/n/10 Mean DBH
 []


Underfull \hbox (badness 10000) in paragraph at lines 255--255
[]\T1/ntxrx/m/n/10 Estimated woody biomass and
 []


Underfull \vbox (badness 10000) has occurred while \output is active []

 [7 <./thinned.pdf>]
Underfull \vbox (badness 10000) has occurred while \output is active []

 [8]
Underfull \hbox (badness 10000) in paragraph at lines 270--270
[]\T1/ntxrx/bx/n/9 Table 2. \T1/ntxrx/m/n/9 Num-ber of ob-ser-va-tions of NEE, 
NEE$[]$ and NEE$[]$ for East and West sides of the Straits
 []


Overfull \hbox (1.67pt too wide) in paragraph at lines 287--288
\T1/ntxrx/m/n/10 roots ($\OML/ntxmi/m/it/10 C[]$\T1/ntxrx/m/n/10 ), fresh leaf 
and fine root lit-ter ($\OML/ntxmi/m/it/10 C[]$\T1/ntxrx/m/n/10 ) and soil or-g
anic mat-ter and coarse woody 
 []

[9] <dalec2diag.pdf, id=49, 758.835pt x 453.695pt>
File: dalec2diag.pdf Graphic file (type pdf)
 <use dalec2diag.pdf>
Package pdftex.def Info: dalec2diag.pdf used on input line 291.
(pdftex.def)             Requested size: 238.49341pt x 142.58931pt.

Underfull \hbox (badness 10000) in paragraph at lines 292--292
[]\T1/ntxrx/bx/n/9 Figure  2. \T1/ntxrx/m/n/9 Rep-re-sen-ta-tion of the fluxes 
in the DALEC2 car-bon bal-ance model. Green ar-rows rep-re-sent C al-
 []


Underfull \hbox (badness 10000) in paragraph at lines 292--292
\T1/ntxrx/m/n/9 lo-ca-tion, pur-ple ar-rows rep-re-sent lit-ter fall and de-com
-po-si-tion fluxes, blue ar-rows rep-re-sent res-pi-ra-tion fluxes
 []


Underfull \vbox (badness 10000) has occurred while \output is active []

 [10 <./dalec2diag.pdf>]
Overfull \hbox (9.46918pt too wide) detected at line 316
\OML/ntxmi/m/it/10 NEE[] \U/ntxmia/m/it/10 = \OMS/ntxsy/m/n/10 ^^@\OML/ntxmi/m/
it/10 GPP[]\U/ntxmia/m/it/10 }\OML/ntxmi/m/it/10 C[]; \U/ntxmia/m/it/10 	~ ý \O
ML/ntxmi/m/it/10 ^^N[]f[]GPP[]\U/ntxmia/m/it/10 }\OML/ntxmi/m/it/10 C[]; \U/ntx
mia/m/it/10 	~ ý \OML/ntxmi/m/it/10 ^^N[]^^R[]C[]e[] \U/ntxmia/m/it/10 ý \OML/n
txmi/m/it/10 ^^N[]^^R[]C[]e[]
 []

[11]
Underfull \vbox (badness 10000) has occurred while \output is active []

 [12]
Underfull \vbox (badness 10000) has occurred while \output is active []

 [13]
<obs_compa.pdf, id=70, 925.05597pt x 635.97598pt>
File: obs_compa.pdf Graphic file (type pdf)
 <use obs_compa.pdf>
Package pdftex.def Info: obs_compa.pdf used on input line 366.
(pdftex.def)             Requested size: 397.48499pt x 273.27025pt.

Underfull \hbox (badness 10000) in paragraph at lines 367--367
[]\T1/ntxrx/bx/n/9 Figure  3. \T1/ntxrx/m/n/9 Ex-per-i-ment A: 2015 un-thinned 
and thinned for-est ob-ser-va-tions and model tra-jec-to-ries af-ter
 []


Underfull \hbox (badness 10000) in paragraph at lines 367--367
\T1/ntxrx/m/n/9 as-sim-i-la-tion. Blue line: model tra-jec-tory af-ter as-sim-i
-la-tion of un-thinned data, blue shad-ing: un-cer-tainty in
 []


Underfull \hbox (badness 10000) in paragraph at lines 367--367
\T1/ntxrx/m/n/9 model tra-jec-tory af-ter as-sim-i-la-tion ($\OMS/ntxsy/m/n/9 ^
^F$ \T1/ntxrx/m/n/9 1 stan-dard de-vi-a-tion), blue dots: un-thinned ob-ser-va-
tions with er-ror
 []


Underfull \hbox (badness 10000) in paragraph at lines 367--367
\T1/ntxrx/m/n/9 bars, or-ange line: model tra-jec-tory af-ter as-sim-i-la-tion 
of thinned data, or-ange shad-ing: un-cer-tainty in model
 []

<obs_compc.pdf, id=71, 925.05597pt x 635.97598pt>
File: obs_compc.pdf Graphic file (type pdf)
 <use obs_compc.pdf>
Package pdftex.def Info: obs_compc.pdf used on input line 373.
(pdftex.def)             Requested size: 397.48499pt x 273.27025pt.

Underfull \hbox (badness 10000) in paragraph at lines 374--374
[]\T1/ntxrx/bx/n/9 Figure  4. \T1/ntxrx/m/n/9 Ex-per-i-ment C: 2015 un-thinned 
and thinned for-est ob-ser-va-tions and model tra-jec-to-ries af-ter
 []


Underfull \hbox (badness 10000) in paragraph at lines 379--379
[]\T1/ntxrx/bx/n/9 Table 4. \T1/ntxrx/m/n/9 Root-mean-square er-ror of model fi
t to ob-ser-va-tions for the prior model and all ex-per-i-ments af-ter
 []


Underfull \vbox (badness 10000) has occurred while \output is active []

 [14]
<flux_part.pdf, id=75, 909.99403pt x 624.30199pt>
File: flux_part.pdf Graphic file (type pdf)
 <use flux_part.pdf>
Package pdftex.def Info: flux_part.pdf used on input line 424.
(pdftex.def)             Requested size: 397.48499pt x 272.69324pt.

Underfull \hbox (badness 10000) in paragraph at lines 425--425
[]\T1/ntxrx/bx/n/9 Figure  5. \T1/ntxrx/m/n/9 Ex-per-i-ment A & C: 2015 un-thin
ned and thinned for-est model tra-jec-to-ries for cu-mu-la-tive fluxes
 []


Underfull \hbox (badness 10000) in paragraph at lines 425--425
\T1/ntxrx/m/n/9 af-ter as-sim-i-la-tion. Solid line: cu-mu-la-tive NEE, dot-ted
 line: cu-mu-la-tive ecosys-tem res-pi-ra-tion, dashed line:
 []

<resp_partc.pdf, id=76, 910.01143pt x 623.0375pt>
File: resp_partc.pdf Graphic file (type pdf)
 <use resp_partc.pdf>
Package pdftex.def Info: resp_partc.pdf used on input line 431.
(pdftex.def)             Requested size: 397.48499pt x 272.13141pt.

Underfull \hbox (badness 10000) in paragraph at lines 432--432
[]\T1/ntxrx/bx/n/9 Figure  6. \T1/ntxrx/m/n/9 Ex-per-i-ment C: 2015 un-thinned 
and thinned for-est model tra-jec-tory for cu-mu-la-tive to-tal ecosys-
 []


Underfull \hbox (badness 10000) in paragraph at lines 432--432
\T1/ntxrx/m/n/9 tem res-pi-ra-tion af-ter as-sim-i-la-tion and its par-ti-tion-
ing be-tween to-tal au-totrophic res-pi-ra-tion and het-erotrophic
 []


Underfull \vbox (badness 10000) has occurred while \output is active []

 [15 <./obs_compa.pdf>] <xa_incc.pdf, id=172, 940.12791pt x 408.61095pt>
File: xa_incc.pdf Graphic file (type pdf)

<use xa_incc.pdf>
Package pdftex.def Info: xa_incc.pdf used on input line 439.
(pdftex.def)             Requested size: 317.9892pt x 138.20262pt.

Underfull \hbox (badness 10000) in paragraph at lines 440--440
[]\T1/ntxrx/bx/n/9 Figure  7. \T1/ntxrx/m/n/9 Ex-per-i-ment C: nor-malised anal
-y-sis (pos-te-rior model) in-cre-ment []$[]$[] for the un-thinned
 []


Underfull \vbox (badness 10000) has occurred while \output is active []

 [16 <./obs_compc.pdf>] [17] [18 <./flux_part.pdf>] [19 <./resp_partc.pdf> <./x
a_incc.pdf

pdfTeX warning: /usr/texbin/pdflatex (file ./xa_incc.pdf): PDF inclusion: multi
ple pdfs with page group included in a single page
>]
Underfull \vbox (badness 10000) has occurred while \output is active []

 [20

]
Overfull \hbox (0.78526pt too wide) in paragraph at lines 453--454
\T1/ntxrx/m/n/10 site in this pa-per) \T1/ntxrx/m/it/10 Heine-meyer et al. \T1/
ntxrx/m/n/10 [2012] showed a large 56% con-tri-bu-tion of au-totrophic 
 []


Underfull \vbox (badness 10000) has occurred while \output is active []

 [21]
Underfull \vbox (badness 10000) has occurred while \output is active []

 [22]
LaTeX Font Info:    Font shape `T1/ntxrx/m/n' will be
(Font)              scaled to size 7.0pt on input line 601.
LaTeX Font Info:    Font shape `T1/ntxrx/bx/n' will be
(Font)              scaled to size 7.0pt on input line 604.

Underfull \hbox (badness 10000) in paragraph at lines 604--604
[]\T1/ntxrx/m/n/7 Prior es-ti-mate
 []


Underfull \hbox (badness 10000) in paragraph at lines 604--604
[]\T1/ntxrx/m/n/7 Standard de-vi-a-
 []


Underfull \hbox (badness 10000) in paragraph at lines 617--617
[]\T1/ntxrx/m/n/7 Fraction of GPP al-lo-cated to la-bile car-bon
 []


Underfull \hbox (badness 10000) in paragraph at lines 625--625
[]\T1/ntxrx/m/n/7 Above and be-low ground woody car-bon pool
 []


Overfull \hbox (1.30273pt too wide) in paragraph at lines 699--701
\T1/ntxrx/m/n/10 This work was funded by the UK Nat-u-ral En-vi-ron-ment Re-sea
rch Coun-cil (NE/K00705X/1) 
 []

[23] [24] (./agujournaltemplate_bib.bbl
Underfull \vbox (badness 10000) has occurred while \output is active []

 [25

]
Underfull \vbox (badness 10000) has occurred while \output is active []

 [26]
Underfull \vbox (badness 10000) has occurred while \output is active []

 [27]
Underfull \hbox (badness 1102) in paragraph at lines 229--233
\T1/ntxrx/m/n/10 (2016), Un-der-stand-ing deep roots and their func-tions in ec
osys-tems: an ad-vo- 
 []


Underfull \vbox (badness 10000) has occurred while \output is active []

 [28]
Underfull \vbox (badness 10000) has occurred while \output is active []

 [29]
Underfull \hbox (badness 1199) in paragraph at lines 360--366
[]\T1/ntxrx/m/n/10 Zobitz, J. M., D. J. P. Moore, T. Quaife, B. H. Braswell, A.
 Berge-son, J. a. An- 
 []

) [30] (./agujournaltemplate_bib.aux) ) 
Here is how much of TeX's memory you used:
 6243 strings out of 493117
 83977 string characters out of 6135433
 163933 words of memory out of 5000000
 9479 multiletter control sequences out of 15000+600000
 93815 words of font info for 168 fonts, out of 8000000 for 9000
 1147 hyphenation exceptions out of 8191
 41i,14n,37p,2340b,413s stack positions out of 5000i,500n,10000p,200000b,80000s
{/usr/local/texlive/2014/texmf-dist/font
s/enc/dvips/base/8r.enc}{/usr/local/texlive/2014/texmf-dist/fonts/enc/dvips/tex
-gyre/q-ec.enc}</usr/local/texlive/2014/texmf-dist/fonts/type1/public/tex-gyre/
qhvr.pfb></usr/local/texlive/2014/texmf-dist/fonts/type1/public/newtx/rntxmi5.p
fb></usr/local/texlive/2014/texmf-dist/fonts/type1/public/newtx/rntxmi7.pfb></u
sr/local/texlive/2014/texmf-dist/fonts/type1/public/txfonts/rtxb.pfb></usr/loca
l/texlive/2014/texmf-dist/fonts/type1/public/txfonts/rtxi.pfb></usr/local/texli
ve/2014/texmf-dist/fonts/type1/public/txfonts/rtxmi.pfb></usr/local/texlive/201
4/texmf-dist/fonts/type1/public/newtx/rtxmi7.pfb></usr/local/texlive/2014/texmf
-dist/fonts/type1/public/txfonts/rtxr.pfb></usr/local/texlive/2014/texmf-dist/f
onts/type1/public/txfonts/t1xtt.pfb></usr/local/texlive/2014/texmf-dist/fonts/t
ype1/public/txfonts/txex.pfb></usr/local/texlive/2014/texmf-dist/fonts/type1/pu
blic/txfonts/txmia.pfb></usr/local/texlive/2014/texmf-dist/fonts/type1/public/t
xfonts/txsy.pfb></usr/local/texlive/2014/texmf-dist/fonts/type1/urw/times/utmb8
a.pfb></usr/local/texlive/2014/texmf-dist/fonts/type1/urw/times/utmbi8a.pfb></u
sr/local/texlive/2014/texmf-dist/fonts/type1/urw/times/utmr8a.pfb></usr/local/t
exlive/2014/texmf-dist/fonts/type1/urw/times/utmri8a.pfb>
Output written on agujournaltemplate_bib.pdf (30 pages, 1143884 bytes).
PDF statistics:
 555 PDF objects out of 1000 (max. 8388607)
 203 compressed objects within 3 object streams
 0 named destinations out of 1000 (max. 500000)
 36 words of extra memory for PDF output out of 10000 (max. 10000000)

